2022-04-01 15:03:11.859 | 15188     | INFO  | INIT with 6 workers.
2022-04-01 15:03:11.860 | 15188     | INFO  | WORKER-1 RUN
2022-04-01 15:03:11.861 | 15188     | INFO  | WORKER-2 RUN
2022-04-01 15:03:11.862 | 9596      | INFO  | WORKER-1 START
2022-04-01 15:03:11.862 | 15188     | INFO  | WORKER-3 RUN
2022-04-01 15:03:11.862 | 348       | INFO  | WORKER-2 START
2022-04-01 15:03:11.862 | 15188     | INFO  | WORKER-4 RUN
2022-04-01 15:03:11.862 | 6552      | INFO  | WORKER-3 START
2022-04-01 15:03:11.862 | 15188     | INFO  | WORKER-5 RUN
2022-04-01 15:03:11.863 | 25732     | INFO  | WORKER-4 START
2022-04-01 15:03:11.863 | 15188     | INFO  | WORKER-6 RUN
2022-04-01 15:03:11.863 | 6068      | INFO  | WORKER-5 START
2022-04-01 15:03:11.868 | 9596      | INFO  |  new_service 16777217
2022-04-01 15:03:11.868 | 20100     | INFO  | WORKER-6 START
2022-04-01 15:03:11.868 | 15188     | INFO  | server::run() state = 2
2022-04-01 15:03:11.874 | 9596      | WARN  | @@@  (null) (lua_service.cpp:107)
2022-04-01 15:03:11.880 | :01000001 | INFO  | start server	(main.lua:14)
2022-04-01 15:03:11.880 | :01000001 | INFO  | G:/ddd/moon_example/server_moon/lualib/?.lua;G:\ddd\moon_example\server_moon\lua\?.lua;G:\ddd\moon_example\server_moon\lua\?\init.lua;G:\ddd\moon_example\server_moon\?.lua;G:\ddd\moon_example\server_moon\?\init.lua;G:\ddd\moon_example\server_moon\..\share\lua\5.4\?.lua;G:\ddd\moon_example\server_moon\..\share\lua\5.4\?\init.lua;.\?.lua;.\?\init.lua	(main.lua:16)
2022-04-01 15:03:11.880 | :01000001 | INFO  | package.path='wmlualib/?.lua;'G:/ddd/moon_example/server_moon/lualib/?.lua;G:\ddd\moon_example\server_moon\lua\?.lua;G:\ddd\moon_example\server_moon\lua\?\init.lua;G:\ddd\moon_example\server_moon\?.lua;G:\ddd\moon_example\server_moon\?\init.lua;G:\ddd\moon_example\server_moon\..\share\lua\5.4\?.lua;G:\ddd\moon_example\server_moon\..\share\lua\5.4\?\init.lua;.\?.lua;.\?\init.lua
	(main.lua:26)
2022-04-01 15:03:11.881 | :01000001 | INFO  | [WORKER 1] new service [bootstrap]
2022-04-01 15:03:11.881 | 9596      | INFO  |  new_service 16777218
2022-04-01 15:03:11.882 | 9596      | WARN  | @@@  [string "package.path='wmlualib/?.lua;'G:/ddd/moon_exa..."]:1: <name> expected near '/' (lua_service.cpp:107)
2022-04-01 15:03:11.882 | 9596      | ERROR | lua_service::init error:
initialize [string "package.path='wmlualib/?.lua;'G:/ddd/moon_exa..."]:1: <name> expected near '/'(lua_service.cpp:108). (lua_service.cpp:126)
2022-04-01 15:03:11.882 | :01000002 | INFO  | [WORKER 1] destroy service [gate1] 
2022-04-01 15:03:11.883 | 348       | INFO  |  new_service 33554433
2022-04-01 15:03:11.883 | 348       | WARN  | @@@  [string "package.path='wmlualib/?.lua;'G:/ddd/moon_exa..."]:1: <name> expected near '/' (lua_service.cpp:107)
2022-04-01 15:03:11.883 | 348       | ERROR | lua_service::init error:
initialize [string "package.path='wmlualib/?.lua;'G:/ddd/moon_exa..."]:1: <name> expected near '/'(lua_service.cpp:108). (lua_service.cpp:126)
2022-04-01 15:03:11.883 | :02000001 | INFO  | [WORKER 2] destroy service [gate2] 
2022-04-01 15:03:11.884 | 6552      | INFO  |  new_service 50331649
2022-04-01 15:03:11.884 | 6552      | WARN  | @@@  [string "package.path='wmlualib/?.lua;'G:/ddd/moon_exa..."]:1: <name> expected near '/' (lua_service.cpp:107)
2022-04-01 15:03:11.884 | 6552      | ERROR | lua_service::init error:
initialize [string "package.path='wmlualib/?.lua;'G:/ddd/moon_exa..."]:1: <name> expected near '/'(lua_service.cpp:108). (lua_service.cpp:126)
2022-04-01 15:03:11.884 | :03000001 | INFO  | [WORKER 3] destroy service [gate3] 
2022-04-01 15:03:11.885 | 348       | INFO  |  new_service 33554434
2022-04-01 15:03:11.886 | 348       | WARN  | @@@  [string "package.path='wmlualib/?.lua;'G:/ddd/moon_exa..."]:1: <name> expected near '/' (lua_service.cpp:107)
2022-04-01 15:03:11.886 | 348       | ERROR | lua_service::init error:
initialize [string "package.path='wmlualib/?.lua;'G:/ddd/moon_exa..."]:1: <name> expected near '/'(lua_service.cpp:108). (lua_service.cpp:126)
2022-04-01 15:03:11.886 | :02000002 | INFO  | [WORKER 2] destroy service [ingate1] 
2022-04-01 15:03:11.886 | 348       | INFO  |  new_service 33554435
2022-04-01 15:03:11.887 | 348       | WARN  | @@@  [string "package.path='wmlualib/?.lua;'G:/ddd/moon_exa..."]:1: <name> expected near '/' (lua_service.cpp:107)
2022-04-01 15:03:11.887 | 348       | ERROR | lua_service::init error:
initialize [string "package.path='wmlualib/?.lua;'G:/ddd/moon_exa..."]:1: <name> expected near '/'(lua_service.cpp:108). (lua_service.cpp:126)
2022-04-01 15:03:11.887 | :02000003 | INFO  | [WORKER 2] destroy service [ingate2] 
2022-04-01 15:05:13.468 | 15188     | WARN  | Received signal code 100 (server.cpp:62)
2022-04-01 15:05:13.468 | :01000001 | INFO  | ####### remove_service	(G:/ddd/moon_example/server_moon/lualib/moon.lua:213)
2022-04-01 15:05:13.468 | :01000001 | INFO  | [WORKER 1] destroy service [bootstrap] 
2022-04-01 15:05:13.470 | 20100     | INFO  | WORKER-6 STOP
2022-04-01 15:05:13.470 | 6068      | INFO  | WORKER-5 STOP
2022-04-01 15:05:13.470 | 25732     | INFO  | WORKER-4 STOP
2022-04-01 15:05:13.471 | 6552      | INFO  | WORKER-3 STOP
2022-04-01 15:05:13.471 | 348       | INFO  | WORKER-2 STOP
2022-04-01 15:05:13.471 | 9596      | INFO  | WORKER-1 STOP
2022-04-01 15:05:13.471 | 15188     | INFO  | STOP
