2022-04-01 14:24:22.469 | 19488     | INFO  | INIT with 6 workers.
2022-04-01 14:24:22.469 | 19488     | INFO  | WORKER-1 RUN
2022-04-01 14:24:22.471 | 19488     | INFO  | WORKER-2 RUN
2022-04-01 14:24:22.471 | 12448     | INFO  | WORKER-1 START
2022-04-01 14:24:22.471 | 19488     | INFO  | WORKER-3 RUN
2022-04-01 14:24:22.471 | 22356     | INFO  | WORKER-2 START
2022-04-01 14:24:22.471 | 19488     | INFO  | WORKER-4 RUN
2022-04-01 14:24:22.471 | 21072     | INFO  | WORKER-3 START
2022-04-01 14:24:22.471 | 19488     | INFO  | WORKER-5 RUN
2022-04-01 14:24:22.471 | 19448     | INFO  | WORKER-4 START
2022-04-01 14:24:22.471 | 19488     | INFO  | WORKER-6 RUN
2022-04-01 14:24:22.472 | 10840     | INFO  | WORKER-5 START
2022-04-01 14:24:22.472 | 12448     | INFO  |  new_service 16777217
2022-04-01 14:24:22.472 | 2340      | INFO  | WORKER-6 START
2022-04-01 14:24:22.472 | 19488     | INFO  | server::run() state = 2
2022-04-01 14:24:22.485 | :01000001 | INFO  | start server	(main.lua:14)
2022-04-01 14:24:22.486 | :01000001 | INFO  | [WORKER 1] new service [bootstrap]
2022-04-01 14:24:22.486 | 12448     | INFO  |  new_service 16777218
2022-04-01 14:24:22.487 | 12448     | ERROR | lua_service::init error:
run service_gate.lua:2: module 'moon' not found:
	no field package.preload['moon']
	no file '../wmlualib/moon.lua'
	no file ''
	no file 'G:\ddd\moon_example\server_moon\moon.dll'
	no file 'G:\ddd\moon_example\server_moon\..\lib\lua\5.4\moon.dll'
	no file 'G:\ddd\moon_example\server_moon\loadall.dll'
	no file '.\moon.dll'
stack traceback:
	[C]: in function 'require'
	service_gate.lua:2: in main chunk(lua_service.cpp:109). (lua_service.cpp:124)
2022-04-01 14:24:22.487 | :01000002 | INFO  | [WORKER 1] destroy service [gate1] 
2022-04-01 14:24:22.487 | 22356     | INFO  |  new_service 33554433
2022-04-01 14:24:22.488 | 22356     | ERROR | lua_service::init error:
run service_gate.lua:2: module 'moon' not found:
	no field package.preload['moon']
	no file '../wmlualib/moon.lua'
	no file ''
	no file 'G:\ddd\moon_example\server_moon\moon.dll'
	no file 'G:\ddd\moon_example\server_moon\..\lib\lua\5.4\moon.dll'
	no file 'G:\ddd\moon_example\server_moon\loadall.dll'
	no file '.\moon.dll'
stack traceback:
	[C]: in function 'require'
	service_gate.lua:2: in main chunk(lua_service.cpp:109). (lua_service.cpp:124)
2022-04-01 14:24:22.488 | :02000001 | INFO  | [WORKER 2] destroy service [gate2] 
2022-04-01 14:24:22.488 | 21072     | INFO  |  new_service 50331649
2022-04-01 14:24:22.488 | 21072     | ERROR | lua_service::init error:
run service_gate.lua:2: module 'moon' not found:
	no field package.preload['moon']
	no file '../wmlualib/moon.lua'
	no file ''
	no file 'G:\ddd\moon_example\server_moon\moon.dll'
	no file 'G:\ddd\moon_example\server_moon\..\lib\lua\5.4\moon.dll'
	no file 'G:\ddd\moon_example\server_moon\loadall.dll'
	no file '.\moon.dll'
stack traceback:
	[C]: in function 'require'
	service_gate.lua:2: in main chunk(lua_service.cpp:109). (lua_service.cpp:124)
2022-04-01 14:24:22.488 | :03000001 | INFO  | [WORKER 3] destroy service [gate3] 
2022-04-01 14:24:22.488 | 22356     | INFO  |  new_service 33554434
2022-04-01 14:24:22.489 | 22356     | ERROR | lua_service::init error:
run service_ingate.lua:2: module 'moon' not found:
	no field package.preload['moon']
	no file '../wmlualib/moon.lua'
	no file ''
	no file 'G:\ddd\moon_example\server_moon\moon.dll'
	no file 'G:\ddd\moon_example\server_moon\..\lib\lua\5.4\moon.dll'
	no file 'G:\ddd\moon_example\server_moon\loadall.dll'
	no file '.\moon.dll'
stack traceback:
	[C]: in function 'require'
	service_ingate.lua:2: in main chunk(lua_service.cpp:109). (lua_service.cpp:124)
2022-04-01 14:24:22.489 | :02000002 | INFO  | [WORKER 2] destroy service [ingate1] 
2022-04-01 14:24:22.489 | 22356     | INFO  |  new_service 33554435
2022-04-01 14:24:22.490 | 22356     | ERROR | lua_service::init error:
run service_ingate.lua:2: module 'moon' not found:
	no field package.preload['moon']
	no file '../wmlualib/moon.lua'
	no file ''
	no file 'G:\ddd\moon_example\server_moon\moon.dll'
	no file 'G:\ddd\moon_example\server_moon\..\lib\lua\5.4\moon.dll'
	no file 'G:\ddd\moon_example\server_moon\loadall.dll'
	no file '.\moon.dll'
stack traceback:
	[C]: in function 'require'
	service_ingate.lua:2: in main chunk(lua_service.cpp:109). (lua_service.cpp:124)
2022-04-01 14:24:22.490 | :02000003 | INFO  | [WORKER 2] destroy service [ingate2] 
2022-04-01 14:24:25.929 | 19488     | WARN  | Received signal code 100 (server.cpp:62)
2022-04-01 14:24:25.929 | :01000001 | INFO  | ####### remove_service	(G:/ddd/moon_example/server_moon/lualib/moon.lua:213)
2022-04-01 14:24:25.929 | :01000001 | INFO  | [WORKER 1] destroy service [bootstrap] 
2022-04-01 14:24:25.931 | 2340      | INFO  | WORKER-6 STOP
2022-04-01 14:24:25.931 | 10840     | INFO  | WORKER-5 STOP
2022-04-01 14:24:25.931 | 19448     | INFO  | WORKER-4 STOP
2022-04-01 14:24:25.931 | 21072     | INFO  | WORKER-3 STOP
2022-04-01 14:24:25.931 | 22356     | INFO  | WORKER-2 STOP
2022-04-01 14:24:25.931 | 12448     | INFO  | WORKER-1 STOP
2022-04-01 14:24:25.931 | 19488     | INFO  | STOP
