2022-04-01 14:23:44.808 | 26356     | INFO  | INIT with 6 workers.
2022-04-01 14:23:44.808 | 26356     | INFO  | WORKER-1 RUN
2022-04-01 14:23:44.808 | 26356     | INFO  | WORKER-2 RUN
2022-04-01 14:23:44.808 | 12456     | INFO  | WORKER-1 START
2022-04-01 14:23:44.808 | 26356     | INFO  | WORKER-3 RUN
2022-04-01 14:23:44.808 | 3560      | INFO  | WORKER-2 START
2022-04-01 14:23:44.809 | 26356     | INFO  | WORKER-4 RUN
2022-04-01 14:23:44.809 | 21460     | INFO  | WORKER-3 START
2022-04-01 14:23:44.809 | 26356     | INFO  | WORKER-5 RUN
2022-04-01 14:23:44.809 | 26356     | INFO  | WORKER-6 RUN
2022-04-01 14:23:44.809 | 6000      | INFO  | WORKER-4 START
2022-04-01 14:23:44.809 | 23816     | INFO  | WORKER-5 START
2022-04-01 14:23:44.809 | 17948     | INFO  | WORKER-6 START
2022-04-01 14:23:44.809 | 12456     | INFO  |  new_service 16777217
2022-04-01 14:23:44.809 | 26356     | INFO  | server::run() state = 2
2022-04-01 14:23:44.819 | :01000001 | INFO  | start server	(main.lua:14)
2022-04-01 14:23:44.819 | :01000001 | INFO  | [WORKER 1] new service [bootstrap]
2022-04-01 14:23:44.819 | 12456     | INFO  |  new_service 16777218
2022-04-01 14:23:44.820 | 12456     | ERROR | lua_service::init error:
run service_gate.lua:2: module 'moon' not found:
	no field package.preload['moon']
	no file '../wmlualib/moon.lua'
	no file ''
	no file 'G:\ddd\moon_example\server_moon\moon.dll'
	no file 'G:\ddd\moon_example\server_moon\..\lib\lua\5.4\moon.dll'
	no file 'G:\ddd\moon_example\server_moon\loadall.dll'
	no file '.\moon.dll'
stack traceback:
	[C]: in function 'require'
	service_gate.lua:2: in main chunk(lua_service.cpp:109). (lua_service.cpp:124)
2022-04-01 14:23:44.820 | :01000002 | INFO  | [WORKER 1] destroy service [gate1] 
2022-04-01 14:23:44.820 | 3560      | INFO  |  new_service 33554433
2022-04-01 14:23:44.821 | 3560      | ERROR | lua_service::init error:
run service_gate.lua:2: module 'moon' not found:
	no field package.preload['moon']
	no file '../wmlualib/moon.lua'
	no file ''
	no file 'G:\ddd\moon_example\server_moon\moon.dll'
	no file 'G:\ddd\moon_example\server_moon\..\lib\lua\5.4\moon.dll'
	no file 'G:\ddd\moon_example\server_moon\loadall.dll'
	no file '.\moon.dll'
stack traceback:
	[C]: in function 'require'
	service_gate.lua:2: in main chunk(lua_service.cpp:109). (lua_service.cpp:124)
2022-04-01 14:23:44.821 | :02000001 | INFO  | [WORKER 2] destroy service [gate2] 
2022-04-01 14:23:44.821 | 21460     | INFO  |  new_service 50331649
2022-04-01 14:23:44.822 | 21460     | ERROR | lua_service::init error:
run service_gate.lua:2: module 'moon' not found:
	no field package.preload['moon']
	no file '../wmlualib/moon.lua'
	no file ''
	no file 'G:\ddd\moon_example\server_moon\moon.dll'
	no file 'G:\ddd\moon_example\server_moon\..\lib\lua\5.4\moon.dll'
	no file 'G:\ddd\moon_example\server_moon\loadall.dll'
	no file '.\moon.dll'
stack traceback:
	[C]: in function 'require'
	service_gate.lua:2: in main chunk(lua_service.cpp:109). (lua_service.cpp:124)
2022-04-01 14:23:44.822 | :03000001 | INFO  | [WORKER 3] destroy service [gate3] 
2022-04-01 14:23:44.822 | 3560      | INFO  |  new_service 33554434
2022-04-01 14:23:44.823 | 3560      | ERROR | lua_service::init error:
run service_ingate.lua:2: module 'moon' not found:
	no field package.preload['moon']
	no file '../wmlualib/moon.lua'
	no file ''
	no file 'G:\ddd\moon_example\server_moon\moon.dll'
	no file 'G:\ddd\moon_example\server_moon\..\lib\lua\5.4\moon.dll'
	no file 'G:\ddd\moon_example\server_moon\loadall.dll'
	no file '.\moon.dll'
stack traceback:
	[C]: in function 'require'
	service_ingate.lua:2: in main chunk(lua_service.cpp:109). (lua_service.cpp:124)
2022-04-01 14:23:44.823 | :02000002 | INFO  | [WORKER 2] destroy service [ingate1] 
2022-04-01 14:23:44.823 | 3560      | INFO  |  new_service 33554435
2022-04-01 14:23:44.824 | 3560      | ERROR | lua_service::init error:
run service_ingate.lua:2: module 'moon' not found:
	no field package.preload['moon']
	no file '../wmlualib/moon.lua'
	no file ''
	no file 'G:\ddd\moon_example\server_moon\moon.dll'
	no file 'G:\ddd\moon_example\server_moon\..\lib\lua\5.4\moon.dll'
	no file 'G:\ddd\moon_example\server_moon\loadall.dll'
	no file '.\moon.dll'
stack traceback:
	[C]: in function 'require'
	service_ingate.lua:2: in main chunk(lua_service.cpp:109). (lua_service.cpp:124)
2022-04-01 14:23:44.824 | :02000003 | INFO  | [WORKER 2] destroy service [ingate2] 
2022-04-01 14:24:20.187 | 26356     | WARN  | Received signal code 100 (server.cpp:62)
2022-04-01 14:24:20.187 | :01000001 | INFO  | ####### remove_service	(G:/ddd/moon_example/server_moon/lualib/moon.lua:213)
2022-04-01 14:24:20.187 | :01000001 | INFO  | [WORKER 1] destroy service [bootstrap] 
2022-04-01 14:24:20.189 | 17948     | INFO  | WORKER-6 STOP
2022-04-01 14:24:20.189 | 23816     | INFO  | WORKER-5 STOP
2022-04-01 14:24:20.189 | 6000      | INFO  | WORKER-4 STOP
2022-04-01 14:24:20.189 | 21460     | INFO  | WORKER-3 STOP
2022-04-01 14:24:20.189 | 3560      | INFO  | WORKER-2 STOP
2022-04-01 14:24:20.189 | 12456     | INFO  | WORKER-1 STOP
2022-04-01 14:24:20.189 | 26356     | INFO  | STOP
