2022-04-01 14:22:52.093 | 976       | INFO  | INIT with 6 workers.
2022-04-01 14:22:52.094 | 976       | INFO  | WORKER-1 RUN
2022-04-01 14:22:52.094 | 976       | INFO  | WORKER-2 RUN
2022-04-01 14:22:52.095 | 25308     | INFO  | WORKER-1 START
2022-04-01 14:22:52.095 | 976       | INFO  | WORKER-3 RUN
2022-04-01 14:22:52.095 | 4544      | INFO  | WORKER-2 START
2022-04-01 14:22:52.095 | 976       | INFO  | WORKER-4 RUN
2022-04-01 14:22:52.095 | 976       | INFO  | WORKER-5 RUN
2022-04-01 14:22:52.095 | 16804     | INFO  | WORKER-3 START
2022-04-01 14:22:52.095 | 25836     | INFO  | WORKER-4 START
2022-04-01 14:22:52.095 | 976       | INFO  | WORKER-6 RUN
2022-04-01 14:22:52.095 | 25308     | INFO  |  new_service 16777217
2022-04-01 14:22:52.096 | 14056     | INFO  | WORKER-5 START
2022-04-01 14:22:52.096 | 23820     | INFO  | WORKER-6 START
2022-04-01 14:22:52.096 | 976       | INFO  | server::run() state = 2
2022-04-01 14:22:52.108 | :01000001 | INFO  | start server	(main.lua:14)
2022-04-01 14:22:52.109 | 25308     | ERROR | lua_service::init error:
run main.lua:24: module 'server_config' not found:
	no field package.preload['server_config']
	no file '../wmlualib/server_config.lua'
	no file ''
	no file 'G:\ddd\moon_example\server_moon\server_config.dll'
	no file 'G:\ddd\moon_example\server_moon\..\lib\lua\5.4\server_config.dll'
	no file 'G:\ddd\moon_example\server_moon\loadall.dll'
	no file '.\server_config.dll'
stack traceback:
	[C]: in function 'require'
	main.lua:24: in main chunk(lua_service.cpp:109). (lua_service.cpp:124)
2022-04-01 14:22:52.109 | :01000001 | INFO  | [WORKER 1] destroy service [bootstrap] 
2022-04-01 14:22:52.110 | 23820     | INFO  | WORKER-6 STOP
2022-04-01 14:22:52.110 | 14056     | INFO  | WORKER-5 STOP
2022-04-01 14:22:52.110 | 25836     | INFO  | WORKER-4 STOP
2022-04-01 14:22:52.110 | 16804     | INFO  | WORKER-3 STOP
2022-04-01 14:22:52.110 | 4544      | INFO  | WORKER-2 STOP
2022-04-01 14:22:52.110 | 25308     | INFO  | WORKER-1 STOP
2022-04-01 14:22:52.111 | 976       | INFO  | STOP
