2022-04-01 15:46:07.174 | 25340     | INFO  | INIT with 6 workers.
2022-04-01 15:46:07.174 | 25340     | INFO  | WORKER-1 RUN
2022-04-01 15:46:07.175 | 25340     | INFO  | WORKER-2 RUN
2022-04-01 15:46:07.175 | 16196     | INFO  | WORKER-1 START
2022-04-01 15:46:07.175 | 25340     | INFO  | WORKER-3 RUN
2022-04-01 15:46:07.175 | 14132     | INFO  | WORKER-2 START
2022-04-01 15:46:07.176 | 25340     | INFO  | WORKER-4 RUN
2022-04-01 15:46:07.176 | 14604     | INFO  | WORKER-3 START
2022-04-01 15:46:07.176 | 25340     | INFO  | WORKER-5 RUN
2022-04-01 15:46:07.179 | 26212     | INFO  | WORKER-4 START
2022-04-01 15:46:07.179 | 25340     | INFO  | WORKER-6 RUN
2022-04-01 15:46:07.179 | 22308     | INFO  | WORKER-5 START
2022-04-01 15:46:07.180 | 19240     | INFO  | WORKER-6 START
2022-04-01 15:46:07.180 | 16196     | INFO  |  new_service 16777217
2022-04-01 15:46:07.180 | 25340     | INFO  | server::run() state = 2
2022-04-01 15:46:07.187 | 16196     | WARN  | @@@  package.path='G:/ddd/moon_example/server_moon/lualib/?.lua;'..package.path
 (lua_service.cpp:107)
2022-04-01 15:46:07.192 | :01000001 | INFO  | start server	(main.lua:14)
2022-04-01 15:46:07.192 | :01000001 | INFO  | package.path='G:/ddd/moon_example/server_moon/lualib/?.lua;'..package.path
	(main.lua:18)
2022-04-01 15:46:07.193 | :01000001 | INFO  | G:/ddd/moon_example/server_moon/lualib/?.lua;G:\ddd\moon_example\server_moon\lua\?.lua;G:\ddd\moon_example\server_moon\lua\?\init.lua;G:\ddd\moon_example\server_moon\?.lua;G:\ddd\moon_example\server_moon\?\init.lua;G:\ddd\moon_example\server_moon\..\share\lua\5.4\?.lua;G:\ddd\moon_example\server_moon\..\share\lua\5.4\?\init.lua;.\?.lua;.\?\init.lua	(main.lua:26)
2022-04-01 15:46:07.193 | 16196     | ERROR | lua_service::init error:
run main.lua:30: module 'server_config' not found:
	no field package.preload['server_config']
	no file './lualib/server_config.lua'
	no file './wmlualib/server_config.lua'
	no file ''
	no file 'G:\ddd\moon_example\server_moon\server_config.dll'
	no file 'G:\ddd\moon_example\server_moon\..\lib\lua\5.4\server_config.dll'
	no file 'G:\ddd\moon_example\server_moon\loadall.dll'
	no file '.\server_config.dll'
stack traceback:
	[C]: in function 'require',	 params:
	main.lua:30: in main chunk,	 params: moon = table: 000001ACFF2F97C0; p = package.path='G:/ddd/moon_example/server_moon/lualib/?.lua;'..package.path
; path = ./lualib/?.lua;./wmlualib/?.lua;(lua_service.cpp:111). (lua_service.cpp:126)
2022-04-01 15:46:07.193 | :01000001 | INFO  | [WORKER 1] destroy service [bootstrap] 
2022-04-01 15:46:07.194 | 19240     | INFO  | WORKER-6 STOP
2022-04-01 15:46:07.194 | 22308     | INFO  | WORKER-5 STOP
2022-04-01 15:46:07.194 | 26212     | INFO  | WORKER-4 STOP
2022-04-01 15:46:07.194 | 14604     | INFO  | WORKER-3 STOP
2022-04-01 15:46:07.195 | 14132     | INFO  | WORKER-2 STOP
2022-04-01 15:46:07.195 | 16196     | INFO  | WORKER-1 STOP
2022-04-01 15:46:07.195 | 25340     | INFO  | STOP
