2022-04-01 15:35:12.860 | 9488      | INFO  | INIT with 6 workers.
2022-04-01 15:35:12.860 | 9488      | INFO  | WORKER-1 RUN
2022-04-01 15:35:12.861 | 9488      | INFO  | WORKER-2 RUN
2022-04-01 15:35:12.861 | 17808     | INFO  | WORKER-1 START
2022-04-01 15:35:12.861 | 9488      | INFO  | WORKER-3 RUN
2022-04-01 15:35:12.861 | 21272     | INFO  | WORKER-2 START
2022-04-01 15:35:12.861 | 9488      | INFO  | WORKER-4 RUN
2022-04-01 15:35:12.862 | 24840     | INFO  | WORKER-3 START
2022-04-01 15:35:12.862 | 9488      | INFO  | WORKER-5 RUN
2022-04-01 15:35:12.862 | 9860      | INFO  | WORKER-4 START
2022-04-01 15:35:12.862 | 9488      | INFO  | WORKER-6 RUN
2022-04-01 15:35:12.862 | 14360     | INFO  | WORKER-5 START
2022-04-01 15:35:12.863 | 17808     | INFO  |  new_service 16777217
2022-04-01 15:35:12.863 | 25680     | INFO  | WORKER-6 START
2022-04-01 15:35:12.865 | 9488      | INFO  | server::run() state = 2
2022-04-01 15:35:12.873 | 17808     | WARN  | @@@  package.path='G:/ddd/moon_example/server_moon/lualib/?.lua;'..package.path
 (lua_service.cpp:107)
2022-04-01 15:35:12.878 | :01000001 | INFO  | start server	(main.lua:14)
2022-04-01 15:35:12.878 | :01000001 | INFO  | package.path='G:/ddd/moon_example/server_moon/lualib/?.lua;'..package.path
	(main.lua:18)
2022-04-01 15:35:12.878 | :01000001 | INFO  | ./lualib/?.lua;./wmlualib/?.lua	(main.lua:26)
2022-04-01 15:35:12.879 | 17808     | ERROR | lua_service::init error:
run main.lua:31: module 'server_config' not found:
	no field package.preload['server_config']
	no file './lualib/server_config.lua'
	no file './wmlualib/server_config.lua'
	no file ''
	no file 'G:\ddd\moon_example\server_moon\server_config.dll'
	no file 'G:\ddd\moon_example\server_moon\..\lib\lua\5.4\server_config.dll'
	no file 'G:\ddd\moon_example\server_moon\loadall.dll'
	no file '.\server_config.dll'
stack traceback:
	[C]: in function 'require',	 params:
	main.lua:31: in main chunk,	 params: moon = table: 0000022FD7DD7EB0; p = package.path='G:/ddd/moon_example/server_moon/lualib/?.lua;'..package.path
; path = ./lualib/?.lua;./wmlualib/?.lua;(lua_service.cpp:111). (lua_service.cpp:126)
2022-04-01 15:35:12.879 | :01000001 | INFO  | [WORKER 1] destroy service [bootstrap] 
2022-04-01 15:35:12.879 | 25680     | INFO  | WORKER-6 STOP
2022-04-01 15:35:12.880 | 14360     | INFO  | WORKER-5 STOP
2022-04-01 15:35:12.880 | 9860      | INFO  | WORKER-4 STOP
2022-04-01 15:35:12.880 | 24840     | INFO  | WORKER-3 STOP
2022-04-01 15:35:12.880 | 21272     | INFO  | WORKER-2 STOP
2022-04-01 15:35:12.881 | 17808     | INFO  | WORKER-1 STOP
2022-04-01 15:35:12.881 | 9488      | INFO  | STOP
