2022-04-19 14:57:57.546 | 6568      | INFO  | INIT with 6 workers.
2022-04-19 14:57:57.546 | 6568      | INFO  | WORKER-1 RUN
2022-04-19 14:57:57.547 | 6568      | INFO  | WORKER-2 RUN
2022-04-19 14:57:57.547 | 13164     | INFO  | WORKER-1 START
2022-04-19 14:57:57.547 | 6568      | INFO  | WORKER-3 RUN
2022-04-19 14:57:57.547 | 18592     | INFO  | WORKER-2 START
2022-04-19 14:57:57.547 | 6568      | INFO  | WORKER-4 RUN
2022-04-19 14:57:57.547 | 22088     | INFO  | WORKER-3 START
2022-04-19 14:57:57.548 | 6568      | INFO  | WORKER-5 RUN
2022-04-19 14:57:57.548 | 11172     | INFO  | WORKER-4 START
2022-04-19 14:57:57.548 | 6568      | INFO  | WORKER-6 RUN
2022-04-19 14:57:57.548 | 13180     | INFO  | WORKER-5 START
2022-04-19 14:57:57.548 | 13164     | INFO  |  new_service 16777217
2022-04-19 14:57:57.548 | 12188     | INFO  | WORKER-6 START
2022-04-19 14:57:57.548 | 6568      | INFO  | server::run() state = 2
2022-04-19 14:57:57.558 | :01000001 | INFO  | start server	(main.lua:13)
2022-04-19 14:57:57.558 | 18592     | INFO  |  new_service 33554433
2022-04-19 14:57:57.558 | :01000001 | INFO  | [WORKER 1] new service [bootstrap]
2022-04-19 14:57:57.566 | 18592     | ERROR | lua_service::init error:
run service_login.lua:187: bad argument #2 to 'listen' (number expected, got nil)
stack traceback:
	[C]: in function 'asio.listen',	 params:
	service_login.lua:187: in main chunk,	 params: conf = table: 0000018C7F42B370;(lua_service.cpp:109). (lua_service.cpp:124)
2022-04-19 14:57:57.566 | :02000001 | INFO  | [WORKER 2] destroy service [login1] 
2022-04-19 14:58:40.801 | 6568      | WARN  | Received signal code 100 (server.cpp:62)
2022-04-19 14:58:40.801 | :01000001 | INFO  | [WORKER 1] destroy service [bootstrap] 
2022-04-19 14:58:40.803 | 12188     | INFO  | WORKER-6 STOP
2022-04-19 14:58:40.804 | 13180     | INFO  | WORKER-5 STOP
2022-04-19 14:58:40.804 | 11172     | INFO  | WORKER-4 STOP
2022-04-19 14:58:40.804 | 22088     | INFO  | WORKER-3 STOP
2022-04-19 14:58:40.805 | 18592     | INFO  | WORKER-2 STOP
2022-04-19 14:58:40.805 | 13164     | INFO  | WORKER-1 STOP
2022-04-19 14:58:40.805 | 6568      | INFO  | STOP
