2022-04-19 16:03:31.480 | 4012      | INFO  | INIT with 6 workers.
2022-04-19 16:03:31.480 | 4012      | INFO  | WORKER-1 RUN
2022-04-19 16:03:31.481 | 4012      | INFO  | WORKER-2 RUN
2022-04-19 16:03:31.482 | 19504     | INFO  | WORKER-1 START
2022-04-19 16:03:31.482 | 4012      | INFO  | WORKER-3 RUN
2022-04-19 16:03:31.482 | 4012      | INFO  | WORKER-4 RUN
2022-04-19 16:03:31.482 | 13252     | INFO  | WORKER-2 START
2022-04-19 16:03:31.482 | 4012      | INFO  | WORKER-5 RUN
2022-04-19 16:03:31.482 | 6804      | INFO  | WORKER-3 START
2022-04-19 16:03:31.482 | 3724      | INFO  | WORKER-4 START
2022-04-19 16:03:31.482 | 4012      | INFO  | WORKER-6 RUN
2022-04-19 16:03:31.483 | 21784     | INFO  | WORKER-5 START
2022-04-19 16:03:31.483 | 19504     | INFO  |  new_service 16777217
2022-04-19 16:03:31.483 | 1372      | INFO  | WORKER-6 START
2022-04-19 16:03:31.483 | 4012      | INFO  | server::run() state = 2
2022-04-19 16:03:31.494 | :01000001 | INFO  | start server	(main.lua:13)
2022-04-19 16:03:31.494 | :01000001 | INFO  | [WORKER 1] new service [bootstrap]
2022-04-19 16:03:31.494 | 19504     | INFO  |  new_service 16777218
2022-04-19 16:03:31.501 | :01000002 | INFO  | gate server start	gate1	10.6.60.234	20520	(service_gate.lua:136)
2022-04-19 16:03:31.501 | :01000002 | INFO  | [WORKER 1] new service [gate1]
2022-04-19 16:03:31.501 | 13252     | INFO  |  new_service 33554433
2022-04-19 16:03:31.504 | :02000001 | INFO  | gate server start	gate2	10.6.60.234	20521	(service_gate.lua:136)
2022-04-19 16:03:31.504 | :02000001 | INFO  | [WORKER 2] new service [gate2]
2022-04-19 16:03:31.504 | 6804      | INFO  |  new_service 50331649
2022-04-19 16:03:31.507 | :03000001 | INFO  | gate server start	gate3	10.6.60.234	20522	(service_gate.lua:136)
2022-04-19 16:03:31.507 | :03000001 | INFO  | [WORKER 3] new service [gate3]
2022-04-19 16:03:31.507 | 3724      | INFO  |  new_service 67108865
2022-04-19 16:03:31.511 | :04000001 | INFO  | ingate server start	ingate1	127.0.0.1	20620	(service_ingate.lua:120)
2022-04-19 16:03:31.511 | :04000001 | INFO  | [WORKER 4] new service [ingate1]
2022-04-19 16:03:31.511 | 21784     | INFO  |  new_service 83886081
2022-04-19 16:03:31.514 | :05000001 | INFO  | ingate server start	ingate2	127.0.0.1	20621	(service_ingate.lua:120)
2022-04-19 16:03:31.514 | :05000001 | INFO  | [WORKER 5] new service [ingate2]
2022-04-19 16:03:34.348 | :04000001 | INFO  | accept 	6	nil	127.0.0.1:2231	2	(service_ingate.lua:61)
2022-04-19 16:03:34.348 | :04000001 | INFO  | sys	regist_server	6	login	login1	(G:\ddd\moon_example\server_moon\ingate_commands.lua:25)
2022-04-19 16:03:34.348 | :05000001 | INFO  | accept 	7	nil	127.0.0.1:2232	2	(service_ingate.lua:61)
2022-04-19 16:03:34.348 | :04000001 | INFO  | error	G:\ddd\moon_example\server_moon\ingate_commands.lua:31: attempt to index a nil value (global 'msend')
stack traceback:
	G:\ddd\moon_example\server_moon\ingate_commands.lua:31: in function 'ingate_commands.xxx',	 params:
	G:\ddd\moon_example\server_moon\ingate_commands.lua:27: in function <G:\ddd\moon_example\server_moon\ingate_commands.lua:14>,	 params: fd = 6; msg_data = table: 000001CA677CE7C0; base_name = login; name = login1; type_list = table: 000001CA677CED00;
	[C]: in function 'xpcall',	 params:
	service_ingate.lua:41: in function <service_ingate.lua:27>,	 params: fd = 6; src_msg = regist_server%{"name":"login1","base_name":"login"}; cmd = regist_server; nextpos = 15; func = function: 000001CA6778D8D0; str_data = {"name":"login1","base_name":"login"}; json_data = table: 000001CA677CE7C0;
	[C]: in function 'xpcall',	 params:
	service_ingate.lua:92: in local 'f',	 params: fd = 6; msg = userdata: 00000020D7FFF1F0; src_msg = ; index = 3; nextpos = 3; func = function: 000001CA677AF860;
	./lualib/moon\socket.lua:126: in local 'dispatch',	 params: msg = userdata: 00000020D7FFF1F0; fd = 6; sdt = 3; f = function: 000001CA677AF9A0;
	./lualib/moon.lua:431: in function <./lualib/moon.lua:392>,	 params: msg = userdata: 00000020D7FFF1F0; PTYPE = 4; p = table: 000001CA6778BA50; sender = 6; session = 0; sz = userdata: 000001CA6779DE7E; len = 54; dispatch = function: 000001CA6778B710;	(service_ingate.lua:44)
2022-04-19 16:03:34.349 | :05000001 | INFO  | sys	regist_server	7	login	login1	(G:\ddd\moon_example\server_moon\ingate_commands.lua:25)
2022-04-19 16:03:34.349 | :05000001 | INFO  | error	G:\ddd\moon_example\server_moon\ingate_commands.lua:31: attempt to index a nil value (global 'msend')
stack traceback:
	G:\ddd\moon_example\server_moon\ingate_commands.lua:31: in function 'ingate_commands.xxx',	 params:
	G:\ddd\moon_example\server_moon\ingate_commands.lua:27: in function <G:\ddd\moon_example\server_moon\ingate_commands.lua:14>,	 params: fd = 7; msg_data = table: 000001CA677CCA80; base_name = login; name = login1; type_list = table: 000001CA677CC700;
	[C]: in function 'xpcall',	 params:
	service_ingate.lua:41: in function <service_ingate.lua:27>,	 params: fd = 7; src_msg = regist_server%{"name":"login1","base_name":"login"}; cmd = regist_server; nextpos = 15; func = function: 000001CA677CF000; str_data = {"name":"login1","base_name":"login"}; json_data = table: 000001CA677CCA80;
	[C]: in function 'xpcall',	 params:
	service_ingate.lua:92: in local 'f',	 params: fd = 7; msg = userdata: 00000020D8FFF7E0; src_msg = ; index = 3; nextpos = 3; func = function: 000001CA677AEBE0;
	./lualib/moon\socket.lua:126: in local 'dispatch',	 params: msg = userdata: 00000020D8FFF7E0; fd = 7; sdt = 3; f = function: 000001CA677AE190;
	./lualib/moon.lua:431: in function <./lualib/moon.lua:392>,	 params: msg = userdata: 00000020D8FFF7E0; PTYPE = 4; p = table: 000001CA677CD3C0; sender = 7; session = 0; sz = userdata: 000001CA6779DCCE; len = 54; dispatch = function: 000001CA677CE080;	(service_ingate.lua:44)
2022-04-19 16:44:32.687 | 4012      | WARN  | Received signal code 100 (server.cpp:62)
2022-04-19 16:44:32.687 | :05000001 | INFO  | [WORKER 5] destroy service [ingate2] 
2022-04-19 16:44:32.687 | :04000001 | INFO  | [WORKER 4] destroy service [ingate1] 
2022-04-19 16:44:32.687 | :03000001 | INFO  | [WORKER 3] destroy service [gate3] 
2022-04-19 16:44:32.687 | :02000001 | INFO  | [WORKER 2] destroy service [gate2] 
2022-04-19 16:44:32.687 | :01000001 | INFO  | [WORKER 1] destroy service [bootstrap] 
2022-04-19 16:44:32.687 | :01000002 | INFO  | [WORKER 1] destroy service [gate1] 
2022-04-19 16:44:32.689 | 1372      | INFO  | WORKER-6 STOP
2022-04-19 16:44:32.689 | 21784     | INFO  | WORKER-5 STOP
2022-04-19 16:44:32.689 | 3724      | INFO  | WORKER-4 STOP
2022-04-19 16:44:32.689 | 6804      | INFO  | WORKER-3 STOP
2022-04-19 16:44:32.689 | 13252     | INFO  | WORKER-2 STOP
2022-04-19 16:44:32.689 | 19504     | INFO  | WORKER-1 STOP
2022-04-19 16:44:32.689 | 4012      | INFO  | STOP
