2022-04-01 15:48:36.625 | 14340     | INFO  | INIT with 6 workers.
2022-04-01 15:48:36.625 | 14340     | INFO  | WORKER-1 RUN
2022-04-01 15:48:36.626 | 14340     | INFO  | WORKER-2 RUN
2022-04-01 15:48:36.626 | 17912     | INFO  | WORKER-1 START
2022-04-01 15:48:36.626 | 14340     | INFO  | WORKER-3 RUN
2022-04-01 15:48:36.626 | 22472     | INFO  | WORKER-2 START
2022-04-01 15:48:36.627 | 14340     | INFO  | WORKER-4 RUN
2022-04-01 15:48:36.627 | 9844      | INFO  | WORKER-3 START
2022-04-01 15:48:36.627 | 14340     | INFO  | WORKER-5 RUN
2022-04-01 15:48:36.627 | 21136     | INFO  | WORKER-4 START
2022-04-01 15:48:36.628 | 14340     | INFO  | WORKER-6 RUN
2022-04-01 15:48:36.628 | 25020     | INFO  | WORKER-5 START
2022-04-01 15:48:36.628 | 17912     | INFO  |  new_service 16777217
2022-04-01 15:48:36.632 | 16468     | INFO  | WORKER-6 START
2022-04-01 15:48:36.632 | 14340     | INFO  | server::run() state = 2
2022-04-01 15:48:36.638 | 17912     | WARN  | @@@  package.path='G:/ddd/moon_example/server_moon/lualib/?.lua;'..package.path
 (lua_service.cpp:107)
2022-04-01 15:48:36.643 | :01000001 | INFO  | start server	(main.lua:14)
2022-04-01 15:48:36.643 | :01000001 | INFO  | package.path='G:/ddd/moon_example/server_moon/lualib/?.lua;'..package.path
	(main.lua:18)
2022-04-01 15:48:36.643 | :01000001 | INFO  | G:/ddd/moon_example/server_moon/lualib/?.lua;G:\ddd\moon_example\server_moon\lua\?.lua;G:\ddd\moon_example\server_moon\lua\?\init.lua;G:\ddd\moon_example\server_moon\?.lua;G:\ddd\moon_example\server_moon\?\init.lua;G:\ddd\moon_example\server_moon\..\share\lua\5.4\?.lua;G:\ddd\moon_example\server_moon\..\share\lua\5.4\?\init.lua;.\?.lua;.\?\init.lua	(main.lua:26)
2022-04-01 15:48:36.643 | :01000001 | INFO  | package.path='./lualib/?.lua;./wmlualib/?.lua;'..package.path
	(main.lua:31)
2022-04-01 15:48:36.644 | :01000001 | INFO  | [WORKER 1] new service [bootstrap]
2022-04-01 15:48:36.644 | 17912     | INFO  |  new_service 16777218
2022-04-01 15:48:36.646 | 17912     | WARN  | @@@  package.path='./lualib/?.lua;./wmlualib/?.lua;'..package.path
return {threadid=1,name='gate1',file='service_gate.lua',base_name='gate',base_port=20520,port=20520,host='0.0.0.0',unique=true,num=3,} (lua_service.cpp:107)
2022-04-01 15:48:36.654 | :01000002 | INFO  | ./lualib/?.lua;./wmlualib/?.lua;G:\ddd\moon_example\server_moon\lua\?.lua;G:\ddd\moon_example\server_moon\lua\?\init.lua;G:\ddd\moon_example\server_moon\?.lua;G:\ddd\moon_example\server_moon\?\init.lua;G:\ddd\moon_example\server_moon\..\share\lua\5.4\?.lua;G:\ddd\moon_example\server_moon\..\share\lua\5.4\?\init.lua;.\?.lua;.\?\init.lua	(service_gate.lua:22)
2022-04-01 15:48:36.655 | :01000002 | INFO  | gate server start	gate1	0.0.0.0	20520	(service_gate.lua:91)
2022-04-01 15:48:36.655 | :01000002 | INFO  | [WORKER 1] new service [gate1]
2022-04-01 15:48:36.655 | 22472     | INFO  |  new_service 33554433
2022-04-01 15:48:36.656 | 22472     | WARN  | @@@  package.path='./lualib/?.lua;./wmlualib/?.lua;'..package.path
return {threadid=2,name='gate2',file='service_gate.lua',base_name='gate',base_port=20520,port=20521,host='0.0.0.0',unique=true,num=3,} (lua_service.cpp:107)
2022-04-01 15:48:36.657 | :02000001 | INFO  | ./lualib/?.lua;./wmlualib/?.lua;G:\ddd\moon_example\server_moon\lua\?.lua;G:\ddd\moon_example\server_moon\lua\?\init.lua;G:\ddd\moon_example\server_moon\?.lua;G:\ddd\moon_example\server_moon\?\init.lua;G:\ddd\moon_example\server_moon\..\share\lua\5.4\?.lua;G:\ddd\moon_example\server_moon\..\share\lua\5.4\?\init.lua;.\?.lua;.\?\init.lua	(service_gate.lua:22)
2022-04-01 15:48:36.658 | :02000001 | INFO  | gate server start	gate2	0.0.0.0	20521	(service_gate.lua:91)
2022-04-01 15:48:36.658 | :02000001 | INFO  | [WORKER 2] new service [gate2]
2022-04-01 15:48:36.658 | 9844      | INFO  |  new_service 50331649
2022-04-01 15:48:36.659 | 9844      | WARN  | @@@  package.path='./lualib/?.lua;./wmlualib/?.lua;'..package.path
return {threadid=3,name='gate3',file='service_gate.lua',base_name='gate',base_port=20520,port=20522,host='0.0.0.0',unique=true,num=3,} (lua_service.cpp:107)
2022-04-01 15:48:36.661 | :03000001 | INFO  | ./lualib/?.lua;./wmlualib/?.lua;G:\ddd\moon_example\server_moon\lua\?.lua;G:\ddd\moon_example\server_moon\lua\?\init.lua;G:\ddd\moon_example\server_moon\?.lua;G:\ddd\moon_example\server_moon\?\init.lua;G:\ddd\moon_example\server_moon\..\share\lua\5.4\?.lua;G:\ddd\moon_example\server_moon\..\share\lua\5.4\?\init.lua;.\?.lua;.\?\init.lua	(service_gate.lua:22)
2022-04-01 15:48:36.661 | :03000001 | INFO  | gate server start	gate3	0.0.0.0	20522	(service_gate.lua:91)
2022-04-01 15:48:36.662 | :03000001 | INFO  | [WORKER 3] new service [gate3]
2022-04-01 15:48:36.662 | 21136     | INFO  |  new_service 67108865
2022-04-01 15:48:36.666 | 21136     | WARN  | @@@  package.path='./lualib/?.lua;./wmlualib/?.lua;'..package.path
return {name='ingate1',base_name='ingate',port=20620,num=2,file='service_ingate.lua',host='127.0.0.1',unique=true,base_port=20620,} (lua_service.cpp:107)
2022-04-01 15:48:36.670 | :04000001 | INFO  | ingate server start	ingate1	127.0.0.1	20620	(service_ingate.lua:91)
2022-04-01 15:48:36.670 | :04000001 | INFO  | [WORKER 4] new service [ingate1]
2022-04-01 15:48:36.670 | 25020     | INFO  |  new_service 83886081
2022-04-01 15:48:36.671 | 25020     | WARN  | @@@  package.path='./lualib/?.lua;./wmlualib/?.lua;'..package.path
return {name='ingate2',base_name='ingate',port=20621,num=2,file='service_ingate.lua',host='127.0.0.1',unique=true,base_port=20620,} (lua_service.cpp:107)
2022-04-01 15:48:36.673 | :05000001 | INFO  | ingate server start	ingate2	127.0.0.1	20621	(service_ingate.lua:91)
2022-04-01 15:48:36.673 | :05000001 | INFO  | [WORKER 5] new service [ingate2]
2022-04-01 15:49:22.996 | 14340     | WARN  | Received signal code 100 (server.cpp:62)
2022-04-01 15:49:22.996 | :01000001 | INFO  | ####### remove_service	(G:/ddd/moon_example/server_moon/lualib/moon.lua:213)
2022-04-01 15:49:22.996 | :03000001 | INFO  | ####### remove_service	(./lualib/moon.lua:213)
2022-04-01 15:49:22.996 | :04000001 | INFO  | ####### remove_service	(./lualib/moon.lua:213)
2022-04-01 15:49:22.996 | :05000001 | INFO  | ####### remove_service	(./lualib/moon.lua:213)
2022-04-01 15:49:22.996 | :02000001 | INFO  | ####### remove_service	(./lualib/moon.lua:213)
2022-04-01 15:49:22.996 | :01000002 | INFO  | ####### remove_service	(./lualib/moon.lua:213)
2022-04-01 15:49:22.996 | :04000001 | INFO  | [WORKER 4] destroy service [ingate1] 
2022-04-01 15:49:22.996 | :05000001 | INFO  | [WORKER 5] destroy service [ingate2] 
2022-04-01 15:49:22.996 | :03000001 | INFO  | [WORKER 3] destroy service [gate3] 
2022-04-01 15:49:22.996 | :01000001 | INFO  | [WORKER 1] destroy service [bootstrap] 
2022-04-01 15:49:22.996 | :02000001 | INFO  | [WORKER 2] destroy service [gate2] 
2022-04-01 15:49:22.998 | :01000002 | INFO  | [WORKER 1] destroy service [gate1] 
2022-04-01 15:49:22.998 | 16468     | INFO  | WORKER-6 STOP
2022-04-01 15:49:22.998 | 25020     | INFO  | WORKER-5 STOP
2022-04-01 15:49:22.998 | 21136     | INFO  | WORKER-4 STOP
2022-04-01 15:49:22.999 | 9844      | INFO  | WORKER-3 STOP
2022-04-01 15:49:22.999 | 22472     | INFO  | WORKER-2 STOP
2022-04-01 15:49:22.999 | 17912     | INFO  | WORKER-1 STOP
2022-04-01 15:49:22.999 | 14340     | INFO  | STOP
