2022-04-01 14:36:11.697 | 25908     | INFO  | INIT with 6 workers.
2022-04-01 14:36:11.697 | 25908     | INFO  | WORKER-1 RUN
2022-04-01 14:36:11.698 | 25908     | INFO  | WORKER-2 RUN
2022-04-01 14:36:11.698 | 21768     | INFO  | WORKER-1 START
2022-04-01 14:36:11.698 | 25908     | INFO  | WORKER-3 RUN
2022-04-01 14:36:11.698 | 23996     | INFO  | WORKER-2 START
2022-04-01 14:36:11.699 | 25908     | INFO  | WORKER-4 RUN
2022-04-01 14:36:11.699 | 19216     | INFO  | WORKER-3 START
2022-04-01 14:36:11.699 | 25908     | INFO  | WORKER-5 RUN
2022-04-01 14:36:11.699 | 24296     | INFO  | WORKER-4 START
2022-04-01 14:36:11.699 | 25908     | INFO  | WORKER-6 RUN
2022-04-01 14:36:11.699 | 23108     | INFO  | WORKER-5 START
2022-04-01 14:36:11.699 | 21768     | INFO  |  new_service 16777217
2022-04-01 14:36:11.699 | 11348     | INFO  | WORKER-6 START
2022-04-01 14:36:11.699 | 25908     | INFO  | server::run() state = 2
2022-04-01 14:36:11.711 | :01000001 | INFO  | start server	(main.lua:14)
2022-04-01 14:36:11.711 | :01000001 | INFO  | G:/ddd/moon_example/server_moon/lualib/?.lua;G:\ddd\moon_example\server_moon\lua\?.lua;G:\ddd\moon_example\server_moon\lua\?\init.lua;G:\ddd\moon_example\server_moon\?.lua;G:\ddd\moon_example\server_moon\?\init.lua;G:\ddd\moon_example\server_moon\..\share\lua\5.4\?.lua;G:\ddd\moon_example\server_moon\..\share\lua\5.4\?\init.lua;.\?.lua;.\?\init.lua	(main.lua:16)
2022-04-01 14:36:11.711 | :01000001 | INFO  | wmlualib/?.lua;	(main.lua:25)
2022-04-01 14:36:11.711 | 21768     | ERROR | lua_service::init error:
run main.lua:27: module 'server_config' not found:
	no field package.preload['server_config']
	no file 'wmlualib/server_config.lua'
	no file ''
	no file 'G:\ddd\moon_example\server_moon\server_config.dll'
	no file 'G:\ddd\moon_example\server_moon\..\lib\lua\5.4\server_config.dll'
	no file 'G:\ddd\moon_example\server_moon\loadall.dll'
	no file '.\server_config.dll'
stack traceback:
	[C]: in function 'require'
	main.lua:27: in main chunk(lua_service.cpp:109). (lua_service.cpp:124)
2022-04-01 14:36:11.711 | :01000001 | INFO  | [WORKER 1] destroy service [bootstrap] 
2022-04-01 14:36:11.711 | 11348     | INFO  | WORKER-6 STOP
2022-04-01 14:36:11.711 | 23108     | INFO  | WORKER-5 STOP
2022-04-01 14:36:11.712 | 24296     | INFO  | WORKER-4 STOP
2022-04-01 14:36:11.712 | 19216     | INFO  | WORKER-3 STOP
2022-04-01 14:36:11.712 | 23996     | INFO  | WORKER-2 STOP
2022-04-01 14:36:11.712 | 21768     | INFO  | WORKER-1 STOP
2022-04-01 14:36:11.712 | 25908     | INFO  | STOP
