2022-04-01 14:46:25.494 | 20180     | INFO  | INIT with 6 workers.
2022-04-01 14:46:25.495 | 20180     | INFO  | WORKER-1 RUN
2022-04-01 14:46:25.496 | 20180     | INFO  | WORKER-2 RUN
2022-04-01 14:46:25.496 | 17616     | INFO  | WORKER-1 START
2022-04-01 14:46:25.496 | 20180     | INFO  | WORKER-3 RUN
2022-04-01 14:46:25.496 | 2732      | INFO  | WORKER-2 START
2022-04-01 14:46:25.496 | 20180     | INFO  | WORKER-4 RUN
2022-04-01 14:46:25.497 | 25408     | INFO  | WORKER-3 START
2022-04-01 14:46:25.497 | 20180     | INFO  | WORKER-5 RUN
2022-04-01 14:46:25.497 | 22532     | INFO  | WORKER-4 START
2022-04-01 14:46:25.497 | 20180     | INFO  | WORKER-6 RUN
2022-04-01 14:46:25.498 | 15424     | INFO  | WORKER-5 START
2022-04-01 14:46:25.498 | 17616     | INFO  |  new_service 16777217
2022-04-01 14:46:25.498 | 21032     | INFO  | WORKER-6 START
2022-04-01 14:46:25.498 | 20180     | INFO  | server::run() state = 2
2022-04-01 14:46:25.510 | :01000001 | INFO  | start server	(main.lua:14)
2022-04-01 14:46:25.510 | :01000001 | INFO  | G:/ddd/moon_example/server_moon/lualib/?.lua;G:\ddd\moon_example\server_moon\lua\?.lua;G:\ddd\moon_example\server_moon\lua\?\init.lua;G:\ddd\moon_example\server_moon\?.lua;G:\ddd\moon_example\server_moon\?\init.lua;G:\ddd\moon_example\server_moon\..\share\lua\5.4\?.lua;G:\ddd\moon_example\server_moon\..\share\lua\5.4\?\init.lua;.\?.lua;.\?\init.lua	(main.lua:16)
2022-04-01 14:46:25.510 | :01000001 | INFO  | package.path='.\wmlualib\?.lua;G:/ddd/moon_example/server_moon/lualib/?.lua;G:\ddd\moon_example\server_moon\lua\?.lua;G:\ddd\moon_example\server_moon\lua\?\init.lua;G:\ddd\moon_example\server_moon\?.lua;G:\ddd\moon_example\server_moon\?\init.lua;G:\ddd\moon_example\server_moon\..\share\lua\5.4\?.lua;G:\ddd\moon_example\server_moon\..\share\lua\5.4\?\init.lua;.\?.lua;.\?\init.lua'	(main.lua:26)
2022-04-01 14:46:25.510 | :01000001 | INFO  | [WORKER 1] new service [bootstrap]
2022-04-01 14:46:25.510 | 17616     | INFO  |  new_service 16777218
2022-04-01 14:46:25.511 | 17616     | ERROR | lua_service::init error:
initialize [string "package.path='.\wmlualib\?.lua;G:/ddd/moon_ex..."]:1: invalid escape sequence near ''.\w'(lua_service.cpp:106). (lua_service.cpp:124)
2022-04-01 14:46:25.511 | :01000002 | INFO  | [WORKER 1] destroy service [gate1] 
2022-04-01 14:46:25.511 | 2732      | INFO  |  new_service 33554433
2022-04-01 14:46:25.511 | 2732      | ERROR | lua_service::init error:
initialize [string "package.path='.\wmlualib\?.lua;G:/ddd/moon_ex..."]:1: invalid escape sequence near ''.\w'(lua_service.cpp:106). (lua_service.cpp:124)
2022-04-01 14:46:25.511 | :02000001 | INFO  | [WORKER 2] destroy service [gate2] 
2022-04-01 14:46:25.512 | 25408     | INFO  |  new_service 50331649
2022-04-01 14:46:25.512 | 25408     | ERROR | lua_service::init error:
initialize [string "package.path='.\wmlualib\?.lua;G:/ddd/moon_ex..."]:1: invalid escape sequence near ''.\w'(lua_service.cpp:106). (lua_service.cpp:124)
2022-04-01 14:46:25.512 | :03000001 | INFO  | [WORKER 3] destroy service [gate3] 
2022-04-01 14:46:25.512 | 2732      | INFO  |  new_service 33554434
2022-04-01 14:46:25.512 | 2732      | ERROR | lua_service::init error:
initialize [string "package.path='.\wmlualib\?.lua;G:/ddd/moon_ex..."]:1: invalid escape sequence near ''.\w'(lua_service.cpp:106). (lua_service.cpp:124)
2022-04-01 14:46:25.512 | :02000002 | INFO  | [WORKER 2] destroy service [ingate1] 
2022-04-01 14:46:25.512 | 2732      | INFO  |  new_service 33554435
2022-04-01 14:46:25.513 | 2732      | ERROR | lua_service::init error:
initialize [string "package.path='.\wmlualib\?.lua;G:/ddd/moon_ex..."]:1: invalid escape sequence near ''.\w'(lua_service.cpp:106). (lua_service.cpp:124)
2022-04-01 14:46:25.513 | :02000003 | INFO  | [WORKER 2] destroy service [ingate2] 
2022-04-01 14:48:14.216 | 20180     | WARN  | Received signal code 100 (server.cpp:62)
2022-04-01 14:48:14.216 | :01000001 | INFO  | ####### remove_service	(G:/ddd/moon_example/server_moon/lualib/moon.lua:213)
2022-04-01 14:48:14.216 | :01000001 | INFO  | [WORKER 1] destroy service [bootstrap] 
2022-04-01 14:48:14.218 | 21032     | INFO  | WORKER-6 STOP
2022-04-01 14:48:14.218 | 15424     | INFO  | WORKER-5 STOP
2022-04-01 14:48:14.218 | 22532     | INFO  | WORKER-4 STOP
2022-04-01 14:48:14.218 | 25408     | INFO  | WORKER-3 STOP
2022-04-01 14:48:14.218 | 2732      | INFO  | WORKER-2 STOP
2022-04-01 14:48:14.218 | 17616     | INFO  | WORKER-1 STOP
2022-04-01 14:48:14.219 | 20180     | INFO  | STOP
