2022-04-01 15:05:28.672 | 24804     | INFO  | INIT with 6 workers.
2022-04-01 15:05:28.672 | 24804     | INFO  | WORKER-1 RUN
2022-04-01 15:05:28.673 | 24804     | INFO  | WORKER-2 RUN
2022-04-01 15:05:28.673 | 22956     | INFO  | WORKER-1 START
2022-04-01 15:05:28.673 | 24804     | INFO  | WORKER-3 RUN
2022-04-01 15:05:28.674 | 21252     | INFO  | WORKER-2 START
2022-04-01 15:05:28.674 | 24804     | INFO  | WORKER-4 RUN
2022-04-01 15:05:28.674 | 17132     | INFO  | WORKER-3 START
2022-04-01 15:05:28.675 | 24804     | INFO  | WORKER-5 RUN
2022-04-01 15:05:28.675 | 22200     | INFO  | WORKER-4 START
2022-04-01 15:05:28.675 | 24804     | INFO  | WORKER-6 RUN
2022-04-01 15:05:28.675 | 9408      | INFO  | WORKER-5 START
2022-04-01 15:05:28.675 | 22956     | INFO  |  new_service 16777217
2022-04-01 15:05:28.676 | 26284     | INFO  | WORKER-6 START
2022-04-01 15:05:28.676 | 24804     | INFO  | server::run() state = 2
2022-04-01 15:05:28.683 | 22956     | WARN  | @@@  package.path='G:/ddd/moon_example/server_moon/lualib/?.lua;'..package.path
 (lua_service.cpp:107)
2022-04-01 15:05:28.689 | :01000001 | INFO  | start server	(main.lua:14)
2022-04-01 15:05:28.689 | :01000001 | INFO  | G:/ddd/moon_example/server_moon/lualib/?.lua;G:\ddd\moon_example\server_moon\lua\?.lua;G:\ddd\moon_example\server_moon\lua\?\init.lua;G:\ddd\moon_example\server_moon\?.lua;G:\ddd\moon_example\server_moon\?\init.lua;G:\ddd\moon_example\server_moon\..\share\lua\5.4\?.lua;G:\ddd\moon_example\server_moon\..\share\lua\5.4\?\init.lua;.\?.lua;.\?\init.lua	(main.lua:16)
2022-04-01 15:05:28.689 | :01000001 | INFO  | package.path='wmlualib/?.lua;'G:/ddd/moon_example/server_moon/lualib/?.lua;G:\ddd\moon_example\server_moon\lua\?.lua;G:\ddd\moon_example\server_moon\lua\?\init.lua;G:\ddd\moon_example\server_moon\?.lua;G:\ddd\moon_example\server_moon\?\init.lua;G:\ddd\moon_example\server_moon\..\share\lua\5.4\?.lua;G:\ddd\moon_example\server_moon\..\share\lua\5.4\?\init.lua;.\?.lua;.\?\init.lua
	(main.lua:26)
2022-04-01 15:05:28.689 | :01000001 | INFO  | [WORKER 1] new service [bootstrap]
2022-04-01 15:05:28.689 | 22956     | INFO  |  new_service 16777218
2022-04-01 15:05:28.690 | 22956     | WARN  | @@@  package.path='wmlualib/?.lua;'G:/ddd/moon_example/server_moon/lualib/?.lua;G:\ddd\moon_example\server_moon\lua\?.lua;G:\ddd\moon_example\server_moon\lua\?\init.lua;G:\ddd\moon_example\server_moon\?.lua;G:\ddd\moon_example\server_moon\?\init.lua;G:\ddd\moon_example\server_moon\..\share\lua\5.4\?.lua;G:\ddd\moon_example\server_moon\..\share\lua\5.4\?\init.lua;.\?.lua;.\?\init.lua
return {num=3,port=20520,name='gate1',base_name='gate',base_port=20520,threadid=1,unique=true,host='0.0.0.0',file='service_gate.lua',} (lua_service.cpp:107)
2022-04-01 15:05:28.690 | 22956     | ERROR | lua_service::init error:
initialize [string "package.path='wmlualib/?.lua;'G:/ddd/moon_exa..."]:1: <name> expected near '/'(lua_service.cpp:108). (lua_service.cpp:126)
2022-04-01 15:05:28.690 | :01000002 | INFO  | [WORKER 1] destroy service [gate1] 
2022-04-01 15:05:28.691 | 21252     | INFO  |  new_service 33554433
2022-04-01 15:05:28.691 | 21252     | WARN  | @@@  package.path='wmlualib/?.lua;'G:/ddd/moon_example/server_moon/lualib/?.lua;G:\ddd\moon_example\server_moon\lua\?.lua;G:\ddd\moon_example\server_moon\lua\?\init.lua;G:\ddd\moon_example\server_moon\?.lua;G:\ddd\moon_example\server_moon\?\init.lua;G:\ddd\moon_example\server_moon\..\share\lua\5.4\?.lua;G:\ddd\moon_example\server_moon\..\share\lua\5.4\?\init.lua;.\?.lua;.\?\init.lua
return {num=3,port=20521,name='gate2',base_name='gate',base_port=20520,threadid=2,unique=true,host='0.0.0.0',file='service_gate.lua',} (lua_service.cpp:107)
2022-04-01 15:05:28.691 | 21252     | ERROR | lua_service::init error:
initialize [string "package.path='wmlualib/?.lua;'G:/ddd/moon_exa..."]:1: <name> expected near '/'(lua_service.cpp:108). (lua_service.cpp:126)
2022-04-01 15:05:28.691 | :02000001 | INFO  | [WORKER 2] destroy service [gate2] 
2022-04-01 15:05:28.692 | 17132     | INFO  |  new_service 50331649
2022-04-01 15:05:28.692 | 17132     | WARN  | @@@  package.path='wmlualib/?.lua;'G:/ddd/moon_example/server_moon/lualib/?.lua;G:\ddd\moon_example\server_moon\lua\?.lua;G:\ddd\moon_example\server_moon\lua\?\init.lua;G:\ddd\moon_example\server_moon\?.lua;G:\ddd\moon_example\server_moon\?\init.lua;G:\ddd\moon_example\server_moon\..\share\lua\5.4\?.lua;G:\ddd\moon_example\server_moon\..\share\lua\5.4\?\init.lua;.\?.lua;.\?\init.lua
return {num=3,port=20522,name='gate3',base_name='gate',base_port=20520,threadid=3,unique=true,host='0.0.0.0',file='service_gate.lua',} (lua_service.cpp:107)
2022-04-01 15:05:28.692 | 17132     | ERROR | lua_service::init error:
initialize [string "package.path='wmlualib/?.lua;'G:/ddd/moon_exa..."]:1: <name> expected near '/'(lua_service.cpp:108). (lua_service.cpp:126)
2022-04-01 15:05:28.692 | :03000001 | INFO  | [WORKER 3] destroy service [gate3] 
2022-04-01 15:05:28.693 | 21252     | INFO  |  new_service 33554434
2022-04-01 15:05:28.694 | 21252     | WARN  | @@@  package.path='wmlualib/?.lua;'G:/ddd/moon_example/server_moon/lualib/?.lua;G:\ddd\moon_example\server_moon\lua\?.lua;G:\ddd\moon_example\server_moon\lua\?\init.lua;G:\ddd\moon_example\server_moon\?.lua;G:\ddd\moon_example\server_moon\?\init.lua;G:\ddd\moon_example\server_moon\..\share\lua\5.4\?.lua;G:\ddd\moon_example\server_moon\..\share\lua\5.4\?\init.lua;.\?.lua;.\?\init.lua
return {name='ingate1',base_name='ingate',base_port=20620,num=2,port=20620,unique=true,host='127.0.0.1',file='service_ingate.lua',} (lua_service.cpp:107)
2022-04-01 15:05:28.694 | 21252     | ERROR | lua_service::init error:
initialize [string "package.path='wmlualib/?.lua;'G:/ddd/moon_exa..."]:1: <name> expected near '/'(lua_service.cpp:108). (lua_service.cpp:126)
2022-04-01 15:05:28.695 | :02000002 | INFO  | [WORKER 2] destroy service [ingate1] 
2022-04-01 15:05:28.695 | 21252     | INFO  |  new_service 33554435
2022-04-01 15:05:28.696 | 21252     | WARN  | @@@  package.path='wmlualib/?.lua;'G:/ddd/moon_example/server_moon/lualib/?.lua;G:\ddd\moon_example\server_moon\lua\?.lua;G:\ddd\moon_example\server_moon\lua\?\init.lua;G:\ddd\moon_example\server_moon\?.lua;G:\ddd\moon_example\server_moon\?\init.lua;G:\ddd\moon_example\server_moon\..\share\lua\5.4\?.lua;G:\ddd\moon_example\server_moon\..\share\lua\5.4\?\init.lua;.\?.lua;.\?\init.lua
return {name='ingate2',base_name='ingate',base_port=20620,num=2,port=20621,unique=true,host='127.0.0.1',file='service_ingate.lua',} (lua_service.cpp:107)
2022-04-01 15:05:28.696 | 21252     | ERROR | lua_service::init error:
initialize [string "package.path='wmlualib/?.lua;'G:/ddd/moon_exa..."]:1: <name> expected near '/'(lua_service.cpp:108). (lua_service.cpp:126)
2022-04-01 15:05:28.696 | :02000003 | INFO  | [WORKER 2] destroy service [ingate2] 
2022-04-01 15:05:41.466 | 24804     | WARN  | Received signal code 100 (server.cpp:62)
2022-04-01 15:05:41.466 | :01000001 | INFO  | ####### remove_service	(G:/ddd/moon_example/server_moon/lualib/moon.lua:213)
2022-04-01 15:05:41.466 | :01000001 | INFO  | [WORKER 1] destroy service [bootstrap] 
2022-04-01 15:05:41.468 | 26284     | INFO  | WORKER-6 STOP
2022-04-01 15:05:41.468 | 9408      | INFO  | WORKER-5 STOP
2022-04-01 15:05:41.469 | 22200     | INFO  | WORKER-4 STOP
2022-04-01 15:05:41.469 | 17132     | INFO  | WORKER-3 STOP
2022-04-01 15:05:41.469 | 21252     | INFO  | WORKER-2 STOP
2022-04-01 15:05:41.469 | 22956     | INFO  | WORKER-1 STOP
2022-04-01 15:05:41.469 | 24804     | INFO  | STOP
