2022-04-12 17:54:20.431 | 11540     | INFO  | INIT with 6 workers.
2022-04-12 17:54:20.432 | 11540     | INFO  | WORKER-1 RUN
2022-04-12 17:54:20.432 | 11540     | INFO  | WORKER-2 RUN
2022-04-12 17:54:20.433 | 14032     | INFO  | WORKER-1 START
2022-04-12 17:54:20.433 | 11540     | INFO  | WORKER-3 RUN
2022-04-12 17:54:20.433 | 19144     | INFO  | WORKER-2 START
2022-04-12 17:54:20.433 | 11540     | INFO  | WORKER-4 RUN
2022-04-12 17:54:20.433 | 11540     | INFO  | WORKER-5 RUN
2022-04-12 17:54:20.433 | 21436     | INFO  | WORKER-3 START
2022-04-12 17:54:20.434 | 20516     | INFO  | WORKER-4 START
2022-04-12 17:54:20.434 | 11540     | INFO  | WORKER-6 RUN
2022-04-12 17:54:20.434 | 14592     | INFO  | WORKER-5 START
2022-04-12 17:54:20.435 | 25652     | INFO  | WORKER-6 START
2022-04-12 17:54:20.435 | 14032     | INFO  |  new_service 16777217
2022-04-12 17:54:20.435 | 11540     | INFO  | server::run() state = 2
2022-04-12 17:54:20.441 | 14032     | WARN  | @@@  package.path='G:/ddd/moon_example/server_moon/lualib/?.lua;'..package.path
 (lua_service.cpp:107)
2022-04-12 17:54:20.448 | :01000001 | INFO  | start server	(main.lua:13)
2022-04-12 17:54:20.449 | :01000001 | INFO  | [WORKER 1] new service [bootstrap]
2022-04-12 17:54:20.449 | 14032     | INFO  |  new_service 16777218
2022-04-12 17:54:20.450 | 14032     | WARN  | @@@  package.path='./lualib/?.lua;./wmlualib/?.lua;'..package.path
return {name='gate1',threadid=1,base_port=20520,host='0.0.0.0',port=20520,num=3,file='service_gate.lua',unique=true,base_name='gate',} (lua_service.cpp:107)
2022-04-12 17:54:20.461 | :01000002 | INFO  | gate server start	gate1	0.0.0.0	20520	(service_gate.lua:118)
2022-04-12 17:54:20.462 | :01000002 | INFO  | [WORKER 1] new service [gate1]
2022-04-12 17:54:20.462 | 19144     | INFO  |  new_service 33554433
2022-04-12 17:54:20.463 | 19144     | WARN  | @@@  package.path='./lualib/?.lua;./wmlualib/?.lua;'..package.path
return {name='gate2',threadid=2,base_port=20520,host='0.0.0.0',port=20521,num=3,file='service_gate.lua',unique=true,base_name='gate',} (lua_service.cpp:107)
2022-04-12 17:54:20.465 | :02000001 | INFO  | gate server start	gate2	0.0.0.0	20521	(service_gate.lua:118)
2022-04-12 17:54:20.465 | :02000001 | INFO  | [WORKER 2] new service [gate2]
2022-04-12 17:54:20.466 | 21436     | INFO  |  new_service 50331649
2022-04-12 17:54:20.466 | 21436     | WARN  | @@@  package.path='./lualib/?.lua;./wmlualib/?.lua;'..package.path
return {name='gate3',threadid=3,base_port=20520,host='0.0.0.0',port=20522,num=3,file='service_gate.lua',unique=true,base_name='gate',} (lua_service.cpp:107)
2022-04-12 17:54:20.469 | :03000001 | INFO  | gate server start	gate3	0.0.0.0	20522	(service_gate.lua:118)
2022-04-12 17:54:20.469 | :03000001 | INFO  | [WORKER 3] new service [gate3]
2022-04-12 17:54:20.470 | 20516     | INFO  |  new_service 67108865
2022-04-12 17:54:20.471 | 20516     | WARN  | @@@  package.path='./lualib/?.lua;./wmlualib/?.lua;'..package.path
return {name='ingate1',unique=true,base_port=20620,file='service_ingate.lua',host='127.0.0.1',port=20620,num=2,base_name='ingate',} (lua_service.cpp:107)
2022-04-12 17:54:20.476 | 20516     | ERROR | lua_service::init error:
run G:\ddd\moon_example\server_moon\ingate_commands.lua:3: module 'memorydata' not found:
	no field package.preload['memorydata']
	no file './lualib/memorydata.lua'
	no file './wmlualib/memorydata.lua'
	no file 'G:\ddd\moon_example\server_moon\lua\memorydata.lua'
	no file 'G:\ddd\moon_example\server_moon\lua\memorydata\init.lua'
	no file 'G:\ddd\moon_example\server_moon\memorydata.lua'
	no file 'G:\ddd\moon_example\server_moon\memorydata\init.lua'
	no file 'G:\ddd\moon_example\server_moon\..\share\lua\5.4\memorydata.lua'
	no file 'G:\ddd\moon_example\server_moon\..\share\lua\5.4\memorydata\init.lua'
	no file '.\memorydata.lua'
	no file '.\memorydata\init.lua'
	no file 'G:\ddd\moon_example\server_moon\memorydata.dll'
	no file 'G:\ddd\moon_example\server_moon\..\lib\lua\5.4\memorydata.dll'
	no file 'G:\ddd\moon_example\server_moon\loadall.dll'
	no file '.\memorydata.dll'
stack traceback:
	[C]: in function 'require',	 params:
	G:\ddd\moon_example\server_moon\ingate_commands.lua:3: in main chunk,	 params: commands = table: 00000246C538E760;
	[C]: in function 'require',	 params:
	service_ingate.lua:8: in main chunk,	 params: conf = table: 00000246C537D2B0; moon = table: 00000246C537CE30; socket = table: 00000246C537D330; json = table: 00000246C537D830;(lua_service.cpp:111). (lua_service.cpp:126)
2022-04-12 17:54:20.476 | :04000001 | INFO  | [WORKER 4] destroy service [ingate1] 
2022-04-12 17:54:20.476 | 20516     | INFO  |  new_service 67108866
2022-04-12 17:54:20.477 | 20516     | WARN  | @@@  package.path='./lualib/?.lua;./wmlualib/?.lua;'..package.path
return {name='ingate2',unique=true,base_port=20620,file='service_ingate.lua',host='127.0.0.1',port=20621,num=2,base_name='ingate',} (lua_service.cpp:107)
2022-04-12 17:54:20.479 | 20516     | ERROR | lua_service::init error:
run G:\ddd\moon_example\server_moon\ingate_commands.lua:3: module 'memorydata' not found:
	no field package.preload['memorydata']
	no file './lualib/memorydata.lua'
	no file './wmlualib/memorydata.lua'
	no file 'G:\ddd\moon_example\server_moon\lua\memorydata.lua'
	no file 'G:\ddd\moon_example\server_moon\lua\memorydata\init.lua'
	no file 'G:\ddd\moon_example\server_moon\memorydata.lua'
	no file 'G:\ddd\moon_example\server_moon\memorydata\init.lua'
	no file 'G:\ddd\moon_example\server_moon\..\share\lua\5.4\memorydata.lua'
	no file 'G:\ddd\moon_example\server_moon\..\share\lua\5.4\memorydata\init.lua'
	no file '.\memorydata.lua'
	no file '.\memorydata\init.lua'
	no file 'G:\ddd\moon_example\server_moon\memorydata.dll'
	no file 'G:\ddd\moon_example\server_moon\..\lib\lua\5.4\memorydata.dll'
	no file 'G:\ddd\moon_example\server_moon\loadall.dll'
	no file '.\memorydata.dll'
stack traceback:
	[C]: in function 'require',	 params:
	G:\ddd\moon_example\server_moon\ingate_commands.lua:3: in main chunk,	 params: commands = table: 00000246C537D430;
	[C]: in function 'require',	 params:
	service_ingate.lua:8: in main chunk,	 params: conf = table: 00000246C538DEE0; moon = table: 00000246C538F160; socket = table: 00000246C538E560; json = table: 00000246C538EC60;(lua_service.cpp:111). (lua_service.cpp:126)
2022-04-12 17:54:20.479 | :04000002 | INFO  | [WORKER 4] destroy service [ingate2] 
2022-04-12 17:55:17.545 | 11540     | WARN  | Received signal code 100 (server.cpp:62)
2022-04-12 17:55:17.545 | :03000001 | INFO  | [WORKER 3] destroy service [gate3] 
2022-04-12 17:55:17.545 | :01000001 | INFO  | [WORKER 1] destroy service [bootstrap] 
2022-04-12 17:55:17.545 | :02000001 | INFO  | [WORKER 2] destroy service [gate2] 
2022-04-12 17:55:17.546 | :01000002 | INFO  | [WORKER 1] destroy service [gate1] 
2022-04-12 17:55:17.547 | 25652     | INFO  | WORKER-6 STOP
2022-04-12 17:55:17.547 | 14592     | INFO  | WORKER-5 STOP
2022-04-12 17:55:17.547 | 20516     | INFO  | WORKER-4 STOP
2022-04-12 17:55:17.547 | 21436     | INFO  | WORKER-3 STOP
2022-04-12 17:55:17.547 | 19144     | INFO  | WORKER-2 STOP
2022-04-12 17:55:17.547 | 14032     | INFO  | WORKER-1 STOP
2022-04-12 17:55:17.548 | 11540     | INFO  | STOP
