2022-04-01 15:36:55.850 | 26040     | INFO  | INIT with 6 workers.
2022-04-01 15:36:55.851 | 26040     | INFO  | WORKER-1 RUN
2022-04-01 15:36:55.853 | 26040     | INFO  | WORKER-2 RUN
2022-04-01 15:36:55.853 | 16972     | INFO  | WORKER-1 START
2022-04-01 15:36:55.854 | 26040     | INFO  | WORKER-3 RUN
2022-04-01 15:36:55.854 | 18148     | INFO  | WORKER-2 START
2022-04-01 15:36:55.854 | 26040     | INFO  | WORKER-4 RUN
2022-04-01 15:36:55.854 | 3340      | INFO  | WORKER-3 START
2022-04-01 15:36:55.855 | 26040     | INFO  | WORKER-5 RUN
2022-04-01 15:36:55.855 | 976       | INFO  | WORKER-4 START
2022-04-01 15:36:55.855 | 26040     | INFO  | WORKER-6 RUN
2022-04-01 15:36:55.855 | 3880      | INFO  | WORKER-5 START
2022-04-01 15:36:55.856 | 16972     | INFO  |  new_service 16777217
2022-04-01 15:36:55.856 | 20988     | INFO  | WORKER-6 START
2022-04-01 15:36:55.856 | 26040     | INFO  | server::run() state = 2
2022-04-01 15:36:55.863 | 16972     | WARN  | @@@  package.path='G:/ddd/moon_example/server_moon/lualib/?.lua;'..package.path
 (lua_service.cpp:107)
2022-04-01 15:36:55.873 | :01000001 | INFO  | start server	(main.lua:14)
2022-04-01 15:36:55.873 | :01000001 | INFO  | package.path='G:/ddd/moon_example/server_moon/lualib/?.lua;'..package.path
	(main.lua:18)
2022-04-01 15:36:55.873 | :01000001 | INFO  | G:/ddd/moon_example/server_moon/lualib/?.lua;G:\ddd\moon_example\server_moon\lua\?.lua;G:\ddd\moon_example\server_moon\lua\?\init.lua;G:\ddd\moon_example\server_moon\?.lua;G:\ddd\moon_example\server_moon\?\init.lua;G:\ddd\moon_example\server_moon\..\share\lua\5.4\?.lua;G:\ddd\moon_example\server_moon\..\share\lua\5.4\?\init.lua;.\?.lua;.\?\init.lua	(main.lua:27)
2022-04-01 15:36:55.874 | :01000001 | INFO  | [WORKER 1] new service [bootstrap]
2022-04-01 15:36:55.874 | 16972     | INFO  |  new_service 16777218
2022-04-01 15:36:55.875 | 16972     | WARN  | @@@  package.path='./lualib/?.lua;./wmlualib/?.lua;./?.lua;'..package.path
return {unique=true,file='service_gate.lua',name='gate1',threadid=1,num=3,base_port=20520,host='0.0.0.0',base_name='gate',port=20520,} (lua_service.cpp:107)
2022-04-01 15:36:55.882 | :01000002 | INFO  | ./lualib/?.lua;./wmlualib/?.lua;./?.lua;G:\ddd\moon_example\server_moon\lua\?.lua;G:\ddd\moon_example\server_moon\lua\?\init.lua;G:\ddd\moon_example\server_moon\?.lua;G:\ddd\moon_example\server_moon\?\init.lua;G:\ddd\moon_example\server_moon\..\share\lua\5.4\?.lua;G:\ddd\moon_example\server_moon\..\share\lua\5.4\?\init.lua;.\?.lua;.\?\init.lua	(service_gate.lua:22)
2022-04-01 15:36:55.883 | :01000002 | INFO  | gate server start	gate1	0.0.0.0	20520	(service_gate.lua:91)
2022-04-01 15:36:55.883 | :01000002 | INFO  | [WORKER 1] new service [gate1]
2022-04-01 15:36:55.884 | 18148     | INFO  |  new_service 33554433
2022-04-01 15:36:55.884 | 18148     | WARN  | @@@  package.path='./lualib/?.lua;./wmlualib/?.lua;./?.lua;'..package.path
return {unique=true,file='service_gate.lua',name='gate2',threadid=2,num=3,base_port=20520,host='0.0.0.0',base_name='gate',port=20521,} (lua_service.cpp:107)
2022-04-01 15:36:55.886 | :02000001 | INFO  | ./lualib/?.lua;./wmlualib/?.lua;./?.lua;G:\ddd\moon_example\server_moon\lua\?.lua;G:\ddd\moon_example\server_moon\lua\?\init.lua;G:\ddd\moon_example\server_moon\?.lua;G:\ddd\moon_example\server_moon\?\init.lua;G:\ddd\moon_example\server_moon\..\share\lua\5.4\?.lua;G:\ddd\moon_example\server_moon\..\share\lua\5.4\?\init.lua;.\?.lua;.\?\init.lua	(service_gate.lua:22)
2022-04-01 15:36:55.886 | :02000001 | INFO  | gate server start	gate2	0.0.0.0	20521	(service_gate.lua:91)
2022-04-01 15:36:55.886 | :02000001 | INFO  | [WORKER 2] new service [gate2]
2022-04-01 15:36:55.886 | 3340      | INFO  |  new_service 50331649
2022-04-01 15:36:55.887 | 3340      | WARN  | @@@  package.path='./lualib/?.lua;./wmlualib/?.lua;./?.lua;'..package.path
return {unique=true,file='service_gate.lua',name='gate3',threadid=3,num=3,base_port=20520,host='0.0.0.0',base_name='gate',port=20522,} (lua_service.cpp:107)
2022-04-01 15:36:55.889 | :03000001 | INFO  | ./lualib/?.lua;./wmlualib/?.lua;./?.lua;G:\ddd\moon_example\server_moon\lua\?.lua;G:\ddd\moon_example\server_moon\lua\?\init.lua;G:\ddd\moon_example\server_moon\?.lua;G:\ddd\moon_example\server_moon\?\init.lua;G:\ddd\moon_example\server_moon\..\share\lua\5.4\?.lua;G:\ddd\moon_example\server_moon\..\share\lua\5.4\?\init.lua;.\?.lua;.\?\init.lua	(service_gate.lua:22)
2022-04-01 15:36:55.889 | :03000001 | INFO  | gate server start	gate3	0.0.0.0	20522	(service_gate.lua:91)
2022-04-01 15:36:55.889 | :03000001 | INFO  | [WORKER 3] new service [gate3]
2022-04-01 15:36:55.889 | 976       | INFO  |  new_service 67108865
2022-04-01 15:36:55.891 | 976       | WARN  | @@@  package.path='./lualib/?.lua;./wmlualib/?.lua;./?.lua;'..package.path
return {unique=true,num=2,file='service_ingate.lua',base_port=20620,host='127.0.0.1',name='ingate1',port=20620,base_name='ingate',} (lua_service.cpp:107)
2022-04-01 15:36:55.893 | :04000001 | INFO  | ingate server start	ingate1	127.0.0.1	20620	(service_ingate.lua:91)
2022-04-01 15:36:55.893 | :04000001 | INFO  | [WORKER 4] new service [ingate1]
2022-04-01 15:36:55.894 | 3880      | INFO  |  new_service 83886081
2022-04-01 15:36:55.894 | 3880      | WARN  | @@@  package.path='./lualib/?.lua;./wmlualib/?.lua;./?.lua;'..package.path
return {unique=true,num=2,file='service_ingate.lua',base_port=20620,host='127.0.0.1',name='ingate2',port=20621,base_name='ingate',} (lua_service.cpp:107)
2022-04-01 15:36:55.897 | :05000001 | INFO  | ingate server start	ingate2	127.0.0.1	20621	(service_ingate.lua:91)
2022-04-01 15:36:55.897 | :05000001 | INFO  | [WORKER 5] new service [ingate2]
2022-04-01 15:40:16.555 | 26040     | WARN  | Received signal code 100 (server.cpp:62)
2022-04-01 15:40:16.555 | :04000001 | INFO  | ####### remove_service	(./lualib/moon.lua:213)
2022-04-01 15:40:16.555 | :03000001 | INFO  | ####### remove_service	(./lualib/moon.lua:213)
2022-04-01 15:40:16.555 | :04000001 | INFO  | [WORKER 4] destroy service [ingate1] 
2022-04-01 15:40:16.555 | :03000001 | INFO  | [WORKER 3] destroy service [gate3] 
2022-04-01 15:40:16.555 | :01000001 | INFO  | ####### remove_service	(G:/ddd/moon_example/server_moon/lualib/moon.lua:213)
2022-04-01 15:40:16.555 | :01000002 | INFO  | ####### remove_service	(./lualib/moon.lua:213)
2022-04-01 15:40:16.556 | :01000001 | INFO  | [WORKER 1] destroy service [bootstrap] 
2022-04-01 15:40:16.555 | :05000001 | INFO  | ####### remove_service	(./lualib/moon.lua:213)
2022-04-01 15:40:16.556 | :05000001 | INFO  | [WORKER 5] destroy service [ingate2] 
2022-04-01 15:40:16.556 | :02000001 | INFO  | ####### remove_service	(./lualib/moon.lua:213)
2022-04-01 15:40:16.556 | :02000001 | INFO  | [WORKER 2] destroy service [gate2] 
2022-04-01 15:40:16.556 | :01000002 | INFO  | [WORKER 1] destroy service [gate1] 
2022-04-01 15:40:16.557 | 20988     | INFO  | WORKER-6 STOP
2022-04-01 15:40:16.557 | 3880      | INFO  | WORKER-5 STOP
2022-04-01 15:40:16.557 | 976       | INFO  | WORKER-4 STOP
2022-04-01 15:40:16.557 | 3340      | INFO  | WORKER-3 STOP
2022-04-01 15:40:16.558 | 18148     | INFO  | WORKER-2 STOP
2022-04-01 15:40:16.558 | 16972     | INFO  | WORKER-1 STOP
2022-04-01 15:40:16.558 | 26040     | INFO  | STOP
