2022-04-01 15:44:09.562 | 11816     | INFO  | INIT with 6 workers.
2022-04-01 15:44:09.562 | 11816     | INFO  | WORKER-1 RUN
2022-04-01 15:44:09.563 | 11816     | INFO  | WORKER-2 RUN
2022-04-01 15:44:09.563 | 22316     | INFO  | WORKER-1 START
2022-04-01 15:44:09.563 | 11816     | INFO  | WORKER-3 RUN
2022-04-01 15:44:09.563 | 20996     | INFO  | WORKER-2 START
2022-04-01 15:44:09.563 | 11816     | INFO  | WORKER-4 RUN
2022-04-01 15:44:09.563 | 15728     | INFO  | WORKER-3 START
2022-04-01 15:44:09.563 | 11816     | INFO  | WORKER-5 RUN
2022-04-01 15:44:09.564 | 6344      | INFO  | WORKER-4 START
2022-04-01 15:44:09.564 | 11816     | INFO  | WORKER-6 RUN
2022-04-01 15:44:09.564 | 14092     | INFO  | WORKER-5 START
2022-04-01 15:44:09.565 | 22316     | INFO  |  new_service 16777217
2022-04-01 15:44:09.565 | 20756     | INFO  | WORKER-6 START
2022-04-01 15:44:09.565 | 11816     | INFO  | server::run() state = 2
2022-04-01 15:44:09.572 | 22316     | WARN  | @@@  package.path='G:/ddd/moon_example/server_moon/lualib/?.lua;'..package.path
 (lua_service.cpp:107)
2022-04-01 15:44:09.578 | :01000001 | INFO  | start server	(main.lua:14)
2022-04-01 15:44:09.578 | :01000001 | INFO  | package.path='G:/ddd/moon_example/server_moon/lualib/?.lua;'..package.path
	(main.lua:18)
2022-04-01 15:44:09.578 | :01000001 | INFO  | G:/ddd/moon_example/server_moon/lualib/?.lua;G:\ddd\moon_example\server_moon\lua\?.lua;G:\ddd\moon_example\server_moon\lua\?\init.lua;G:\ddd\moon_example\server_moon\?.lua;G:\ddd\moon_example\server_moon\?\init.lua;G:\ddd\moon_example\server_moon\..\share\lua\5.4\?.lua;G:\ddd\moon_example\server_moon\..\share\lua\5.4\?\init.lua;.\?.lua;.\?\init.lua	(main.lua:26)
2022-04-01 15:44:09.579 | :01000001 | INFO  | [WORKER 1] new service [bootstrap]
2022-04-01 15:44:09.579 | 22316     | INFO  |  new_service 16777218
2022-04-01 15:44:09.580 | 22316     | WARN  | @@@  package.path='G:/ddd/moon_example/server_moon/lualib/?.lua;G:\ddd\moon_example\server_moon\lua\?.lua;G:\ddd\moon_example\server_moon\lua\?\init.lua;G:\ddd\moon_example\server_moon\?.lua;G:\ddd\moon_example\server_moon\?\init.lua;G:\ddd\moon_example\server_moon\..\share\lua\5.4\?.lua;G:\ddd\moon_example\server_moon\..\share\lua\5.4\?\init.lua;.\?.lua;.\?\init.lua;./lualib/?.lua;./wmlualib/?.lua'
return {base_port=20520,host='0.0.0.0',port=20520,num=3,unique=true,base_name='gate',file='service_gate.lua',name='gate1',threadid=1,} (lua_service.cpp:107)
2022-04-01 15:44:09.580 | 22316     | ERROR | lua_service::init error:
initialize [string "package.path='G:/ddd/moon_example/server_moon..."]:1: invalid escape sequence near ''G:/ddd/moon_example/server_moon/lualib/?.lua;G:\d'(lua_service.cpp:108). (lua_service.cpp:126)
2022-04-01 15:44:09.580 | :01000002 | INFO  | [WORKER 1] destroy service [gate1] 
2022-04-01 15:44:09.580 | 20996     | INFO  |  new_service 33554433
2022-04-01 15:44:09.581 | 20996     | WARN  | @@@  package.path='G:/ddd/moon_example/server_moon/lualib/?.lua;G:\ddd\moon_example\server_moon\lua\?.lua;G:\ddd\moon_example\server_moon\lua\?\init.lua;G:\ddd\moon_example\server_moon\?.lua;G:\ddd\moon_example\server_moon\?\init.lua;G:\ddd\moon_example\server_moon\..\share\lua\5.4\?.lua;G:\ddd\moon_example\server_moon\..\share\lua\5.4\?\init.lua;.\?.lua;.\?\init.lua;./lualib/?.lua;./wmlualib/?.lua'
return {base_port=20520,host='0.0.0.0',port=20521,num=3,unique=true,base_name='gate',file='service_gate.lua',name='gate2',threadid=2,} (lua_service.cpp:107)
2022-04-01 15:44:09.581 | 20996     | ERROR | lua_service::init error:
initialize [string "package.path='G:/ddd/moon_example/server_moon..."]:1: invalid escape sequence near ''G:/ddd/moon_example/server_moon/lualib/?.lua;G:\d'(lua_service.cpp:108). (lua_service.cpp:126)
2022-04-01 15:44:09.581 | :02000001 | INFO  | [WORKER 2] destroy service [gate2] 
2022-04-01 15:44:09.581 | 15728     | INFO  |  new_service 50331649
2022-04-01 15:44:09.582 | 15728     | WARN  | @@@  package.path='G:/ddd/moon_example/server_moon/lualib/?.lua;G:\ddd\moon_example\server_moon\lua\?.lua;G:\ddd\moon_example\server_moon\lua\?\init.lua;G:\ddd\moon_example\server_moon\?.lua;G:\ddd\moon_example\server_moon\?\init.lua;G:\ddd\moon_example\server_moon\..\share\lua\5.4\?.lua;G:\ddd\moon_example\server_moon\..\share\lua\5.4\?\init.lua;.\?.lua;.\?\init.lua;./lualib/?.lua;./wmlualib/?.lua'
return {base_port=20520,host='0.0.0.0',port=20522,num=3,unique=true,base_name='gate',file='service_gate.lua',name='gate3',threadid=3,} (lua_service.cpp:107)
2022-04-01 15:44:09.582 | 15728     | ERROR | lua_service::init error:
initialize [string "package.path='G:/ddd/moon_example/server_moon..."]:1: invalid escape sequence near ''G:/ddd/moon_example/server_moon/lualib/?.lua;G:\d'(lua_service.cpp:108). (lua_service.cpp:126)
2022-04-01 15:44:09.582 | :03000001 | INFO  | [WORKER 3] destroy service [gate3] 
2022-04-01 15:44:09.582 | 20996     | INFO  |  new_service 33554434
2022-04-01 15:44:09.584 | 20996     | WARN  | @@@  package.path='G:/ddd/moon_example/server_moon/lualib/?.lua;G:\ddd\moon_example\server_moon\lua\?.lua;G:\ddd\moon_example\server_moon\lua\?\init.lua;G:\ddd\moon_example\server_moon\?.lua;G:\ddd\moon_example\server_moon\?\init.lua;G:\ddd\moon_example\server_moon\..\share\lua\5.4\?.lua;G:\ddd\moon_example\server_moon\..\share\lua\5.4\?\init.lua;.\?.lua;.\?\init.lua;./lualib/?.lua;./wmlualib/?.lua'
return {name='ingate1',base_port=20620,host='127.0.0.1',port=20620,num=2,unique=true,base_name='ingate',file='service_ingate.lua',} (lua_service.cpp:107)
2022-04-01 15:44:09.584 | 20996     | ERROR | lua_service::init error:
initialize [string "package.path='G:/ddd/moon_example/server_moon..."]:1: invalid escape sequence near ''G:/ddd/moon_example/server_moon/lualib/?.lua;G:\d'(lua_service.cpp:108). (lua_service.cpp:126)
2022-04-01 15:44:09.584 | :02000002 | INFO  | [WORKER 2] destroy service [ingate1] 
2022-04-01 15:44:09.584 | 20996     | INFO  |  new_service 33554435
2022-04-01 15:44:09.585 | 20996     | WARN  | @@@  package.path='G:/ddd/moon_example/server_moon/lualib/?.lua;G:\ddd\moon_example\server_moon\lua\?.lua;G:\ddd\moon_example\server_moon\lua\?\init.lua;G:\ddd\moon_example\server_moon\?.lua;G:\ddd\moon_example\server_moon\?\init.lua;G:\ddd\moon_example\server_moon\..\share\lua\5.4\?.lua;G:\ddd\moon_example\server_moon\..\share\lua\5.4\?\init.lua;.\?.lua;.\?\init.lua;./lualib/?.lua;./wmlualib/?.lua'
return {name='ingate2',base_port=20620,host='127.0.0.1',port=20621,num=2,unique=true,base_name='ingate',file='service_ingate.lua',} (lua_service.cpp:107)
2022-04-01 15:44:09.585 | 20996     | ERROR | lua_service::init error:
initialize [string "package.path='G:/ddd/moon_example/server_moon..."]:1: invalid escape sequence near ''G:/ddd/moon_example/server_moon/lualib/?.lua;G:\d'(lua_service.cpp:108). (lua_service.cpp:126)
2022-04-01 15:44:09.585 | :02000003 | INFO  | [WORKER 2] destroy service [ingate2] 
2022-04-01 15:46:05.900 | 11816     | WARN  | Received signal code 100 (server.cpp:62)
2022-04-01 15:46:05.901 | :01000001 | INFO  | ####### remove_service	(G:/ddd/moon_example/server_moon/lualib/moon.lua:213)
2022-04-01 15:46:05.901 | :01000001 | INFO  | [WORKER 1] destroy service [bootstrap] 
2022-04-01 15:46:05.902 | 20756     | INFO  | WORKER-6 STOP
2022-04-01 15:46:05.903 | 14092     | INFO  | WORKER-5 STOP
2022-04-01 15:46:05.903 | 6344      | INFO  | WORKER-4 STOP
2022-04-01 15:46:05.903 | 15728     | INFO  | WORKER-3 STOP
2022-04-01 15:46:05.903 | 20996     | INFO  | WORKER-2 STOP
2022-04-01 15:46:05.903 | 22316     | INFO  | WORKER-1 STOP
2022-04-01 15:46:05.903 | 11816     | INFO  | STOP
