2022-04-01 15:40:17.953 | 23664     | INFO  | INIT with 6 workers.
2022-04-01 15:40:17.953 | 23664     | INFO  | WORKER-1 RUN
2022-04-01 15:40:17.954 | 23664     | INFO  | WORKER-2 RUN
2022-04-01 15:40:17.954 | 6584      | INFO  | WORKER-1 START
2022-04-01 15:40:17.954 | 23664     | INFO  | WORKER-3 RUN
2022-04-01 15:40:17.954 | 14424     | INFO  | WORKER-2 START
2022-04-01 15:40:17.954 | 23664     | INFO  | WORKER-4 RUN
2022-04-01 15:40:17.954 | 16816     | INFO  | WORKER-3 START
2022-04-01 15:40:17.954 | 23664     | INFO  | WORKER-5 RUN
2022-04-01 15:40:17.955 | 22848     | INFO  | WORKER-4 START
2022-04-01 15:40:17.955 | 23664     | INFO  | WORKER-6 RUN
2022-04-01 15:40:17.955 | 25420     | INFO  | WORKER-5 START
2022-04-01 15:40:17.955 | 6584      | INFO  |  new_service 16777217
2022-04-01 15:40:17.956 | 22524     | INFO  | WORKER-6 START
2022-04-01 15:40:17.956 | 23664     | INFO  | server::run() state = 2
2022-04-01 15:40:17.964 | 6584      | WARN  | @@@  package.path='G:/ddd/moon_example/server_moon/lualib/?.lua;'..package.path
 (lua_service.cpp:107)
2022-04-01 15:40:17.971 | :01000001 | INFO  | start server	(main.lua:14)
2022-04-01 15:40:17.971 | :01000001 | INFO  | package.path='G:/ddd/moon_example/server_moon/lualib/?.lua;'..package.path
	(main.lua:18)
2022-04-01 15:40:17.971 | :01000001 | INFO  | [WORKER 1] new service [bootstrap]
2022-04-01 15:40:17.971 | 6584      | INFO  |  new_service 16777218
2022-04-01 15:40:17.972 | 6584      | WARN  | @@@  package.path='G:/ddd/moon_example/server_moon/lualib/?.lua;'..package.path
return {threadid=1,port=20520,host='0.0.0.0',base_port=20520,name='gate1',base_name='gate',unique=true,file='service_gate.lua',num=3,} (lua_service.cpp:107)
2022-04-01 15:40:17.978 | :01000002 | INFO  | G:/ddd/moon_example/server_moon/lualib/?.lua;G:\ddd\moon_example\server_moon\lua\?.lua;G:\ddd\moon_example\server_moon\lua\?\init.lua;G:\ddd\moon_example\server_moon\?.lua;G:\ddd\moon_example\server_moon\?\init.lua;G:\ddd\moon_example\server_moon\..\share\lua\5.4\?.lua;G:\ddd\moon_example\server_moon\..\share\lua\5.4\?\init.lua;.\?.lua;.\?\init.lua	(service_gate.lua:22)
2022-04-01 15:40:17.979 | :01000002 | INFO  | gate server start	gate1	0.0.0.0	20520	(service_gate.lua:91)
2022-04-01 15:40:17.979 | :01000002 | INFO  | [WORKER 1] new service [gate1]
2022-04-01 15:40:17.979 | 14424     | INFO  |  new_service 33554433
2022-04-01 15:40:17.980 | 14424     | WARN  | @@@  package.path='G:/ddd/moon_example/server_moon/lualib/?.lua;'..package.path
return {threadid=2,port=20521,host='0.0.0.0',base_port=20520,name='gate2',base_name='gate',unique=true,file='service_gate.lua',num=3,} (lua_service.cpp:107)
2022-04-01 15:40:17.982 | :02000001 | INFO  | G:/ddd/moon_example/server_moon/lualib/?.lua;G:\ddd\moon_example\server_moon\lua\?.lua;G:\ddd\moon_example\server_moon\lua\?\init.lua;G:\ddd\moon_example\server_moon\?.lua;G:\ddd\moon_example\server_moon\?\init.lua;G:\ddd\moon_example\server_moon\..\share\lua\5.4\?.lua;G:\ddd\moon_example\server_moon\..\share\lua\5.4\?\init.lua;.\?.lua;.\?\init.lua	(service_gate.lua:22)
2022-04-01 15:40:17.982 | :02000001 | INFO  | gate server start	gate2	0.0.0.0	20521	(service_gate.lua:91)
2022-04-01 15:40:17.982 | :02000001 | INFO  | [WORKER 2] new service [gate2]
2022-04-01 15:40:17.982 | 16816     | INFO  |  new_service 50331649
2022-04-01 15:40:17.983 | 16816     | WARN  | @@@  package.path='G:/ddd/moon_example/server_moon/lualib/?.lua;'..package.path
return {threadid=3,port=20522,host='0.0.0.0',base_port=20520,name='gate3',base_name='gate',unique=true,file='service_gate.lua',num=3,} (lua_service.cpp:107)
2022-04-01 15:40:17.985 | :03000001 | INFO  | G:/ddd/moon_example/server_moon/lualib/?.lua;G:\ddd\moon_example\server_moon\lua\?.lua;G:\ddd\moon_example\server_moon\lua\?\init.lua;G:\ddd\moon_example\server_moon\?.lua;G:\ddd\moon_example\server_moon\?\init.lua;G:\ddd\moon_example\server_moon\..\share\lua\5.4\?.lua;G:\ddd\moon_example\server_moon\..\share\lua\5.4\?\init.lua;.\?.lua;.\?\init.lua	(service_gate.lua:22)
2022-04-01 15:40:17.985 | :03000001 | INFO  | gate server start	gate3	0.0.0.0	20522	(service_gate.lua:91)
2022-04-01 15:40:17.985 | :03000001 | INFO  | [WORKER 3] new service [gate3]
2022-04-01 15:40:17.985 | 22848     | INFO  |  new_service 67108865
2022-04-01 15:40:17.986 | 22848     | WARN  | @@@  package.path='G:/ddd/moon_example/server_moon/lualib/?.lua;'..package.path
return {name='ingate1',unique=true,base_port=20620,base_name='ingate',port=20620,host='127.0.0.1',file='service_ingate.lua',num=2,} (lua_service.cpp:107)
2022-04-01 15:40:17.990 | :04000001 | INFO  | ingate server start	ingate1	127.0.0.1	20620	(service_ingate.lua:91)
2022-04-01 15:40:17.990 | :04000001 | INFO  | [WORKER 4] new service [ingate1]
2022-04-01 15:40:17.990 | 25420     | INFO  |  new_service 83886081
2022-04-01 15:40:17.991 | 25420     | WARN  | @@@  package.path='G:/ddd/moon_example/server_moon/lualib/?.lua;'..package.path
return {name='ingate2',unique=true,base_port=20620,base_name='ingate',port=20621,host='127.0.0.1',file='service_ingate.lua',num=2,} (lua_service.cpp:107)
2022-04-01 15:40:17.993 | :05000001 | INFO  | ingate server start	ingate2	127.0.0.1	20621	(service_ingate.lua:91)
2022-04-01 15:40:17.993 | :05000001 | INFO  | [WORKER 5] new service [ingate2]
2022-04-01 15:43:06.278 | 23664     | WARN  | Received signal code 100 (server.cpp:62)
2022-04-01 15:43:06.278 | :01000001 | INFO  | ####### remove_service	(G:/ddd/moon_example/server_moon/lualib/moon.lua:213)
2022-04-01 15:43:06.278 | :03000001 | INFO  | ####### remove_service	(G:/ddd/moon_example/server_moon/lualib/moon.lua:213)
2022-04-01 15:43:06.278 | :05000001 | INFO  | ####### remove_service	(G:/ddd/moon_example/server_moon/lualib/moon.lua:213)
2022-04-01 15:43:06.278 | :04000001 | INFO  | ####### remove_service	(G:/ddd/moon_example/server_moon/lualib/moon.lua:213)
2022-04-01 15:43:06.278 | :01000002 | INFO  | ####### remove_service	(G:/ddd/moon_example/server_moon/lualib/moon.lua:213)
2022-04-01 15:43:06.278 | :03000001 | INFO  | [WORKER 3] destroy service [gate3] 
2022-04-01 15:43:06.278 | :01000001 | INFO  | [WORKER 1] destroy service [bootstrap] 
2022-04-01 15:43:06.278 | :05000001 | INFO  | [WORKER 5] destroy service [ingate2] 
2022-04-01 15:43:06.278 | :04000001 | INFO  | [WORKER 4] destroy service [ingate1] 
2022-04-01 15:43:06.278 | :02000001 | INFO  | ####### remove_service	(G:/ddd/moon_example/server_moon/lualib/moon.lua:213)
2022-04-01 15:43:06.279 | :02000001 | INFO  | [WORKER 2] destroy service [gate2] 
2022-04-01 15:43:06.279 | :01000002 | INFO  | [WORKER 1] destroy service [gate1] 
2022-04-01 15:43:06.280 | 22524     | INFO  | WORKER-6 STOP
2022-04-01 15:43:06.280 | 25420     | INFO  | WORKER-5 STOP
2022-04-01 15:43:06.280 | 22848     | INFO  | WORKER-4 STOP
2022-04-01 15:43:06.280 | 16816     | INFO  | WORKER-3 STOP
2022-04-01 15:43:06.280 | 14424     | INFO  | WORKER-2 STOP
2022-04-01 15:43:06.281 | 6584      | INFO  | WORKER-1 STOP
2022-04-01 15:43:06.281 | 23664     | INFO  | STOP
