2022-04-01 14:34:44.359 | 25488     | INFO  | INIT with 6 workers.
2022-04-01 14:34:44.359 | 25488     | INFO  | WORKER-1 RUN
2022-04-01 14:34:44.360 | 25488     | INFO  | WORKER-2 RUN
2022-04-01 14:34:44.360 | 24976     | INFO  | WORKER-1 START
2022-04-01 14:34:44.360 | 25488     | INFO  | WORKER-3 RUN
2022-04-01 14:34:44.361 | 25172     | INFO  | WORKER-2 START
2022-04-01 14:34:44.361 | 25488     | INFO  | WORKER-4 RUN
2022-04-01 14:34:44.361 | 19844     | INFO  | WORKER-3 START
2022-04-01 14:34:44.361 | 25488     | INFO  | WORKER-5 RUN
2022-04-01 14:34:44.361 | 19612     | INFO  | WORKER-4 START
2022-04-01 14:34:44.361 | 25488     | INFO  | WORKER-6 RUN
2022-04-01 14:34:44.361 | 4896      | INFO  | WORKER-5 START
2022-04-01 14:34:44.361 | 24976     | INFO  |  new_service 16777217
2022-04-01 14:34:44.361 | 22580     | INFO  | WORKER-6 START
2022-04-01 14:34:44.362 | 25488     | INFO  | server::run() state = 2
2022-04-01 14:34:44.372 | :01000001 | INFO  | start server	(main.lua:14)
2022-04-01 14:34:44.372 | :01000001 | INFO  | wmlualib/?.lua;	(main.lua:23)
2022-04-01 14:34:44.373 | 24976     | ERROR | lua_service::init error:
run main.lua:25: module 'server_config' not found:
	no field package.preload['server_config']
	no file 'wmlualib/server_config.lua'
	no file ''
	no file 'G:\ddd\moon_example\server_moon\server_config.dll'
	no file 'G:\ddd\moon_example\server_moon\..\lib\lua\5.4\server_config.dll'
	no file 'G:\ddd\moon_example\server_moon\loadall.dll'
	no file '.\server_config.dll'
stack traceback:
	[C]: in function 'require'
	main.lua:25: in main chunk(lua_service.cpp:109). (lua_service.cpp:124)
2022-04-01 14:34:44.373 | :01000001 | INFO  | [WORKER 1] destroy service [bootstrap] 
2022-04-01 14:34:44.373 | 22580     | INFO  | WORKER-6 STOP
2022-04-01 14:34:44.373 | 4896      | INFO  | WORKER-5 STOP
2022-04-01 14:34:44.373 | 19612     | INFO  | WORKER-4 STOP
2022-04-01 14:34:44.373 | 19844     | INFO  | WORKER-3 STOP
2022-04-01 14:34:44.373 | 25172     | INFO  | WORKER-2 STOP
2022-04-01 14:34:44.373 | 24976     | INFO  | WORKER-1 STOP
2022-04-01 14:34:44.373 | 25488     | INFO  | STOP
