2022-04-01 15:22:42.752 | 15660     | INFO  | INIT with 6 workers.
2022-04-01 15:22:42.753 | 15660     | INFO  | WORKER-1 RUN
2022-04-01 15:22:42.754 | 15660     | INFO  | WORKER-2 RUN
2022-04-01 15:22:42.754 | 22848     | INFO  | WORKER-1 START
2022-04-01 15:22:42.754 | 15660     | INFO  | WORKER-3 RUN
2022-04-01 15:22:42.754 | 21028     | INFO  | WORKER-2 START
2022-04-01 15:22:42.754 | 15660     | INFO  | WORKER-4 RUN
2022-04-01 15:22:42.755 | 3784      | INFO  | WORKER-3 START
2022-04-01 15:22:42.756 | 15660     | INFO  | WORKER-5 RUN
2022-04-01 15:22:42.757 | 24224     | INFO  | WORKER-4 START
2022-04-01 15:22:42.757 | 15660     | INFO  | WORKER-6 RUN
2022-04-01 15:22:42.757 | 16544     | INFO  | WORKER-5 START
2022-04-01 15:22:42.757 | 22848     | INFO  |  new_service 16777217
2022-04-01 15:22:42.757 | 21744     | INFO  | WORKER-6 START
2022-04-01 15:22:42.758 | 15660     | INFO  | server::run() state = 2
2022-04-01 15:22:42.765 | 22848     | WARN  | @@@  package.path='G:/ddd/moon_example/server_moon/lualib/?.lua;'..package.path
 (lua_service.cpp:107)
2022-04-01 15:22:42.771 | :01000001 | INFO  | start server	(main.lua:14)
2022-04-01 15:22:42.771 | :01000001 | INFO  | ./wmlualib/?.lua	(main.lua:23)
2022-04-01 15:22:42.771 | :01000001 | INFO  | ./wmlualib/?.lua;G:/ddd/moon_example/server_moon/lualib/?.lua;G:\ddd\moon_example\server_moon\lua\?.lua;G:\ddd\moon_example\server_moon\lua\?\init.lua;G:\ddd\moon_example\server_moon\?.lua;G:\ddd\moon_example\server_moon\?\init.lua;G:\ddd\moon_example\server_moon\..\share\lua\5.4\?.lua;G:\ddd\moon_example\server_moon\..\share\lua\5.4\?\init.lua;.\?.lua;.\?\init.lua	(main.lua:25)
2022-04-01 15:22:42.771 | :01000001 | INFO  | package.path='./wmlualib/?.lua;G:/ddd/moon_example/server_moon/lualib/?.lua;G:\ddd\moon_example\server_moon\lua\?.lua;G:\ddd\moon_example\server_moon\lua\?\init.lua;G:\ddd\moon_example\server_moon\?.lua;G:\ddd\moon_example\server_moon\?\init.lua;G:\ddd\moon_example\server_moon\..\share\lua\5.4\?.lua;G:\ddd\moon_example\server_moon\..\share\lua\5.4\?\init.lua;.\?.lua;.\?\init.lua;'
	(main.lua:29)
2022-04-01 15:22:42.772 | :01000001 | INFO  | [WORKER 1] new service [bootstrap]
2022-04-01 15:22:42.772 | 22848     | INFO  |  new_service 16777218
2022-04-01 15:22:42.774 | 22848     | WARN  | @@@  package.path='./wmlualib/?.lua;G:/ddd/moon_example/server_moon/lualib/?.lua;G:\ddd\moon_example\server_moon\lua\?.lua;G:\ddd\moon_example\server_moon\lua\?\init.lua;G:\ddd\moon_example\server_moon\?.lua;G:\ddd\moon_example\server_moon\?\init.lua;G:\ddd\moon_example\server_moon\..\share\lua\5.4\?.lua;G:\ddd\moon_example\server_moon\..\share\lua\5.4\?\init.lua;.\?.lua;.\?\init.lua;'
return {unique=true,base_name='gate',file='service_gate.lua',name='gate1',num=3,port=20520,host='0.0.0.0',base_port=20520,threadid=1,} (lua_service.cpp:107)
2022-04-01 15:22:42.774 | 22848     | ERROR | lua_service::init error:
initialize [string "package.path='./wmlualib/?.lua;G:/ddd/moon_ex..."]:1: invalid escape sequence near ''./wmlualib/?.lua;G:/ddd/moon_example/server_moon/lualib/?.lua;G:\d'(lua_service.cpp:108). (lua_service.cpp:126)
2022-04-01 15:22:42.774 | :01000002 | INFO  | [WORKER 1] destroy service [gate1] 
2022-04-01 15:22:42.775 | 21028     | INFO  |  new_service 33554433
2022-04-01 15:22:42.775 | 21028     | WARN  | @@@  package.path='./wmlualib/?.lua;G:/ddd/moon_example/server_moon/lualib/?.lua;G:\ddd\moon_example\server_moon\lua\?.lua;G:\ddd\moon_example\server_moon\lua\?\init.lua;G:\ddd\moon_example\server_moon\?.lua;G:\ddd\moon_example\server_moon\?\init.lua;G:\ddd\moon_example\server_moon\..\share\lua\5.4\?.lua;G:\ddd\moon_example\server_moon\..\share\lua\5.4\?\init.lua;.\?.lua;.\?\init.lua;'
return {unique=true,base_name='gate',file='service_gate.lua',name='gate2',num=3,port=20521,host='0.0.0.0',base_port=20520,threadid=2,} (lua_service.cpp:107)
2022-04-01 15:22:42.775 | 21028     | ERROR | lua_service::init error:
initialize [string "package.path='./wmlualib/?.lua;G:/ddd/moon_ex..."]:1: invalid escape sequence near ''./wmlualib/?.lua;G:/ddd/moon_example/server_moon/lualib/?.lua;G:\d'(lua_service.cpp:108). (lua_service.cpp:126)
2022-04-01 15:22:42.775 | :02000001 | INFO  | [WORKER 2] destroy service [gate2] 
2022-04-01 15:22:42.776 | 3784      | INFO  |  new_service 50331649
2022-04-01 15:22:42.776 | 3784      | WARN  | @@@  package.path='./wmlualib/?.lua;G:/ddd/moon_example/server_moon/lualib/?.lua;G:\ddd\moon_example\server_moon\lua\?.lua;G:\ddd\moon_example\server_moon\lua\?\init.lua;G:\ddd\moon_example\server_moon\?.lua;G:\ddd\moon_example\server_moon\?\init.lua;G:\ddd\moon_example\server_moon\..\share\lua\5.4\?.lua;G:\ddd\moon_example\server_moon\..\share\lua\5.4\?\init.lua;.\?.lua;.\?\init.lua;'
return {unique=true,base_name='gate',file='service_gate.lua',name='gate3',num=3,port=20522,host='0.0.0.0',base_port=20520,threadid=3,} (lua_service.cpp:107)
2022-04-01 15:22:42.776 | 3784      | ERROR | lua_service::init error:
initialize [string "package.path='./wmlualib/?.lua;G:/ddd/moon_ex..."]:1: invalid escape sequence near ''./wmlualib/?.lua;G:/ddd/moon_example/server_moon/lualib/?.lua;G:\d'(lua_service.cpp:108). (lua_service.cpp:126)
2022-04-01 15:22:42.776 | :03000001 | INFO  | [WORKER 3] destroy service [gate3] 
2022-04-01 15:22:42.777 | 21028     | INFO  |  new_service 33554434
2022-04-01 15:22:42.778 | 21028     | WARN  | @@@  package.path='./wmlualib/?.lua;G:/ddd/moon_example/server_moon/lualib/?.lua;G:\ddd\moon_example\server_moon\lua\?.lua;G:\ddd\moon_example\server_moon\lua\?\init.lua;G:\ddd\moon_example\server_moon\?.lua;G:\ddd\moon_example\server_moon\?\init.lua;G:\ddd\moon_example\server_moon\..\share\lua\5.4\?.lua;G:\ddd\moon_example\server_moon\..\share\lua\5.4\?\init.lua;.\?.lua;.\?\init.lua;'
return {name='ingate1',num=2,unique=true,host='127.0.0.1',port=20620,base_name='ingate',base_port=20620,file='service_ingate.lua',} (lua_service.cpp:107)
2022-04-01 15:22:42.778 | 21028     | ERROR | lua_service::init error:
initialize [string "package.path='./wmlualib/?.lua;G:/ddd/moon_ex..."]:1: invalid escape sequence near ''./wmlualib/?.lua;G:/ddd/moon_example/server_moon/lualib/?.lua;G:\d'(lua_service.cpp:108). (lua_service.cpp:126)
2022-04-01 15:22:42.778 | :02000002 | INFO  | [WORKER 2] destroy service [ingate1] 
2022-04-01 15:22:42.778 | 21028     | INFO  |  new_service 33554435
2022-04-01 15:22:42.779 | 21028     | WARN  | @@@  package.path='./wmlualib/?.lua;G:/ddd/moon_example/server_moon/lualib/?.lua;G:\ddd\moon_example\server_moon\lua\?.lua;G:\ddd\moon_example\server_moon\lua\?\init.lua;G:\ddd\moon_example\server_moon\?.lua;G:\ddd\moon_example\server_moon\?\init.lua;G:\ddd\moon_example\server_moon\..\share\lua\5.4\?.lua;G:\ddd\moon_example\server_moon\..\share\lua\5.4\?\init.lua;.\?.lua;.\?\init.lua;'
return {name='ingate2',num=2,unique=true,host='127.0.0.1',port=20621,base_name='ingate',base_port=20620,file='service_ingate.lua',} (lua_service.cpp:107)
2022-04-01 15:22:42.779 | 21028     | ERROR | lua_service::init error:
initialize [string "package.path='./wmlualib/?.lua;G:/ddd/moon_ex..."]:1: invalid escape sequence near ''./wmlualib/?.lua;G:/ddd/moon_example/server_moon/lualib/?.lua;G:\d'(lua_service.cpp:108). (lua_service.cpp:126)
2022-04-01 15:22:42.779 | :02000003 | INFO  | [WORKER 2] destroy service [ingate2] 
2022-04-01 15:27:04.173 | 15660     | WARN  | Received signal code 100 (server.cpp:62)
2022-04-01 15:27:04.174 | :01000001 | INFO  | ####### remove_service	(G:/ddd/moon_example/server_moon/lualib/moon.lua:213)
2022-04-01 15:27:04.174 | :01000001 | INFO  | [WORKER 1] destroy service [bootstrap] 
2022-04-01 15:27:04.175 | 21744     | INFO  | WORKER-6 STOP
2022-04-01 15:27:04.176 | 16544     | INFO  | WORKER-5 STOP
2022-04-01 15:27:04.176 | 24224     | INFO  | WORKER-4 STOP
2022-04-01 15:27:04.176 | 3784      | INFO  | WORKER-3 STOP
2022-04-01 15:27:04.176 | 21028     | INFO  | WORKER-2 STOP
2022-04-01 15:27:04.176 | 22848     | INFO  | WORKER-1 STOP
2022-04-01 15:27:04.176 | 15660     | INFO  | STOP
