2022-04-01 15:43:07.670 | 22132     | INFO  | INIT with 6 workers.
2022-04-01 15:43:07.671 | 22132     | INFO  | WORKER-1 RUN
2022-04-01 15:43:07.671 | 22132     | INFO  | WORKER-2 RUN
2022-04-01 15:43:07.671 | 14612     | INFO  | WORKER-1 START
2022-04-01 15:43:07.671 | 22132     | INFO  | WORKER-3 RUN
2022-04-01 15:43:07.672 | 15612     | INFO  | WORKER-2 START
2022-04-01 15:43:07.672 | 22132     | INFO  | WORKER-4 RUN
2022-04-01 15:43:07.672 | 23996     | INFO  | WORKER-3 START
2022-04-01 15:43:07.672 | 22132     | INFO  | WORKER-5 RUN
2022-04-01 15:43:07.673 | 4392      | INFO  | WORKER-4 START
2022-04-01 15:43:07.674 | 22132     | INFO  | WORKER-6 RUN
2022-04-01 15:43:07.674 | 22620     | INFO  | WORKER-5 START
2022-04-01 15:43:07.674 | 14612     | INFO  |  new_service 16777217
2022-04-01 15:43:07.674 | 6700      | INFO  | WORKER-6 START
2022-04-01 15:43:07.674 | 22132     | INFO  | server::run() state = 2
2022-04-01 15:43:07.682 | 14612     | WARN  | @@@  package.path='G:/ddd/moon_example/server_moon/lualib/?.lua;'..package.path
 (lua_service.cpp:107)
2022-04-01 15:43:07.687 | :01000001 | INFO  | start server	(main.lua:14)
2022-04-01 15:43:07.687 | :01000001 | INFO  | package.path='G:/ddd/moon_example/server_moon/lualib/?.lua;'..package.path
	(main.lua:18)
2022-04-01 15:43:07.688 | :01000001 | INFO  | [WORKER 1] new service [bootstrap]
2022-04-01 15:43:07.688 | 14612     | INFO  |  new_service 16777218
2022-04-01 15:43:07.689 | 14612     | WARN  | @@@  package.path='G:/ddd/moon_example/server_moon/lualib/?.lua;G:\ddd\moon_example\server_moon\lua\?.lua;G:\ddd\moon_example\server_moon\lua\?\init.lua;G:\ddd\moon_example\server_moon\?.lua;G:\ddd\moon_example\server_moon\?\init.lua;G:\ddd\moon_example\server_moon\..\share\lua\5.4\?.lua;G:\ddd\moon_example\server_moon\..\share\lua\5.4\?\init.lua;.\?.lua;.\?\init.lua;./lualib/?.lua;./wmlualib/?.lua;./?.lua'
return {base_port=20520,port=20520,threadid=1,host='0.0.0.0',file='service_gate.lua',base_name='gate',unique=true,name='gate1',num=3,} (lua_service.cpp:107)
2022-04-01 15:43:07.689 | 14612     | ERROR | lua_service::init error:
initialize [string "package.path='G:/ddd/moon_example/server_moon..."]:1: invalid escape sequence near ''G:/ddd/moon_example/server_moon/lualib/?.lua;G:\d'(lua_service.cpp:108). (lua_service.cpp:126)
2022-04-01 15:43:07.689 | :01000002 | INFO  | [WORKER 1] destroy service [gate1] 
2022-04-01 15:43:07.689 | 15612     | INFO  |  new_service 33554433
2022-04-01 15:43:07.690 | 15612     | WARN  | @@@  package.path='G:/ddd/moon_example/server_moon/lualib/?.lua;G:\ddd\moon_example\server_moon\lua\?.lua;G:\ddd\moon_example\server_moon\lua\?\init.lua;G:\ddd\moon_example\server_moon\?.lua;G:\ddd\moon_example\server_moon\?\init.lua;G:\ddd\moon_example\server_moon\..\share\lua\5.4\?.lua;G:\ddd\moon_example\server_moon\..\share\lua\5.4\?\init.lua;.\?.lua;.\?\init.lua;./lualib/?.lua;./wmlualib/?.lua;./?.lua'
return {base_port=20520,port=20521,threadid=2,host='0.0.0.0',file='service_gate.lua',base_name='gate',unique=true,name='gate2',num=3,} (lua_service.cpp:107)
2022-04-01 15:43:07.690 | 15612     | ERROR | lua_service::init error:
initialize [string "package.path='G:/ddd/moon_example/server_moon..."]:1: invalid escape sequence near ''G:/ddd/moon_example/server_moon/lualib/?.lua;G:\d'(lua_service.cpp:108). (lua_service.cpp:126)
2022-04-01 15:43:07.690 | :02000001 | INFO  | [WORKER 2] destroy service [gate2] 
2022-04-01 15:43:07.690 | 23996     | INFO  |  new_service 50331649
2022-04-01 15:43:07.691 | 23996     | WARN  | @@@  package.path='G:/ddd/moon_example/server_moon/lualib/?.lua;G:\ddd\moon_example\server_moon\lua\?.lua;G:\ddd\moon_example\server_moon\lua\?\init.lua;G:\ddd\moon_example\server_moon\?.lua;G:\ddd\moon_example\server_moon\?\init.lua;G:\ddd\moon_example\server_moon\..\share\lua\5.4\?.lua;G:\ddd\moon_example\server_moon\..\share\lua\5.4\?\init.lua;.\?.lua;.\?\init.lua;./lualib/?.lua;./wmlualib/?.lua;./?.lua'
return {base_port=20520,port=20522,threadid=3,host='0.0.0.0',file='service_gate.lua',base_name='gate',unique=true,name='gate3',num=3,} (lua_service.cpp:107)
2022-04-01 15:43:07.691 | 23996     | ERROR | lua_service::init error:
initialize [string "package.path='G:/ddd/moon_example/server_moon..."]:1: invalid escape sequence near ''G:/ddd/moon_example/server_moon/lualib/?.lua;G:\d'(lua_service.cpp:108). (lua_service.cpp:126)
2022-04-01 15:43:07.691 | :03000001 | INFO  | [WORKER 3] destroy service [gate3] 
2022-04-01 15:43:07.691 | 15612     | INFO  |  new_service 33554434
2022-04-01 15:43:07.692 | 15612     | WARN  | @@@  package.path='G:/ddd/moon_example/server_moon/lualib/?.lua;G:\ddd\moon_example\server_moon\lua\?.lua;G:\ddd\moon_example\server_moon\lua\?\init.lua;G:\ddd\moon_example\server_moon\?.lua;G:\ddd\moon_example\server_moon\?\init.lua;G:\ddd\moon_example\server_moon\..\share\lua\5.4\?.lua;G:\ddd\moon_example\server_moon\..\share\lua\5.4\?\init.lua;.\?.lua;.\?\init.lua;./lualib/?.lua;./wmlualib/?.lua;./?.lua'
return {host='127.0.0.1',file='service_ingate.lua',num=2,unique=true,port=20620,base_port=20620,name='ingate1',base_name='ingate',} (lua_service.cpp:107)
2022-04-01 15:43:07.692 | 15612     | ERROR | lua_service::init error:
initialize [string "package.path='G:/ddd/moon_example/server_moon..."]:1: invalid escape sequence near ''G:/ddd/moon_example/server_moon/lualib/?.lua;G:\d'(lua_service.cpp:108). (lua_service.cpp:126)
2022-04-01 15:43:07.692 | :02000002 | INFO  | [WORKER 2] destroy service [ingate1] 
2022-04-01 15:43:07.693 | 15612     | INFO  |  new_service 33554435
2022-04-01 15:43:07.693 | 15612     | WARN  | @@@  package.path='G:/ddd/moon_example/server_moon/lualib/?.lua;G:\ddd\moon_example\server_moon\lua\?.lua;G:\ddd\moon_example\server_moon\lua\?\init.lua;G:\ddd\moon_example\server_moon\?.lua;G:\ddd\moon_example\server_moon\?\init.lua;G:\ddd\moon_example\server_moon\..\share\lua\5.4\?.lua;G:\ddd\moon_example\server_moon\..\share\lua\5.4\?\init.lua;.\?.lua;.\?\init.lua;./lualib/?.lua;./wmlualib/?.lua;./?.lua'
return {host='127.0.0.1',file='service_ingate.lua',num=2,unique=true,port=20621,base_port=20620,name='ingate2',base_name='ingate',} (lua_service.cpp:107)
2022-04-01 15:43:07.693 | 15612     | ERROR | lua_service::init error:
initialize [string "package.path='G:/ddd/moon_example/server_moon..."]:1: invalid escape sequence near ''G:/ddd/moon_example/server_moon/lualib/?.lua;G:\d'(lua_service.cpp:108). (lua_service.cpp:126)
2022-04-01 15:43:07.693 | :02000003 | INFO  | [WORKER 2] destroy service [ingate2] 
2022-04-01 15:43:14.745 | 22132     | WARN  | Received signal code 100 (server.cpp:62)
2022-04-01 15:43:14.745 | :01000001 | INFO  | ####### remove_service	(G:/ddd/moon_example/server_moon/lualib/moon.lua:213)
2022-04-01 15:43:14.745 | :01000001 | INFO  | [WORKER 1] destroy service [bootstrap] 
2022-04-01 15:43:14.747 | 6700      | INFO  | WORKER-6 STOP
2022-04-01 15:43:14.747 | 22620     | INFO  | WORKER-5 STOP
2022-04-01 15:43:14.747 | 4392      | INFO  | WORKER-4 STOP
2022-04-01 15:43:14.747 | 23996     | INFO  | WORKER-3 STOP
2022-04-01 15:43:14.747 | 15612     | INFO  | WORKER-2 STOP
2022-04-01 15:43:14.748 | 14612     | INFO  | WORKER-1 STOP
2022-04-01 15:43:14.748 | 22132     | INFO  | STOP
