2022-04-01 15:18:47.907 | 21212     | INFO  | INIT with 6 workers.
2022-04-01 15:18:47.907 | 21212     | INFO  | WORKER-1 RUN
2022-04-01 15:18:47.908 | 21212     | INFO  | WORKER-2 RUN
2022-04-01 15:18:47.908 | 21192     | INFO  | WORKER-1 START
2022-04-01 15:18:47.908 | 21212     | INFO  | WORKER-3 RUN
2022-04-01 15:18:47.909 | 24948     | INFO  | WORKER-2 START
2022-04-01 15:18:47.909 | 21212     | INFO  | WORKER-4 RUN
2022-04-01 15:18:47.909 | 26508     | INFO  | WORKER-3 START
2022-04-01 15:18:47.909 | 21212     | INFO  | WORKER-5 RUN
2022-04-01 15:18:47.909 | 22620     | INFO  | WORKER-4 START
2022-04-01 15:18:47.909 | 21212     | INFO  | WORKER-6 RUN
2022-04-01 15:18:47.910 | 25588     | INFO  | WORKER-5 START
2022-04-01 15:18:47.910 | 21192     | INFO  |  new_service 16777217
2022-04-01 15:18:47.910 | 5808      | INFO  | WORKER-6 START
2022-04-01 15:18:47.910 | 21212     | INFO  | server::run() state = 2
2022-04-01 15:18:47.918 | 21192     | WARN  | @@@  package.path='G:/ddd/moon_example/server_moon/lualib/?.lua;'..package.path
 (lua_service.cpp:107)
2022-04-01 15:18:47.924 | :01000001 | INFO  | start server	(main.lua:14)
2022-04-01 15:18:47.924 | :01000001 | INFO  | wmlualib/?.lua	(main.lua:23)
2022-04-01 15:18:47.924 | :01000001 | INFO  | wmlualib/?.lua;G:/ddd/moon_example/server_moon/lualib/?.lua;G:\ddd\moon_example\server_moon\lua\?.lua;G:\ddd\moon_example\server_moon\lua\?\init.lua;G:\ddd\moon_example\server_moon\?.lua;G:\ddd\moon_example\server_moon\?\init.lua;G:\ddd\moon_example\server_moon\..\share\lua\5.4\?.lua;G:\ddd\moon_example\server_moon\..\share\lua\5.4\?\init.lua;.\?.lua;.\?\init.lua	(main.lua:25)
2022-04-01 15:18:47.924 | :01000001 | INFO  | package.path='wmlualib/?.lua;G:/ddd/moon_example/server_moon/lualib/?.lua;G:\ddd\moon_example\server_moon\lua\?.lua;G:\ddd\moon_example\server_moon\lua\?\init.lua;G:\ddd\moon_example\server_moon\?.lua;G:\ddd\moon_example\server_moon\?\init.lua;G:\ddd\moon_example\server_moon\..\share\lua\5.4\?.lua;G:\ddd\moon_example\server_moon\..\share\lua\5.4\?\init.lua;.\?.lua;.\?\init.lua;'	(main.lua:29)
2022-04-01 15:18:47.926 | :01000001 | INFO  | [WORKER 1] new service [bootstrap]
2022-04-01 15:18:47.926 | 21192     | INFO  |  new_service 16777218
2022-04-01 15:18:47.927 | 21192     | WARN  | @@@  package.path='wmlualib/?.lua;G:/ddd/moon_example/server_moon/lualib/?.lua;G:\ddd\moon_example\server_moon\lua\?.lua;G:\ddd\moon_example\server_moon\lua\?\init.lua;G:\ddd\moon_example\server_moon\?.lua;G:\ddd\moon_example\server_moon\?\init.lua;G:\ddd\moon_example\server_moon\..\share\lua\5.4\?.lua;G:\ddd\moon_example\server_moon\..\share\lua\5.4\?\init.lua;.\?.lua;.\?\init.lua;'return {base_name='gate',num=3,unique=true,host='0.0.0.0',base_port=20520,file='service_gate.lua',threadid=1,name='gate1',port=20520,} (lua_service.cpp:107)
2022-04-01 15:18:47.927 | 21192     | ERROR | lua_service::init error:
initialize [string "package.path='wmlualib/?.lua;G:/ddd/moon_exam..."]:1: invalid escape sequence near ''wmlualib/?.lua;G:/ddd/moon_example/server_moon/lualib/?.lua;G:\d'(lua_service.cpp:108). (lua_service.cpp:126)
2022-04-01 15:18:47.927 | :01000002 | INFO  | [WORKER 1] destroy service [gate1] 
2022-04-01 15:18:47.927 | 24948     | INFO  |  new_service 33554433
2022-04-01 15:18:47.928 | 24948     | WARN  | @@@  package.path='wmlualib/?.lua;G:/ddd/moon_example/server_moon/lualib/?.lua;G:\ddd\moon_example\server_moon\lua\?.lua;G:\ddd\moon_example\server_moon\lua\?\init.lua;G:\ddd\moon_example\server_moon\?.lua;G:\ddd\moon_example\server_moon\?\init.lua;G:\ddd\moon_example\server_moon\..\share\lua\5.4\?.lua;G:\ddd\moon_example\server_moon\..\share\lua\5.4\?\init.lua;.\?.lua;.\?\init.lua;'return {base_name='gate',num=3,unique=true,host='0.0.0.0',base_port=20520,file='service_gate.lua',threadid=2,name='gate2',port=20521,} (lua_service.cpp:107)
2022-04-01 15:18:47.928 | 24948     | ERROR | lua_service::init error:
initialize [string "package.path='wmlualib/?.lua;G:/ddd/moon_exam..."]:1: invalid escape sequence near ''wmlualib/?.lua;G:/ddd/moon_example/server_moon/lualib/?.lua;G:\d'(lua_service.cpp:108). (lua_service.cpp:126)
2022-04-01 15:18:47.928 | :02000001 | INFO  | [WORKER 2] destroy service [gate2] 
2022-04-01 15:18:47.929 | 26508     | INFO  |  new_service 50331649
2022-04-01 15:18:47.930 | 26508     | WARN  | @@@  package.path='wmlualib/?.lua;G:/ddd/moon_example/server_moon/lualib/?.lua;G:\ddd\moon_example\server_moon\lua\?.lua;G:\ddd\moon_example\server_moon\lua\?\init.lua;G:\ddd\moon_example\server_moon\?.lua;G:\ddd\moon_example\server_moon\?\init.lua;G:\ddd\moon_example\server_moon\..\share\lua\5.4\?.lua;G:\ddd\moon_example\server_moon\..\share\lua\5.4\?\init.lua;.\?.lua;.\?\init.lua;'return {base_name='gate',num=3,unique=true,host='0.0.0.0',base_port=20520,file='service_gate.lua',threadid=3,name='gate3',port=20522,} (lua_service.cpp:107)
2022-04-01 15:18:47.930 | 26508     | ERROR | lua_service::init error:
initialize [string "package.path='wmlualib/?.lua;G:/ddd/moon_exam..."]:1: invalid escape sequence near ''wmlualib/?.lua;G:/ddd/moon_example/server_moon/lualib/?.lua;G:\d'(lua_service.cpp:108). (lua_service.cpp:126)
2022-04-01 15:18:47.930 | :03000001 | INFO  | [WORKER 3] destroy service [gate3] 
2022-04-01 15:18:47.930 | 24948     | INFO  |  new_service 33554434
2022-04-01 15:18:47.932 | 24948     | WARN  | @@@  package.path='wmlualib/?.lua;G:/ddd/moon_example/server_moon/lualib/?.lua;G:\ddd\moon_example\server_moon\lua\?.lua;G:\ddd\moon_example\server_moon\lua\?\init.lua;G:\ddd\moon_example\server_moon\?.lua;G:\ddd\moon_example\server_moon\?\init.lua;G:\ddd\moon_example\server_moon\..\share\lua\5.4\?.lua;G:\ddd\moon_example\server_moon\..\share\lua\5.4\?\init.lua;.\?.lua;.\?\init.lua;'return {name='ingate1',unique=true,base_name='ingate',base_port=20620,file='service_ingate.lua',num=2,host='127.0.0.1',port=20620,} (lua_service.cpp:107)
2022-04-01 15:18:47.932 | 24948     | ERROR | lua_service::init error:
initialize [string "package.path='wmlualib/?.lua;G:/ddd/moon_exam..."]:1: invalid escape sequence near ''wmlualib/?.lua;G:/ddd/moon_example/server_moon/lualib/?.lua;G:\d'(lua_service.cpp:108). (lua_service.cpp:126)
2022-04-01 15:18:47.932 | :02000002 | INFO  | [WORKER 2] destroy service [ingate1] 
2022-04-01 15:18:47.932 | 24948     | INFO  |  new_service 33554435
2022-04-01 15:18:47.933 | 24948     | WARN  | @@@  package.path='wmlualib/?.lua;G:/ddd/moon_example/server_moon/lualib/?.lua;G:\ddd\moon_example\server_moon\lua\?.lua;G:\ddd\moon_example\server_moon\lua\?\init.lua;G:\ddd\moon_example\server_moon\?.lua;G:\ddd\moon_example\server_moon\?\init.lua;G:\ddd\moon_example\server_moon\..\share\lua\5.4\?.lua;G:\ddd\moon_example\server_moon\..\share\lua\5.4\?\init.lua;.\?.lua;.\?\init.lua;'return {name='ingate2',unique=true,base_name='ingate',base_port=20620,file='service_ingate.lua',num=2,host='127.0.0.1',port=20621,} (lua_service.cpp:107)
2022-04-01 15:18:47.933 | 24948     | ERROR | lua_service::init error:
initialize [string "package.path='wmlualib/?.lua;G:/ddd/moon_exam..."]:1: invalid escape sequence near ''wmlualib/?.lua;G:/ddd/moon_example/server_moon/lualib/?.lua;G:\d'(lua_service.cpp:108). (lua_service.cpp:126)
2022-04-01 15:18:47.933 | :02000003 | INFO  | [WORKER 2] destroy service [ingate2] 
2022-04-01 15:19:51.827 | 21212     | WARN  | Received signal code 100 (server.cpp:62)
2022-04-01 15:19:51.827 | :01000001 | INFO  | ####### remove_service	(G:/ddd/moon_example/server_moon/lualib/moon.lua:213)
2022-04-01 15:19:51.827 | :01000001 | INFO  | [WORKER 1] destroy service [bootstrap] 
2022-04-01 15:19:51.829 | 5808      | INFO  | WORKER-6 STOP
2022-04-01 15:19:51.829 | 25588     | INFO  | WORKER-5 STOP
2022-04-01 15:19:51.829 | 22620     | INFO  | WORKER-4 STOP
2022-04-01 15:19:51.829 | 26508     | INFO  | WORKER-3 STOP
2022-04-01 15:19:51.829 | 24948     | INFO  | WORKER-2 STOP
2022-04-01 15:19:51.829 | 21192     | INFO  | WORKER-1 STOP
2022-04-01 15:19:51.829 | 21212     | INFO  | STOP
