2022-04-12 11:18:58.228 | 19748     | INFO  | INIT with 6 workers.
2022-04-12 11:18:58.228 | 19748     | INFO  | WORKER-1 RUN
2022-04-12 11:18:58.229 | 19748     | INFO  | WORKER-2 RUN
2022-04-12 11:18:58.229 | 19748     | INFO  | WORKER-3 RUN
2022-04-12 11:18:58.229 | 17944     | INFO  | WORKER-1 START
2022-04-12 11:18:58.229 | 23980     | INFO  | WORKER-2 START
2022-04-12 11:18:58.229 | 19748     | INFO  | WORKER-4 RUN
2022-04-12 11:18:58.229 | 9548      | INFO  | WORKER-3 START
2022-04-12 11:18:58.229 | 19748     | INFO  | WORKER-5 RUN
2022-04-12 11:18:58.229 | 9520      | INFO  | WORKER-4 START
2022-04-12 11:18:58.230 | 19748     | INFO  | WORKER-6 RUN
2022-04-12 11:18:58.230 | 12976     | INFO  | WORKER-5 START
2022-04-12 11:18:58.230 | 20776     | INFO  | WORKER-6 START
2022-04-12 11:18:58.230 | 17944     | INFO  |  new_service 16777217
2022-04-12 11:18:58.230 | 19748     | INFO  | server::run() state = 2
2022-04-12 11:18:58.239 | 17944     | WARN  | @@@  package.path='G:/ddd/moon_example/server_moon/lualib/?.lua;'..package.path
 (lua_service.cpp:107)
2022-04-12 11:18:58.248 | :01000001 | INFO  | start server	(main.lua:13)
2022-04-12 11:18:58.249 | :01000001 | INFO  | [WORKER 1] new service [bootstrap]
2022-04-12 11:18:58.249 | 17944     | INFO  |  new_service 16777218
2022-04-12 11:18:58.251 | 17944     | WARN  | @@@  package.path='./lualib/?.lua;./wmlualib/?.lua;./middle/?.lua;'..package.path
return {threadid=1,host='0.0.0.0',file='service_gate.lua',base_port=20520,name='gate1',port=20520,num=3,unique=true,base_name='gate',} (lua_service.cpp:107)
2022-04-12 11:18:58.262 | 17944     | ERROR | lua_service::init error:
run error loading module 'global_common' from file 'G:\ddd\moon_example\server_moon\global_common.lua':
	G:\ddd\moon_example\server_moon\global_common.lua:3: unexpected symbol near '='
stack traceback:
	[C]: in ?,	 params:
	[C]: in function 'require',	 params:
	G:\ddd\moon_example\server_moon\priority_load.lua:5: in main chunk,	 params: moon = table: 00000280878EAB20; _wg = table: 000002808816C4B0;
	[C]: in function 'require',	 params:
	service_gate.lua:6: in main chunk,	 params: conf = table: 00000280878EA6A0; moon = table: 00000280878EAB20; socket = table: 00000280878EA1A0; seri = table: 00000280878EB420;(lua_service.cpp:111). (lua_service.cpp:126)
2022-04-12 11:18:58.262 | :01000002 | INFO  | [WORKER 1] destroy service [gate1] 
2022-04-12 11:18:58.263 | 23980     | INFO  |  new_service 33554433
2022-04-12 11:18:58.264 | 23980     | WARN  | @@@  package.path='./lualib/?.lua;./wmlualib/?.lua;./middle/?.lua;'..package.path
return {threadid=2,host='0.0.0.0',file='service_gate.lua',base_port=20520,name='gate2',port=20521,num=3,unique=true,base_name='gate',} (lua_service.cpp:107)
2022-04-12 11:18:58.267 | 23980     | ERROR | lua_service::init error:
run error loading module 'global_common' from file 'G:\ddd\moon_example\server_moon\global_common.lua':
	G:\ddd\moon_example\server_moon\global_common.lua:3: unexpected symbol near '='
stack traceback:
	[C]: in ?,	 params:
	[C]: in function 'require',	 params:
	G:\ddd\moon_example\server_moon\priority_load.lua:5: in main chunk,	 params: moon = table: 0000028088197C40; _wg = table: 00000280878EA020;
	[C]: in function 'require',	 params:
	service_gate.lua:6: in main chunk,	 params: conf = table: 00000280878EB220; moon = table: 0000028088197C40; socket = table: 0000028088198E40; seri = table: 0000028088198A40;(lua_service.cpp:111). (lua_service.cpp:126)
2022-04-12 11:18:58.267 | :02000001 | INFO  | [WORKER 2] destroy service [gate2] 
2022-04-12 11:18:58.267 | 9548      | INFO  |  new_service 50331649
2022-04-12 11:18:58.268 | 9548      | WARN  | @@@  package.path='./lualib/?.lua;./wmlualib/?.lua;./middle/?.lua;'..package.path
return {threadid=3,host='0.0.0.0',file='service_gate.lua',base_port=20520,name='gate3',port=20522,num=3,unique=true,base_name='gate',} (lua_service.cpp:107)
2022-04-12 11:18:58.270 | 9548      | ERROR | lua_service::init error:
run error loading module 'global_common' from file 'G:\ddd\moon_example\server_moon\global_common.lua':
	G:\ddd\moon_example\server_moon\global_common.lua:3: unexpected symbol near '='
stack traceback:
	[C]: in ?,	 params:
	[C]: in function 'require',	 params:
	G:\ddd\moon_example\server_moon\priority_load.lua:5: in main chunk,	 params: moon = table: 0000028088198A40; _wg = table: 00000280878EAE20;
	[C]: in function 'require',	 params:
	service_gate.lua:6: in main chunk,	 params: conf = table: 0000028088197740; moon = table: 0000028088198A40; socket = table: 0000028088197240; seri = table: 0000028088198BC0;(lua_service.cpp:111). (lua_service.cpp:126)
2022-04-12 11:18:58.270 | :03000001 | INFO  | [WORKER 3] destroy service [gate3] 
2022-04-12 11:18:58.270 | 23980     | INFO  |  new_service 33554434
2022-04-12 11:18:58.271 | 23980     | WARN  | @@@  package.path='./lualib/?.lua;./wmlualib/?.lua;./middle/?.lua;'..package.path
return {name='ingate1',base_port=20620,base_name='ingate',port=20620,unique=true,host='127.0.0.1',num=2,file='service_ingate.lua',} (lua_service.cpp:107)
2022-04-12 11:18:58.275 | 23980     | ERROR | lua_service::init error:
run error loading module 'global_common' from file 'G:\ddd\moon_example\server_moon\global_common.lua':
	G:\ddd\moon_example\server_moon\global_common.lua:3: unexpected symbol near '='
stack traceback:
	[C]: in ?,	 params:
	[C]: in function 'require',	 params:
	G:\ddd\moon_example\server_moon\priority_load.lua:5: in main chunk,	 params: moon = table: 00000280881971C0; _wg = table: 00000280878EA4A0;
	[C]: in function 'require',	 params:
	service_ingate.lua:6: in main chunk,	 params: conf = table: 00000280878EAAA0; moon = table: 00000280881971C0; socket = table: 0000028088198040; json = table: 0000028088197640;(lua_service.cpp:111). (lua_service.cpp:126)
2022-04-12 11:18:58.275 | :02000002 | INFO  | [WORKER 2] destroy service [ingate1] 
2022-04-12 11:18:58.275 | 23980     | INFO  |  new_service 33554435
2022-04-12 11:18:58.276 | 23980     | WARN  | @@@  package.path='./lualib/?.lua;./wmlualib/?.lua;./middle/?.lua;'..package.path
return {name='ingate2',base_port=20620,base_name='ingate',port=20621,unique=true,host='127.0.0.1',num=2,file='service_ingate.lua',} (lua_service.cpp:107)
2022-04-12 11:18:58.279 | 23980     | ERROR | lua_service::init error:
run error loading module 'global_common' from file 'G:\ddd\moon_example\server_moon\global_common.lua':
	G:\ddd\moon_example\server_moon\global_common.lua:3: unexpected symbol near '='
stack traceback:
	[C]: in ?,	 params:
	[C]: in function 'require',	 params:
	G:\ddd\moon_example\server_moon\priority_load.lua:5: in main chunk,	 params: moon = table: 00000280878EAB20; _wg = table: 0000028088198E40;
	[C]: in function 'require',	 params:
	service_ingate.lua:6: in main chunk,	 params: conf = table: 0000028088197A40; moon = table: 00000280878EAB20; socket = table: 00000280878EA420; json = table: 00000280878EB320;(lua_service.cpp:111). (lua_service.cpp:126)
2022-04-12 11:18:58.279 | :02000003 | INFO  | [WORKER 2] destroy service [ingate2] 
2022-04-12 11:19:16.292 | 19748     | WARN  | Received signal code 100 (server.cpp:62)
2022-04-12 11:19:16.292 | :01000001 | INFO  | [WORKER 1] destroy service [bootstrap] 
2022-04-12 11:19:16.294 | 20776     | INFO  | WORKER-6 STOP
2022-04-12 11:19:16.295 | 12976     | INFO  | WORKER-5 STOP
2022-04-12 11:19:16.295 | 9520      | INFO  | WORKER-4 STOP
2022-04-12 11:19:16.295 | 9548      | INFO  | WORKER-3 STOP
2022-04-12 11:19:16.295 | 23980     | INFO  | WORKER-2 STOP
2022-04-12 11:19:16.295 | 17944     | INFO  | WORKER-1 STOP
2022-04-12 11:19:16.295 | 19748     | INFO  | STOP
