2022-04-02 10:27:25.624 | 25160     | INFO  | INIT with 6 workers.
2022-04-02 10:27:25.624 | 25160     | INFO  | WORKER-1 RUN
2022-04-02 10:27:25.624 | 25160     | INFO  | WORKER-2 RUN
2022-04-02 10:27:25.625 | 25248     | INFO  | WORKER-1 START
2022-04-02 10:27:25.625 | 25160     | INFO  | WORKER-3 RUN
2022-04-02 10:27:25.625 | 25292     | INFO  | WORKER-2 START
2022-04-02 10:27:25.625 | 25160     | INFO  | WORKER-4 RUN
2022-04-02 10:27:25.625 | 22072     | INFO  | WORKER-3 START
2022-04-02 10:27:25.625 | 25160     | INFO  | WORKER-5 RUN
2022-04-02 10:27:25.625 | 21556     | INFO  | WORKER-4 START
2022-04-02 10:27:25.625 | 25160     | INFO  | WORKER-6 RUN
2022-04-02 10:27:25.625 | 17128     | INFO  | WORKER-5 START
2022-04-02 10:27:25.626 | 25416     | INFO  | WORKER-6 START
2022-04-02 10:27:25.626 | 25248     | INFO  |  new_service 16777217
2022-04-02 10:27:25.626 | 25160     | INFO  | server::run() state = 2
2022-04-02 10:27:25.632 | 25248     | WARN  | @@@  package.path='G:/ddd/moon_example/server_moon/lualib/?.lua;'..package.path
 (lua_service.cpp:107)
2022-04-02 10:27:25.638 | :01000001 | INFO  | start server	(main.lua:13)
2022-04-02 10:27:25.638 | :01000001 | INFO  | [WORKER 1] new service [bootstrap]
2022-04-02 10:27:25.638 | 25292     | INFO  |  new_service 33554433
2022-04-02 10:27:25.640 | 25292     | WARN  | @@@  package.path='./lualib/?.lua;./wmlualib/?.lua;'..package.path
return {unique=true,num=2,base_name='login',file='service_login.lua',name='login1',} (lua_service.cpp:107)
2022-04-02 10:27:25.647 | 25292     | INFO  | #### start cost ts -400996017
2022-04-02 10:27:25.648 | 25292     | INFO  | #### cost ts  -400996017  0
2022-04-02 10:27:25.648 | :02000001 | INFO  | [WORKER 2] new service [login1]
2022-04-02 10:27:25.648 | 22072     | INFO  |  new_service 50331649
2022-04-02 10:27:25.649 | :02000001 | INFO  | connect	1	127.0.0.1:20620	(service_login.lua:11)
2022-04-02 10:27:25.649 | 22072     | WARN  | @@@  package.path='./lualib/?.lua;./wmlualib/?.lua;'..package.path
return {unique=true,num=2,base_name='login',file='service_login.lua',name='login2',} (lua_service.cpp:107)
2022-04-02 10:27:25.649 | 25292     | INFO  | #### start cost ts -400996015
2022-04-02 10:27:25.649 | 25292     | INFO  | #### cost ts  -400996015  0
2022-04-02 10:27:25.650 | :02000001 | INFO  | connect	2	127.0.0.1:20621	(service_login.lua:11)
2022-04-02 10:27:25.652 | 22072     | INFO  | #### start cost ts -400996013
2022-04-02 10:27:25.652 | 22072     | INFO  | #### cost ts  -400996013  0
2022-04-02 10:27:25.652 | :03000001 | INFO  | [WORKER 3] new service [login2]
2022-04-02 10:27:25.653 | :03000001 | INFO  | connect	3	127.0.0.1:20620	(service_login.lua:11)
2022-04-02 10:27:25.654 | 22072     | INFO  | #### start cost ts -400996011
2022-04-02 10:27:25.654 | 22072     | INFO  | #### cost ts  -400996011  0
2022-04-02 10:27:25.654 | :03000001 | INFO  | connect	4	127.0.0.1:20621	(service_login.lua:11)
2022-04-02 10:27:36.233 | :02000001 | INFO  | pwd: 123456
b: 2
a: 1
account: wm
name: 哈哈	(service_login.lua:111)
2022-04-02 10:27:49.985 | :02000001 | INFO  | pwd: 123456
b: 2
a: 1
account: wm
name: 哈哈	(service_login.lua:111)
2022-04-02 10:28:09.986 | :02000001 | INFO  | pwd: 123456
b: 2
a: 1
account: wm
name: 哈哈	(service_login.lua:111)
2022-04-02 10:28:27.216 | 25160     | WARN  | Received signal code 100 (server.cpp:62)
2022-04-02 10:28:27.216 | :01000001 | INFO  | [WORKER 1] destroy service [bootstrap] 
2022-04-02 10:28:27.216 | :03000001 | INFO  | [WORKER 3] destroy service [login2] 
2022-04-02 10:28:27.216 | :02000001 | INFO  | [WORKER 2] destroy service [login1] 
2022-04-02 10:28:27.218 | 25416     | INFO  | WORKER-6 STOP
2022-04-02 10:28:27.218 | 17128     | INFO  | WORKER-5 STOP
2022-04-02 10:28:27.218 | 21556     | INFO  | WORKER-4 STOP
2022-04-02 10:28:27.218 | 22072     | INFO  | WORKER-3 STOP
2022-04-02 10:28:27.219 | 25292     | INFO  | WORKER-2 STOP
2022-04-02 10:28:27.219 | 25248     | INFO  | WORKER-1 STOP
2022-04-02 10:28:27.219 | 25160     | INFO  | STOP
