2022-04-01 15:28:40.945 | 24388     | INFO  | INIT with 6 workers.
2022-04-01 15:28:40.946 | 24388     | INFO  | WORKER-1 RUN
2022-04-01 15:28:40.946 | 24388     | INFO  | WORKER-2 RUN
2022-04-01 15:28:40.947 | 18288     | INFO  | WORKER-1 START
2022-04-01 15:28:40.947 | 24388     | INFO  | WORKER-3 RUN
2022-04-01 15:28:40.947 | 20612     | INFO  | WORKER-2 START
2022-04-01 15:28:40.947 | 24388     | INFO  | WORKER-4 RUN
2022-04-01 15:28:40.948 | 24388     | INFO  | WORKER-5 RUN
2022-04-01 15:28:40.948 | 20672     | INFO  | WORKER-3 START
2022-04-01 15:28:40.948 | 19948     | INFO  | WORKER-4 START
2022-04-01 15:28:40.948 | 24388     | INFO  | WORKER-6 RUN
2022-04-01 15:28:40.948 | 26140     | INFO  | WORKER-5 START
2022-04-01 15:28:40.948 | 18288     | INFO  |  new_service 16777217
2022-04-01 15:28:40.949 | 12348     | INFO  | WORKER-6 START
2022-04-01 15:28:40.949 | 24388     | INFO  | server::run() state = 2
2022-04-01 15:28:40.956 | 18288     | WARN  | @@@  package.path='G:/ddd/moon_example/server_moon/lualib/?.lua;'..package.path
 (lua_service.cpp:107)
2022-04-01 15:28:40.962 | :01000001 | INFO  | start server	(main.lua:14)
2022-04-01 15:28:40.962 | :01000001 | INFO  | package.path='G:/ddd/moon_example/server_moon/lualib/?.lua;'..package.path
	(main.lua:18)
2022-04-01 15:28:40.962 | :01000001 | INFO  | ./lualib/?.lua;./wmlualib/?.lua	(main.lua:26)
2022-04-01 15:28:40.962 | :01000001 | INFO  | ./lualib/?.lua;./wmlualib/?.lua;	(main.lua:28)
2022-04-01 15:28:40.962 | 18288     | ERROR | lua_service::init error:
run main.lua:32: module 'server_config' not found:
	no field package.preload['server_config']
	no file './lualib/server_config.lua'
	no file './wmlualib/server_config.lua'
	no file ''
	no file 'G:\ddd\moon_example\server_moon\server_config.dll'
	no file 'G:\ddd\moon_example\server_moon\..\lib\lua\5.4\server_config.dll'
	no file 'G:\ddd\moon_example\server_moon\loadall.dll'
	no file '.\server_config.dll'
stack traceback:
	[C]: in function 'require',	 params:
	main.lua:32: in main chunk,	 params: moon = table: 000001A770DF9990; p = package.path='G:/ddd/moon_example/server_moon/lualib/?.lua;'..package.path
; path = ./lualib/?.lua;./wmlualib/?.lua;(lua_service.cpp:111). (lua_service.cpp:126)
2022-04-01 15:28:40.962 | :01000001 | INFO  | [WORKER 1] destroy service [bootstrap] 
2022-04-01 15:28:40.963 | 12348     | INFO  | WORKER-6 STOP
2022-04-01 15:28:40.963 | 26140     | INFO  | WORKER-5 STOP
2022-04-01 15:28:40.963 | 19948     | INFO  | WORKER-4 STOP
2022-04-01 15:28:40.964 | 20672     | INFO  | WORKER-3 STOP
2022-04-01 15:28:40.964 | 20612     | INFO  | WORKER-2 STOP
2022-04-01 15:28:40.964 | 18288     | INFO  | WORKER-1 STOP
2022-04-01 15:28:40.964 | 24388     | INFO  | STOP
