2022-04-01 15:22:06.817 | 26032     | INFO  | INIT with 6 workers.
2022-04-01 15:22:06.817 | 26032     | INFO  | WORKER-1 RUN
2022-04-01 15:22:06.818 | 26032     | INFO  | WORKER-2 RUN
2022-04-01 15:22:06.819 | 24592     | INFO  | WORKER-1 START
2022-04-01 15:22:06.819 | 26032     | INFO  | WORKER-3 RUN
2022-04-01 15:22:06.820 | 10860     | INFO  | WORKER-2 START
2022-04-01 15:22:06.820 | 26032     | INFO  | WORKER-4 RUN
2022-04-01 15:22:06.820 | 26032     | INFO  | WORKER-5 RUN
2022-04-01 15:22:06.820 | 7908      | INFO  | WORKER-4 START
2022-04-01 15:22:06.820 | 26032     | INFO  | WORKER-6 RUN
2022-04-01 15:22:06.820 | 9900      | INFO  | WORKER-3 START
2022-04-01 15:22:06.820 | 24160     | INFO  | WORKER-5 START
2022-04-01 15:22:06.821 | 24592     | INFO  |  new_service 16777217
2022-04-01 15:22:06.821 | 20172     | INFO  | WORKER-6 START
2022-04-01 15:22:06.821 | 26032     | INFO  | server::run() state = 2
2022-04-01 15:22:06.827 | 24592     | WARN  | @@@  package.path='G:/ddd/moon_example/server_moon/lualib/?.lua;'..package.path
 (lua_service.cpp:107)
2022-04-01 15:22:06.834 | :01000001 | INFO  | start server	(main.lua:14)
2022-04-01 15:22:06.834 | :01000001 | INFO  | ./wmlualib/?.lua	(main.lua:23)
2022-04-01 15:22:06.834 | :01000001 | INFO  | ./wmlualib/?.lua;G:/ddd/moon_example/server_moon/lualib/?.lua;G:\ddd\moon_example\server_moon\lua\?.lua;G:\ddd\moon_example\server_moon\lua\?\init.lua;G:\ddd\moon_example\server_moon\?.lua;G:\ddd\moon_example\server_moon\?\init.lua;G:\ddd\moon_example\server_moon\..\share\lua\5.4\?.lua;G:\ddd\moon_example\server_moon\..\share\lua\5.4\?\init.lua;.\?.lua;.\?\init.lua	(main.lua:25)
2022-04-01 15:22:06.834 | :01000001 | INFO  | package.path='./wmlualib/?.lua;G:/ddd/moon_example/server_moon/lualib/?.lua;G:\ddd\moon_example\server_moon\lua\?.lua;G:\ddd\moon_example\server_moon\lua\?\init.lua;G:\ddd\moon_example\server_moon\?.lua;G:\ddd\moon_example\server_moon\?\init.lua;G:\ddd\moon_example\server_moon\..\share\lua\5.4\?.lua;G:\ddd\moon_example\server_moon\..\share\lua\5.4\?\init.lua;.\?.lua;.\?\init.lua;'	(main.lua:29)
2022-04-01 15:22:06.835 | :01000001 | INFO  | [WORKER 1] new service [bootstrap]
2022-04-01 15:22:06.835 | 24592     | INFO  |  new_service 16777218
2022-04-01 15:22:06.836 | 24592     | WARN  | @@@  package.path='./wmlualib/?.lua;G:/ddd/moon_example/server_moon/lualib/?.lua;G:\ddd\moon_example\server_moon\lua\?.lua;G:\ddd\moon_example\server_moon\lua\?\init.lua;G:\ddd\moon_example\server_moon\?.lua;G:\ddd\moon_example\server_moon\?\init.lua;G:\ddd\moon_example\server_moon\..\share\lua\5.4\?.lua;G:\ddd\moon_example\server_moon\..\share\lua\5.4\?\init.lua;.\?.lua;.\?\init.lua;'return {port=20520,base_name='gate',file='service_gate.lua',name='gate1',unique=true,threadid=1,host='0.0.0.0',base_port=20520,num=3,} (lua_service.cpp:107)
2022-04-01 15:22:06.836 | 24592     | ERROR | lua_service::init error:
initialize [string "package.path='./wmlualib/?.lua;G:/ddd/moon_ex..."]:1: invalid escape sequence near ''./wmlualib/?.lua;G:/ddd/moon_example/server_moon/lualib/?.lua;G:\d'(lua_service.cpp:108). (lua_service.cpp:126)
2022-04-01 15:22:06.836 | :01000002 | INFO  | [WORKER 1] destroy service [gate1] 
2022-04-01 15:22:06.837 | 10860     | INFO  |  new_service 33554433
2022-04-01 15:22:06.838 | 10860     | WARN  | @@@  package.path='./wmlualib/?.lua;G:/ddd/moon_example/server_moon/lualib/?.lua;G:\ddd\moon_example\server_moon\lua\?.lua;G:\ddd\moon_example\server_moon\lua\?\init.lua;G:\ddd\moon_example\server_moon\?.lua;G:\ddd\moon_example\server_moon\?\init.lua;G:\ddd\moon_example\server_moon\..\share\lua\5.4\?.lua;G:\ddd\moon_example\server_moon\..\share\lua\5.4\?\init.lua;.\?.lua;.\?\init.lua;'return {port=20521,base_name='gate',file='service_gate.lua',name='gate2',unique=true,threadid=2,host='0.0.0.0',base_port=20520,num=3,} (lua_service.cpp:107)
2022-04-01 15:22:06.838 | 10860     | ERROR | lua_service::init error:
initialize [string "package.path='./wmlualib/?.lua;G:/ddd/moon_ex..."]:1: invalid escape sequence near ''./wmlualib/?.lua;G:/ddd/moon_example/server_moon/lualib/?.lua;G:\d'(lua_service.cpp:108). (lua_service.cpp:126)
2022-04-01 15:22:06.838 | :02000001 | INFO  | [WORKER 2] destroy service [gate2] 
2022-04-01 15:22:06.838 | 9900      | INFO  |  new_service 50331649
2022-04-01 15:22:06.839 | 9900      | WARN  | @@@  package.path='./wmlualib/?.lua;G:/ddd/moon_example/server_moon/lualib/?.lua;G:\ddd\moon_example\server_moon\lua\?.lua;G:\ddd\moon_example\server_moon\lua\?\init.lua;G:\ddd\moon_example\server_moon\?.lua;G:\ddd\moon_example\server_moon\?\init.lua;G:\ddd\moon_example\server_moon\..\share\lua\5.4\?.lua;G:\ddd\moon_example\server_moon\..\share\lua\5.4\?\init.lua;.\?.lua;.\?\init.lua;'return {port=20522,base_name='gate',file='service_gate.lua',name='gate3',unique=true,threadid=3,host='0.0.0.0',base_port=20520,num=3,} (lua_service.cpp:107)
2022-04-01 15:22:06.839 | 9900      | ERROR | lua_service::init error:
initialize [string "package.path='./wmlualib/?.lua;G:/ddd/moon_ex..."]:1: invalid escape sequence near ''./wmlualib/?.lua;G:/ddd/moon_example/server_moon/lualib/?.lua;G:\d'(lua_service.cpp:108). (lua_service.cpp:126)
2022-04-01 15:22:06.839 | :03000001 | INFO  | [WORKER 3] destroy service [gate3] 
2022-04-01 15:22:06.839 | 10860     | INFO  |  new_service 33554434
2022-04-01 15:22:06.840 | 10860     | WARN  | @@@  package.path='./wmlualib/?.lua;G:/ddd/moon_example/server_moon/lualib/?.lua;G:\ddd\moon_example\server_moon\lua\?.lua;G:\ddd\moon_example\server_moon\lua\?\init.lua;G:\ddd\moon_example\server_moon\?.lua;G:\ddd\moon_example\server_moon\?\init.lua;G:\ddd\moon_example\server_moon\..\share\lua\5.4\?.lua;G:\ddd\moon_example\server_moon\..\share\lua\5.4\?\init.lua;.\?.lua;.\?\init.lua;'return {file='service_ingate.lua',name='ingate1',unique=true,base_name='ingate',port=20620,num=2,base_port=20620,host='127.0.0.1',} (lua_service.cpp:107)
2022-04-01 15:22:06.840 | 10860     | ERROR | lua_service::init error:
initialize [string "package.path='./wmlualib/?.lua;G:/ddd/moon_ex..."]:1: invalid escape sequence near ''./wmlualib/?.lua;G:/ddd/moon_example/server_moon/lualib/?.lua;G:\d'(lua_service.cpp:108). (lua_service.cpp:126)
2022-04-01 15:22:06.840 | :02000002 | INFO  | [WORKER 2] destroy service [ingate1] 
2022-04-01 15:22:06.841 | 10860     | INFO  |  new_service 33554435
2022-04-01 15:22:06.841 | 10860     | WARN  | @@@  package.path='./wmlualib/?.lua;G:/ddd/moon_example/server_moon/lualib/?.lua;G:\ddd\moon_example\server_moon\lua\?.lua;G:\ddd\moon_example\server_moon\lua\?\init.lua;G:\ddd\moon_example\server_moon\?.lua;G:\ddd\moon_example\server_moon\?\init.lua;G:\ddd\moon_example\server_moon\..\share\lua\5.4\?.lua;G:\ddd\moon_example\server_moon\..\share\lua\5.4\?\init.lua;.\?.lua;.\?\init.lua;'return {file='service_ingate.lua',name='ingate2',unique=true,base_name='ingate',port=20621,num=2,base_port=20620,host='127.0.0.1',} (lua_service.cpp:107)
2022-04-01 15:22:06.841 | 10860     | ERROR | lua_service::init error:
initialize [string "package.path='./wmlualib/?.lua;G:/ddd/moon_ex..."]:1: invalid escape sequence near ''./wmlualib/?.lua;G:/ddd/moon_example/server_moon/lualib/?.lua;G:\d'(lua_service.cpp:108). (lua_service.cpp:126)
2022-04-01 15:22:06.841 | :02000003 | INFO  | [WORKER 2] destroy service [ingate2] 
2022-04-01 15:22:41.323 | 26032     | WARN  | Received signal code 100 (server.cpp:62)
2022-04-01 15:22:41.323 | :01000001 | INFO  | ####### remove_service	(G:/ddd/moon_example/server_moon/lualib/moon.lua:213)
2022-04-01 15:22:41.323 | :01000001 | INFO  | [WORKER 1] destroy service [bootstrap] 
2022-04-01 15:22:41.325 | 20172     | INFO  | WORKER-6 STOP
2022-04-01 15:22:41.325 | 24160     | INFO  | WORKER-5 STOP
2022-04-01 15:22:41.325 | 7908      | INFO  | WORKER-4 STOP
2022-04-01 15:22:41.325 | 9900      | INFO  | WORKER-3 STOP
2022-04-01 15:22:41.325 | 10860     | INFO  | WORKER-2 STOP
2022-04-01 15:22:41.325 | 24592     | INFO  | WORKER-1 STOP
2022-04-01 15:22:41.326 | 26032     | INFO  | STOP
