2022-04-01 14:51:15.399 | 15408     | INFO  | INIT with 6 workers.
2022-04-01 14:51:15.399 | 15408     | INFO  | WORKER-1 RUN
2022-04-01 14:51:15.400 | 15408     | INFO  | WORKER-2 RUN
2022-04-01 14:51:15.400 | 4240      | INFO  | WORKER-1 START
2022-04-01 14:51:15.400 | 15408     | INFO  | WORKER-3 RUN
2022-04-01 14:51:15.400 | 24716     | INFO  | WORKER-2 START
2022-04-01 14:51:15.401 | 15408     | INFO  | WORKER-4 RUN
2022-04-01 14:51:15.401 | 24084     | INFO  | WORKER-3 START
2022-04-01 14:51:15.401 | 15408     | INFO  | WORKER-5 RUN
2022-04-01 14:51:15.401 | 14888     | INFO  | WORKER-4 START
2022-04-01 14:51:15.401 | 15408     | INFO  | WORKER-6 RUN
2022-04-01 14:51:15.401 | 20852     | INFO  | WORKER-5 START
2022-04-01 14:51:15.401 | 4240      | INFO  |  new_service 16777217
2022-04-01 14:51:15.401 | 15408     | INFO  | server::run() state = 2
2022-04-01 14:51:15.401 | 20884     | INFO  | WORKER-6 START
2022-04-01 14:51:15.410 | :01000001 | INFO  | start server	(main.lua:14)
2022-04-01 14:51:15.410 | :01000001 | INFO  | G:/ddd/moon_example/server_moon/lualib/?.lua;G:\ddd\moon_example\server_moon\lua\?.lua;G:\ddd\moon_example\server_moon\lua\?\init.lua;G:\ddd\moon_example\server_moon\?.lua;G:\ddd\moon_example\server_moon\?\init.lua;G:\ddd\moon_example\server_moon\..\share\lua\5.4\?.lua;G:\ddd\moon_example\server_moon\..\share\lua\5.4\?\init.lua;.\?.lua;.\?\init.lua	(main.lua:16)
2022-04-01 14:51:15.410 | :01000001 | INFO  | package.path='wmlualib/?.lua;'G:/ddd/moon_example/server_moon/lualib/?.lua;G:\ddd\moon_example\server_moon\lua\?.lua;G:\ddd\moon_example\server_moon\lua\?\init.lua;G:\ddd\moon_example\server_moon\?.lua;G:\ddd\moon_example\server_moon\?\init.lua;G:\ddd\moon_example\server_moon\..\share\lua\5.4\?.lua;G:\ddd\moon_example\server_moon\..\share\lua\5.4\?\init.lua;.\?.lua;.\?\init.lua
	(main.lua:26)
2022-04-01 14:51:15.410 | :01000001 | INFO  | [WORKER 1] new service [bootstrap]
2022-04-01 14:51:15.410 | 4240      | INFO  |  new_service 16777218
2022-04-01 14:51:15.411 | 4240      | ERROR | lua_service::init error:
initialize [string "package.path='wmlualib/?.lua;'G:/ddd/moon_exa..."]:1: <name> expected near '/'(lua_service.cpp:106). (lua_service.cpp:124)
2022-04-01 14:51:15.411 | :01000002 | INFO  | [WORKER 1] destroy service [gate1] 
2022-04-01 14:51:15.411 | 24716     | INFO  |  new_service 33554433
2022-04-01 14:51:15.411 | 24716     | ERROR | lua_service::init error:
initialize [string "package.path='wmlualib/?.lua;'G:/ddd/moon_exa..."]:1: <name> expected near '/'(lua_service.cpp:106). (lua_service.cpp:124)
2022-04-01 14:51:15.411 | :02000001 | INFO  | [WORKER 2] destroy service [gate2] 
2022-04-01 14:51:15.411 | 24084     | INFO  |  new_service 50331649
2022-04-01 14:51:15.411 | 24084     | ERROR | lua_service::init error:
initialize [string "package.path='wmlualib/?.lua;'G:/ddd/moon_exa..."]:1: <name> expected near '/'(lua_service.cpp:106). (lua_service.cpp:124)
2022-04-01 14:51:15.411 | :03000001 | INFO  | [WORKER 3] destroy service [gate3] 
2022-04-01 14:51:15.411 | 24716     | INFO  |  new_service 33554434
2022-04-01 14:51:15.412 | 24716     | ERROR | lua_service::init error:
initialize [string "package.path='wmlualib/?.lua;'G:/ddd/moon_exa..."]:1: <name> expected near '/'(lua_service.cpp:106). (lua_service.cpp:124)
2022-04-01 14:51:15.412 | :02000002 | INFO  | [WORKER 2] destroy service [ingate1] 
2022-04-01 14:51:15.412 | 24716     | INFO  |  new_service 33554435
2022-04-01 14:51:15.412 | 24716     | ERROR | lua_service::init error:
initialize [string "package.path='wmlualib/?.lua;'G:/ddd/moon_exa..."]:1: <name> expected near '/'(lua_service.cpp:106). (lua_service.cpp:124)
2022-04-01 14:51:15.412 | :02000003 | INFO  | [WORKER 2] destroy service [ingate2] 
2022-04-01 15:03:01.935 | 15408     | WARN  | Received signal code 100 (server.cpp:62)
2022-04-01 15:03:01.935 | :01000001 | INFO  | ####### remove_service	(G:/ddd/moon_example/server_moon/lualib/moon.lua:213)
2022-04-01 15:03:01.935 | :01000001 | INFO  | [WORKER 1] destroy service [bootstrap] 
2022-04-01 15:03:01.937 | 20884     | INFO  | WORKER-6 STOP
2022-04-01 15:03:01.937 | 20852     | INFO  | WORKER-5 STOP
2022-04-01 15:03:01.937 | 14888     | INFO  | WORKER-4 STOP
2022-04-01 15:03:01.937 | 24084     | INFO  | WORKER-3 STOP
2022-04-01 15:03:01.937 | 24716     | INFO  | WORKER-2 STOP
2022-04-01 15:03:01.937 | 4240      | INFO  | WORKER-1 STOP
2022-04-01 15:03:01.937 | 15408     | INFO  | STOP
