2022-04-01 15:34:45.844 | 20940     | INFO  | INIT with 6 workers.
2022-04-01 15:34:45.845 | 20940     | INFO  | WORKER-1 RUN
2022-04-01 15:34:45.846 | 20940     | INFO  | WORKER-2 RUN
2022-04-01 15:34:45.846 | 23320     | INFO  | WORKER-1 START
2022-04-01 15:34:45.846 | 20940     | INFO  | WORKER-3 RUN
2022-04-01 15:34:45.846 | 24876     | INFO  | WORKER-2 START
2022-04-01 15:34:45.846 | 20940     | INFO  | WORKER-4 RUN
2022-04-01 15:34:45.847 | 19464     | INFO  | WORKER-3 START
2022-04-01 15:34:45.847 | 20940     | INFO  | WORKER-5 RUN
2022-04-01 15:34:45.847 | 13536     | INFO  | WORKER-4 START
2022-04-01 15:34:45.847 | 20940     | INFO  | WORKER-6 RUN
2022-04-01 15:34:45.847 | 17392     | INFO  | WORKER-5 START
2022-04-01 15:34:45.848 | 23320     | INFO  |  new_service 16777217
2022-04-01 15:34:45.848 | 25992     | INFO  | WORKER-6 START
2022-04-01 15:34:45.850 | 20940     | INFO  | server::run() state = 2
2022-04-01 15:34:45.856 | 23320     | WARN  | @@@  package.path='G:/ddd/moon_example/server_moon/lualib/?.lua;'..package.path
 (lua_service.cpp:107)
2022-04-01 15:34:45.862 | :01000001 | INFO  | start server	(main.lua:14)
2022-04-01 15:34:45.862 | :01000001 | INFO  | package.path='G:/ddd/moon_example/server_moon/lualib/?.lua;'..package.path
	(main.lua:18)
2022-04-01 15:34:45.862 | :01000001 | INFO  | ./lualib/?.lua;./wmlualib/?.lua;	(main.lua:26)
2022-04-01 15:34:45.863 | 23320     | ERROR | lua_service::init error:
run main.lua:31: module 'server_config' not found:
	no field package.preload['server_config']
	no file './lualib/server_config.lua'
	no file './wmlualib/server_config.lua'
	no file ''
	no file ''
	no file 'G:\ddd\moon_example\server_moon\server_config.dll'
	no file 'G:\ddd\moon_example\server_moon\..\lib\lua\5.4\server_config.dll'
	no file 'G:\ddd\moon_example\server_moon\loadall.dll'
	no file '.\server_config.dll'
stack traceback:
	[C]: in function 'require',	 params:
	main.lua:31: in main chunk,	 params: moon = table: 00000177EBAEDF30; p = package.path='G:/ddd/moon_example/server_moon/lualib/?.lua;'..package.path
; path = ./lualib/?.lua;./wmlualib/?.lua;;(lua_service.cpp:111). (lua_service.cpp:126)
2022-04-01 15:34:45.863 | :01000001 | INFO  | [WORKER 1] destroy service [bootstrap] 
2022-04-01 15:34:45.864 | 25992     | INFO  | WORKER-6 STOP
2022-04-01 15:34:45.864 | 17392     | INFO  | WORKER-5 STOP
2022-04-01 15:34:45.864 | 13536     | INFO  | WORKER-4 STOP
2022-04-01 15:34:45.864 | 19464     | INFO  | WORKER-3 STOP
2022-04-01 15:34:45.864 | 24876     | INFO  | WORKER-2 STOP
2022-04-01 15:34:45.864 | 23320     | INFO  | WORKER-1 STOP
2022-04-01 15:34:45.865 | 20940     | INFO  | STOP
