2022-04-01 14:42:51.007 | 11480     | INFO  | INIT with 6 workers.
2022-04-01 14:42:51.008 | 11480     | INFO  | WORKER-1 RUN
2022-04-01 14:42:51.009 | 11480     | INFO  | WORKER-2 RUN
2022-04-01 14:42:51.010 | 19760     | INFO  | WORKER-1 START
2022-04-01 14:42:51.010 | 11480     | INFO  | WORKER-3 RUN
2022-04-01 14:42:51.010 | 18524     | INFO  | WORKER-2 START
2022-04-01 14:42:51.010 | 11480     | INFO  | WORKER-4 RUN
2022-04-01 14:42:51.011 | 21228     | INFO  | WORKER-3 START
2022-04-01 14:42:51.011 | 11480     | INFO  | WORKER-5 RUN
2022-04-01 14:42:51.011 | 21680     | INFO  | WORKER-4 START
2022-04-01 14:42:51.011 | 11480     | INFO  | WORKER-6 RUN
2022-04-01 14:42:51.012 | 23136     | INFO  | WORKER-5 START
2022-04-01 14:42:51.012 | 19760     | INFO  |  new_service 16777217
2022-04-01 14:42:51.012 | 24760     | INFO  | WORKER-6 START
2022-04-01 14:42:51.012 | 11480     | INFO  | server::run() state = 2
2022-04-01 14:42:51.022 | :01000001 | INFO  | start server	(main.lua:14)
2022-04-01 14:42:51.022 | :01000001 | INFO  | G:/ddd/moon_example/server_moon/lualib/?.lua;G:\ddd\moon_example\server_moon\lua\?.lua;G:\ddd\moon_example\server_moon\lua\?\init.lua;G:\ddd\moon_example\server_moon\?.lua;G:\ddd\moon_example\server_moon\?\init.lua;G:\ddd\moon_example\server_moon\..\share\lua\5.4\?.lua;G:\ddd\moon_example\server_moon\..\share\lua\5.4\?\init.lua;.\?.lua;.\?\init.lua	(main.lua:16)
2022-04-01 14:42:51.022 | :01000001 | INFO  | package.path='wmlualib/?.lua;G:/ddd/moon_example/server_moon/lualib/?.lua;G:\ddd\moon_example\server_moon\lua\?.lua;G:\ddd\moon_example\server_moon\lua\?\init.lua;G:\ddd\moon_example\server_moon\?.lua;G:\ddd\moon_example\server_moon\?\init.lua;G:\ddd\moon_example\server_moon\..\share\lua\5.4\?.lua;G:\ddd\moon_example\server_moon\..\share\lua\5.4\?\init.lua;.\?.lua;.\?\init.lua'	(main.lua:26)
2022-04-01 14:42:51.023 | :01000001 | INFO  | [WORKER 1] new service [bootstrap]
2022-04-01 14:42:51.023 | 19760     | INFO  |  new_service 16777218
2022-04-01 14:42:51.024 | 19760     | ERROR | lua_service::init error:
initialize [string "package.path='wmlualib/?.lua;G:/ddd/moon_exam..."]:1: invalid escape sequence near ''wmlualib/?.lua;G:/ddd/moon_example/server_moon/lualib/?.lua;G:\d'(lua_service.cpp:106). (lua_service.cpp:124)
2022-04-01 14:42:51.024 | :01000002 | INFO  | [WORKER 1] destroy service [gate1] 
2022-04-01 14:42:51.024 | 18524     | INFO  |  new_service 33554433
2022-04-01 14:42:51.024 | 18524     | ERROR | lua_service::init error:
initialize [string "package.path='wmlualib/?.lua;G:/ddd/moon_exam..."]:1: invalid escape sequence near ''wmlualib/?.lua;G:/ddd/moon_example/server_moon/lualib/?.lua;G:\d'(lua_service.cpp:106). (lua_service.cpp:124)
2022-04-01 14:42:51.024 | :02000001 | INFO  | [WORKER 2] destroy service [gate2] 
2022-04-01 14:42:51.024 | 21228     | INFO  |  new_service 50331649
2022-04-01 14:42:51.024 | 21228     | ERROR | lua_service::init error:
initialize [string "package.path='wmlualib/?.lua;G:/ddd/moon_exam..."]:1: invalid escape sequence near ''wmlualib/?.lua;G:/ddd/moon_example/server_moon/lualib/?.lua;G:\d'(lua_service.cpp:106). (lua_service.cpp:124)
2022-04-01 14:42:51.024 | :03000001 | INFO  | [WORKER 3] destroy service [gate3] 
2022-04-01 14:42:51.024 | 18524     | INFO  |  new_service 33554434
2022-04-01 14:42:51.025 | 18524     | ERROR | lua_service::init error:
initialize [string "package.path='wmlualib/?.lua;G:/ddd/moon_exam..."]:1: invalid escape sequence near ''wmlualib/?.lua;G:/ddd/moon_example/server_moon/lualib/?.lua;G:\d'(lua_service.cpp:106). (lua_service.cpp:124)
2022-04-01 14:42:51.025 | :02000002 | INFO  | [WORKER 2] destroy service [ingate1] 
2022-04-01 14:42:51.025 | 18524     | INFO  |  new_service 33554435
2022-04-01 14:42:51.025 | 18524     | ERROR | lua_service::init error:
initialize [string "package.path='wmlualib/?.lua;G:/ddd/moon_exam..."]:1: invalid escape sequence near ''wmlualib/?.lua;G:/ddd/moon_example/server_moon/lualib/?.lua;G:\d'(lua_service.cpp:106). (lua_service.cpp:124)
2022-04-01 14:42:51.025 | :02000003 | INFO  | [WORKER 2] destroy service [ingate2] 
2022-04-01 14:46:24.707 | 11480     | WARN  | Received signal code 100 (server.cpp:62)
2022-04-01 14:46:24.707 | :01000001 | INFO  | ####### remove_service	(G:/ddd/moon_example/server_moon/lualib/moon.lua:213)
2022-04-01 14:46:24.707 | :01000001 | INFO  | [WORKER 1] destroy service [bootstrap] 
2022-04-01 14:46:24.709 | 24760     | INFO  | WORKER-6 STOP
2022-04-01 14:46:24.709 | 23136     | INFO  | WORKER-5 STOP
2022-04-01 14:46:24.709 | 21680     | INFO  | WORKER-4 STOP
2022-04-01 14:46:24.709 | 21228     | INFO  | WORKER-3 STOP
2022-04-01 14:46:24.709 | 18524     | INFO  | WORKER-2 STOP
2022-04-01 14:46:24.709 | 19760     | INFO  | WORKER-1 STOP
2022-04-01 14:46:24.709 | 11480     | INFO  | STOP
