2022-04-01 14:35:03.395 | 20728     | INFO  | INIT with 6 workers.
2022-04-01 14:35:03.395 | 20728     | INFO  | WORKER-1 RUN
2022-04-01 14:35:03.397 | 20728     | INFO  | WORKER-2 RUN
2022-04-01 14:35:03.397 | 26224     | INFO  | WORKER-1 START
2022-04-01 14:35:03.398 | 20728     | INFO  | WORKER-3 RUN
2022-04-01 14:35:03.398 | 25636     | INFO  | WORKER-2 START
2022-04-01 14:35:03.398 | 20728     | INFO  | WORKER-4 RUN
2022-04-01 14:35:03.398 | 9072      | INFO  | WORKER-3 START
2022-04-01 14:35:03.398 | 20728     | INFO  | WORKER-5 RUN
2022-04-01 14:35:03.399 | 15584     | INFO  | WORKER-4 START
2022-04-01 14:35:03.399 | 20728     | INFO  | WORKER-6 RUN
2022-04-01 14:35:03.399 | 25196     | INFO  | WORKER-5 START
2022-04-01 14:35:03.399 | 26224     | INFO  |  new_service 16777217
2022-04-01 14:35:03.400 | 26452     | INFO  | WORKER-6 START
2022-04-01 14:35:03.400 | 20728     | INFO  | server::run() state = 2
2022-04-01 14:35:03.411 | :01000001 | INFO  | start server	(main.lua:14)
2022-04-01 14:35:03.411 | :01000001 | INFO  | G:/ddd/moon_example/server_moon/lualib/?.lua;G:\ddd\moon_example\server_moon\lua\?.lua;G:\ddd\moon_example\server_moon\lua\?\init.lua;G:\ddd\moon_example\server_moon\?.lua;G:\ddd\moon_example\server_moon\?\init.lua;G:\ddd\moon_example\server_moon\..\share\lua\5.4\?.lua;G:\ddd\moon_example\server_moon\..\share\lua\5.4\?\init.lua;.\?.lua;.\?\init.luawmlualib/?.lua;	(main.lua:23)
2022-04-01 14:35:03.412 | :01000001 | INFO  | [WORKER 1] new service [bootstrap]
2022-04-01 14:35:03.412 | 26224     | INFO  |  new_service 16777218
2022-04-01 14:35:03.413 | 26224     | ERROR | lua_service::init error:
initialize [string "package.path='G:/ddd/moon_example/server_moon..."]:1: invalid escape sequence near ''G:/ddd/moon_example/server_moon/lualib/?.lua;G:\d'(lua_service.cpp:106). (lua_service.cpp:124)
2022-04-01 14:35:03.413 | :01000002 | INFO  | [WORKER 1] destroy service [gate1] 
2022-04-01 14:35:03.413 | 25636     | INFO  |  new_service 33554433
2022-04-01 14:35:03.413 | 25636     | ERROR | lua_service::init error:
initialize [string "package.path='G:/ddd/moon_example/server_moon..."]:1: invalid escape sequence near ''G:/ddd/moon_example/server_moon/lualib/?.lua;G:\d'(lua_service.cpp:106). (lua_service.cpp:124)
2022-04-01 14:35:03.413 | :02000001 | INFO  | [WORKER 2] destroy service [gate2] 
2022-04-01 14:35:03.413 | 9072      | INFO  |  new_service 50331649
2022-04-01 14:35:03.414 | 9072      | ERROR | lua_service::init error:
initialize [string "package.path='G:/ddd/moon_example/server_moon..."]:1: invalid escape sequence near ''G:/ddd/moon_example/server_moon/lualib/?.lua;G:\d'(lua_service.cpp:106). (lua_service.cpp:124)
2022-04-01 14:35:03.414 | :03000001 | INFO  | [WORKER 3] destroy service [gate3] 
2022-04-01 14:35:03.414 | 25636     | INFO  |  new_service 33554434
2022-04-01 14:35:03.414 | 25636     | ERROR | lua_service::init error:
initialize [string "package.path='G:/ddd/moon_example/server_moon..."]:1: invalid escape sequence near ''G:/ddd/moon_example/server_moon/lualib/?.lua;G:\d'(lua_service.cpp:106). (lua_service.cpp:124)
2022-04-01 14:35:03.414 | :02000002 | INFO  | [WORKER 2] destroy service [ingate1] 
2022-04-01 14:35:03.414 | 25636     | INFO  |  new_service 33554435
2022-04-01 14:35:03.415 | 25636     | ERROR | lua_service::init error:
initialize [string "package.path='G:/ddd/moon_example/server_moon..."]:1: invalid escape sequence near ''G:/ddd/moon_example/server_moon/lualib/?.lua;G:\d'(lua_service.cpp:106). (lua_service.cpp:124)
2022-04-01 14:35:03.415 | :02000003 | INFO  | [WORKER 2] destroy service [ingate2] 
2022-04-01 14:36:10.385 | 20728     | WARN  | Received signal code 100 (server.cpp:62)
2022-04-01 14:36:10.385 | :01000001 | INFO  | ####### remove_service	(G:/ddd/moon_example/server_moon/lualib/moon.lua:213)
2022-04-01 14:36:10.385 | :01000001 | INFO  | [WORKER 1] destroy service [bootstrap] 
2022-04-01 14:36:10.387 | 26452     | INFO  | WORKER-6 STOP
2022-04-01 14:36:10.387 | 25196     | INFO  | WORKER-5 STOP
2022-04-01 14:36:10.388 | 15584     | INFO  | WORKER-4 STOP
2022-04-01 14:36:10.388 | 9072      | INFO  | WORKER-3 STOP
2022-04-01 14:36:10.388 | 25636     | INFO  | WORKER-2 STOP
2022-04-01 14:36:10.388 | 26224     | INFO  | WORKER-1 STOP
2022-04-01 14:36:10.388 | 20728     | INFO  | STOP
