2022-04-19 15:44:05.673 | 16988     | INFO  | INIT with 6 workers.
2022-04-19 15:44:05.673 | 16988     | INFO  | WORKER-1 RUN
2022-04-19 15:44:05.674 | 16988     | INFO  | WORKER-2 RUN
2022-04-19 15:44:05.674 | 4712      | INFO  | WORKER-1 START
2022-04-19 15:44:05.675 | 16988     | INFO  | WORKER-3 RUN
2022-04-19 15:44:05.675 | 1564      | INFO  | WORKER-2 START
2022-04-19 15:44:05.675 | 16988     | INFO  | WORKER-4 RUN
2022-04-19 15:44:05.675 | 19692     | INFO  | WORKER-3 START
2022-04-19 15:44:05.675 | 16988     | INFO  | WORKER-5 RUN
2022-04-19 15:44:05.675 | 18060     | INFO  | WORKER-4 START
2022-04-19 15:44:05.676 | 16988     | INFO  | WORKER-6 RUN
2022-04-19 15:44:05.676 | 11124     | INFO  | WORKER-5 START
2022-04-19 15:44:05.676 | 4712      | INFO  |  new_service 16777217
2022-04-19 15:44:05.676 | 16612     | INFO  | WORKER-6 START
2022-04-19 15:44:05.676 | 16988     | INFO  | server::run() state = 2
2022-04-19 15:44:05.685 | :01000001 | INFO  | start server	(main.lua:13)
2022-04-19 15:44:05.685 | 4712      | ERROR | lua_service::init error:
run main.lua:28: attempt to index a nil value (global 'msend')
stack traceback:
	main.lua:28: in main chunk,	 params: moon = table: 000001D44C06C590; path = ./lualib/?.lua;./wmlualib/?.lua; oldpackpath = G:/ddd/moon_example/server_moon/lualib/?.lua;G:\ddd\moon_example\server_moon\lua\?.lua;G:\ddd\moon_example\server_moon\lua\?\init.lua;G:\ddd\moon_example\server_moon\?.lua;G:\ddd\moon_example\server_moon\?\init.lua;G:\ddd\moon_example\server_moon\..\share\lua\5.4\?.lua;G:\ddd\moon_example\server_moon\..\share\lua\5.4\?\init.lua;.\?.lua;.\?\init.lua;(lua_service.cpp:109). (lua_service.cpp:124)
2022-04-19 15:44:05.685 | :01000001 | INFO  | [WORKER 1] destroy service [bootstrap] 
2022-04-19 15:44:05.687 | 16612     | INFO  | WORKER-6 STOP
2022-04-19 15:44:05.687 | 11124     | INFO  | WORKER-5 STOP
2022-04-19 15:44:05.687 | 18060     | INFO  | WORKER-4 STOP
2022-04-19 15:44:05.687 | 19692     | INFO  | WORKER-3 STOP
2022-04-19 15:44:05.688 | 1564      | INFO  | WORKER-2 STOP
2022-04-19 15:44:05.688 | 4712      | INFO  | WORKER-1 STOP
2022-04-19 15:44:05.688 | 16988     | INFO  | STOP
