2022-04-01 14:37:21.632 | 25740     | INFO  | INIT with 6 workers.
2022-04-01 14:37:21.632 | 25740     | INFO  | WORKER-1 RUN
2022-04-01 14:37:21.634 | 25740     | INFO  | WORKER-2 RUN
2022-04-01 14:37:21.634 | 12348     | INFO  | WORKER-1 START
2022-04-01 14:37:21.634 | 25740     | INFO  | WORKER-3 RUN
2022-04-01 14:37:21.635 | 21220     | INFO  | WORKER-2 START
2022-04-01 14:37:21.635 | 25740     | INFO  | WORKER-4 RUN
2022-04-01 14:37:21.635 | 15936     | INFO  | WORKER-3 START
2022-04-01 14:37:21.635 | 25740     | INFO  | WORKER-5 RUN
2022-04-01 14:37:21.635 | 25740     | INFO  | WORKER-6 RUN
2022-04-01 14:37:21.635 | 20704     | INFO  | WORKER-4 START
2022-04-01 14:37:21.636 | 18924     | INFO  | WORKER-5 START
2022-04-01 14:37:21.636 | 12348     | INFO  |  new_service 16777217
2022-04-01 14:37:21.636 | 12412     | INFO  | WORKER-6 START
2022-04-01 14:37:21.636 | 25740     | INFO  | server::run() state = 2
2022-04-01 14:37:21.646 | :01000001 | INFO  | start server	(main.lua:14)
2022-04-01 14:37:21.646 | :01000001 | INFO  | G:/ddd/moon_example/server_moon/lualib/?.lua;G:\ddd\moon_example\server_moon\lua\?.lua;G:\ddd\moon_example\server_moon\lua\?\init.lua;G:\ddd\moon_example\server_moon\?.lua;G:\ddd\moon_example\server_moon\?\init.lua;G:\ddd\moon_example\server_moon\..\share\lua\5.4\?.lua;G:\ddd\moon_example\server_moon\..\share\lua\5.4\?\init.lua;.\?.lua;.\?\init.lua	(main.lua:16)
2022-04-01 14:37:21.646 | :01000001 | INFO  | package.path='wmlualib/?.lua;;' .. package.path	(main.lua:27)
2022-04-01 14:37:21.646 | :01000001 | INFO  | wmlualib/?.lua;	(main.lua:28)
2022-04-01 14:37:21.647 | 12348     | ERROR | lua_service::init error:
run main.lua:30: module 'server_config' not found:
	no field package.preload['server_config']
	no file 'wmlualib/server_config.lua'
	no file ''
	no file 'G:\ddd\moon_example\server_moon\server_config.dll'
	no file 'G:\ddd\moon_example\server_moon\..\lib\lua\5.4\server_config.dll'
	no file 'G:\ddd\moon_example\server_moon\loadall.dll'
	no file '.\server_config.dll'
stack traceback:
	[C]: in function 'require'
	main.lua:30: in main chunk(lua_service.cpp:109). (lua_service.cpp:124)
2022-04-01 14:37:21.647 | :01000001 | INFO  | [WORKER 1] destroy service [bootstrap] 
2022-04-01 14:37:21.647 | 12412     | INFO  | WORKER-6 STOP
2022-04-01 14:37:21.647 | 18924     | INFO  | WORKER-5 STOP
2022-04-01 14:37:21.648 | 20704     | INFO  | WORKER-4 STOP
2022-04-01 14:37:21.648 | 15936     | INFO  | WORKER-3 STOP
2022-04-01 14:37:21.648 | 21220     | INFO  | WORKER-2 STOP
2022-04-01 14:37:21.648 | 12348     | INFO  | WORKER-1 STOP
2022-04-01 14:37:21.648 | 25740     | INFO  | STOP
