2022-04-01 15:43:16.132 | 19560     | INFO  | INIT with 6 workers.
2022-04-01 15:43:16.132 | 19560     | INFO  | WORKER-1 RUN
2022-04-01 15:43:16.133 | 19560     | INFO  | WORKER-2 RUN
2022-04-01 15:43:16.134 | 19560     | INFO  | WORKER-3 RUN
2022-04-01 15:43:16.134 | 16152     | INFO  | WORKER-1 START
2022-04-01 15:43:16.134 | 22344     | INFO  | WORKER-2 START
2022-04-01 15:43:16.134 | 19560     | INFO  | WORKER-4 RUN
2022-04-01 15:43:16.134 | 26396     | INFO  | WORKER-3 START
2022-04-01 15:43:16.134 | 19560     | INFO  | WORKER-5 RUN
2022-04-01 15:43:16.134 | 13776     | INFO  | WORKER-4 START
2022-04-01 15:43:16.135 | 19560     | INFO  | WORKER-6 RUN
2022-04-01 15:43:16.135 | 14228     | INFO  | WORKER-5 START
2022-04-01 15:43:16.135 | 16152     | INFO  |  new_service 16777217
2022-04-01 15:43:16.135 | 25320     | INFO  | WORKER-6 START
2022-04-01 15:43:16.136 | 19560     | INFO  | server::run() state = 2
2022-04-01 15:43:16.142 | 16152     | WARN  | @@@  package.path='G:/ddd/moon_example/server_moon/lualib/?.lua;'..package.path
 (lua_service.cpp:107)
2022-04-01 15:43:16.147 | :01000001 | INFO  | start server	(main.lua:14)
2022-04-01 15:43:16.147 | :01000001 | INFO  | package.path='G:/ddd/moon_example/server_moon/lualib/?.lua;'..package.path
	(main.lua:18)
2022-04-01 15:43:16.148 | :01000001 | INFO  | [WORKER 1] new service [bootstrap]
2022-04-01 15:43:16.148 | 16152     | INFO  |  new_service 16777218
2022-04-01 15:43:16.149 | 16152     | WARN  | @@@  package.path='G:/ddd/moon_example/server_moon/lualib/?.lua;G:\ddd\moon_example\server_moon\lua\?.lua;G:\ddd\moon_example\server_moon\lua\?\init.lua;G:\ddd\moon_example\server_moon\?.lua;G:\ddd\moon_example\server_moon\?\init.lua;G:\ddd\moon_example\server_moon\..\share\lua\5.4\?.lua;G:\ddd\moon_example\server_moon\..\share\lua\5.4\?\init.lua;.\?.lua;.\?\init.lua;./lualib/?.lua;./wmlualib/?.lua'
return {base_name='gate',file='service_gate.lua',base_port=20520,num=3,name='gate1',unique=true,threadid=1,port=20520,host='0.0.0.0',} (lua_service.cpp:107)
2022-04-01 15:43:16.150 | 16152     | ERROR | lua_service::init error:
initialize [string "package.path='G:/ddd/moon_example/server_moon..."]:1: invalid escape sequence near ''G:/ddd/moon_example/server_moon/lualib/?.lua;G:\d'(lua_service.cpp:108). (lua_service.cpp:126)
2022-04-01 15:43:16.150 | :01000002 | INFO  | [WORKER 1] destroy service [gate1] 
2022-04-01 15:43:16.150 | 22344     | INFO  |  new_service 33554433
2022-04-01 15:43:16.151 | 22344     | WARN  | @@@  package.path='G:/ddd/moon_example/server_moon/lualib/?.lua;G:\ddd\moon_example\server_moon\lua\?.lua;G:\ddd\moon_example\server_moon\lua\?\init.lua;G:\ddd\moon_example\server_moon\?.lua;G:\ddd\moon_example\server_moon\?\init.lua;G:\ddd\moon_example\server_moon\..\share\lua\5.4\?.lua;G:\ddd\moon_example\server_moon\..\share\lua\5.4\?\init.lua;.\?.lua;.\?\init.lua;./lualib/?.lua;./wmlualib/?.lua'
return {base_name='gate',file='service_gate.lua',base_port=20520,num=3,name='gate2',unique=true,threadid=2,port=20521,host='0.0.0.0',} (lua_service.cpp:107)
2022-04-01 15:43:16.151 | 22344     | ERROR | lua_service::init error:
initialize [string "package.path='G:/ddd/moon_example/server_moon..."]:1: invalid escape sequence near ''G:/ddd/moon_example/server_moon/lualib/?.lua;G:\d'(lua_service.cpp:108). (lua_service.cpp:126)
2022-04-01 15:43:16.151 | :02000001 | INFO  | [WORKER 2] destroy service [gate2] 
2022-04-01 15:43:16.151 | 26396     | INFO  |  new_service 50331649
2022-04-01 15:43:16.151 | 26396     | WARN  | @@@  package.path='G:/ddd/moon_example/server_moon/lualib/?.lua;G:\ddd\moon_example\server_moon\lua\?.lua;G:\ddd\moon_example\server_moon\lua\?\init.lua;G:\ddd\moon_example\server_moon\?.lua;G:\ddd\moon_example\server_moon\?\init.lua;G:\ddd\moon_example\server_moon\..\share\lua\5.4\?.lua;G:\ddd\moon_example\server_moon\..\share\lua\5.4\?\init.lua;.\?.lua;.\?\init.lua;./lualib/?.lua;./wmlualib/?.lua'
return {base_name='gate',file='service_gate.lua',base_port=20520,num=3,name='gate3',unique=true,threadid=3,port=20522,host='0.0.0.0',} (lua_service.cpp:107)
2022-04-01 15:43:16.152 | 26396     | ERROR | lua_service::init error:
initialize [string "package.path='G:/ddd/moon_example/server_moon..."]:1: invalid escape sequence near ''G:/ddd/moon_example/server_moon/lualib/?.lua;G:\d'(lua_service.cpp:108). (lua_service.cpp:126)
2022-04-01 15:43:16.152 | :03000001 | INFO  | [WORKER 3] destroy service [gate3] 
2022-04-01 15:43:16.152 | 22344     | INFO  |  new_service 33554434
2022-04-01 15:43:16.153 | 22344     | WARN  | @@@  package.path='G:/ddd/moon_example/server_moon/lualib/?.lua;G:\ddd\moon_example\server_moon\lua\?.lua;G:\ddd\moon_example\server_moon\lua\?\init.lua;G:\ddd\moon_example\server_moon\?.lua;G:\ddd\moon_example\server_moon\?\init.lua;G:\ddd\moon_example\server_moon\..\share\lua\5.4\?.lua;G:\ddd\moon_example\server_moon\..\share\lua\5.4\?\init.lua;.\?.lua;.\?\init.lua;./lualib/?.lua;./wmlualib/?.lua'
return {base_name='ingate',name='ingate1',file='service_ingate.lua',unique=true,base_port=20620,port=20620,num=2,host='127.0.0.1',} (lua_service.cpp:107)
2022-04-01 15:43:16.153 | 22344     | ERROR | lua_service::init error:
initialize [string "package.path='G:/ddd/moon_example/server_moon..."]:1: invalid escape sequence near ''G:/ddd/moon_example/server_moon/lualib/?.lua;G:\d'(lua_service.cpp:108). (lua_service.cpp:126)
2022-04-01 15:43:16.153 | :02000002 | INFO  | [WORKER 2] destroy service [ingate1] 
2022-04-01 15:43:16.154 | 22344     | INFO  |  new_service 33554435
2022-04-01 15:43:16.154 | 22344     | WARN  | @@@  package.path='G:/ddd/moon_example/server_moon/lualib/?.lua;G:\ddd\moon_example\server_moon\lua\?.lua;G:\ddd\moon_example\server_moon\lua\?\init.lua;G:\ddd\moon_example\server_moon\?.lua;G:\ddd\moon_example\server_moon\?\init.lua;G:\ddd\moon_example\server_moon\..\share\lua\5.4\?.lua;G:\ddd\moon_example\server_moon\..\share\lua\5.4\?\init.lua;.\?.lua;.\?\init.lua;./lualib/?.lua;./wmlualib/?.lua'
return {base_name='ingate',name='ingate2',file='service_ingate.lua',unique=true,base_port=20620,port=20621,num=2,host='127.0.0.1',} (lua_service.cpp:107)
2022-04-01 15:43:16.154 | 22344     | ERROR | lua_service::init error:
initialize [string "package.path='G:/ddd/moon_example/server_moon..."]:1: invalid escape sequence near ''G:/ddd/moon_example/server_moon/lualib/?.lua;G:\d'(lua_service.cpp:108). (lua_service.cpp:126)
2022-04-01 15:43:16.154 | :02000003 | INFO  | [WORKER 2] destroy service [ingate2] 
2022-04-01 15:44:08.072 | 19560     | WARN  | Received signal code 100 (server.cpp:62)
2022-04-01 15:44:08.072 | :01000001 | INFO  | ####### remove_service	(G:/ddd/moon_example/server_moon/lualib/moon.lua:213)
2022-04-01 15:44:08.072 | :01000001 | INFO  | [WORKER 1] destroy service [bootstrap] 
2022-04-01 15:44:08.074 | 25320     | INFO  | WORKER-6 STOP
2022-04-01 15:44:08.074 | 14228     | INFO  | WORKER-5 STOP
2022-04-01 15:44:08.074 | 13776     | INFO  | WORKER-4 STOP
2022-04-01 15:44:08.074 | 26396     | INFO  | WORKER-3 STOP
2022-04-01 15:44:08.074 | 22344     | INFO  | WORKER-2 STOP
2022-04-01 15:44:08.074 | 16152     | INFO  | WORKER-1 STOP
2022-04-01 15:44:08.075 | 19560     | INFO  | STOP
