2022-04-01 15:20:16.651 | 16668     | INFO  | INIT with 16 workers.
2022-04-01 15:20:16.652 | 16668     | INFO  | WORKER-1 RUN
2022-04-01 15:20:16.652 | 16668     | INFO  | WORKER-2 RUN
2022-04-01 15:20:16.652 | 16972     | INFO  | WORKER-1 START
2022-04-01 15:20:16.652 | 16668     | INFO  | WORKER-3 RUN
2022-04-01 15:20:16.652 | 22468     | INFO  | WORKER-2 START
2022-04-01 15:20:16.653 | 16668     | INFO  | WORKER-4 RUN
2022-04-01 15:20:16.653 | 21220     | INFO  | WORKER-3 START
2022-04-01 15:20:16.653 | 16668     | INFO  | WORKER-5 RUN
2022-04-01 15:20:16.653 | 25400     | INFO  | WORKER-4 START
2022-04-01 15:20:16.653 | 16668     | INFO  | WORKER-6 RUN
2022-04-01 15:20:16.654 | 22072     | INFO  | WORKER-5 START
2022-04-01 15:20:16.654 | 16668     | INFO  | WORKER-7 RUN
2022-04-01 15:20:16.654 | 11956     | INFO  | WORKER-6 START
2022-04-01 15:20:16.654 | 16668     | INFO  | WORKER-8 RUN
2022-04-01 15:20:16.654 | 20756     | INFO  | WORKER-7 START
2022-04-01 15:20:16.654 | 16668     | INFO  | WORKER-9 RUN
2022-04-01 15:20:16.654 | 24016     | INFO  | WORKER-8 START
2022-04-01 15:20:16.654 | 16668     | INFO  | WORKER-10 RUN
2022-04-01 15:20:16.655 | 23352     | INFO  | WORKER-9 START
2022-04-01 15:20:16.655 | 16668     | INFO  | WORKER-11 RUN
2022-04-01 15:20:16.655 | 15208     | INFO  | WORKER-10 START
2022-04-01 15:20:16.655 | 16668     | INFO  | WORKER-12 RUN
2022-04-01 15:20:16.655 | 19928     | INFO  | WORKER-11 START
2022-04-01 15:20:16.655 | 16668     | INFO  | WORKER-13 RUN
2022-04-01 15:20:16.656 | 25436     | INFO  | WORKER-12 START
2022-04-01 15:20:16.656 | 16668     | INFO  | WORKER-14 RUN
2022-04-01 15:20:16.656 | 17464     | INFO  | WORKER-13 START
2022-04-01 15:20:16.656 | 16668     | INFO  | WORKER-15 RUN
2022-04-01 15:20:16.656 | 10904     | INFO  | WORKER-14 START
2022-04-01 15:20:16.656 | 16668     | INFO  | WORKER-16 RUN
2022-04-01 15:20:16.657 | 14468     | INFO  | WORKER-15 START
2022-04-01 15:20:16.657 | 11536     | INFO  | WORKER-16 START
2022-04-01 15:20:16.657 | 16972     | INFO  |  new_service 16777217
2022-04-01 15:20:16.658 | 16668     | INFO  | server::run() state = 2
2022-04-01 15:20:16.665 | 16972     | WARN  | @@@  package.path='G:/ddd/moon_example/server_moon/lualib/?.lua;'..package.path
 (lua_service.cpp:107)
2022-04-01 15:20:16.671 | :01000001 | INFO  | [WORKER 1] new service [bootstrap]
2022-04-01 15:20:16.671 | 16972     | INFO  |  new_service 16777218
2022-04-01 15:20:16.673 | 16972     | WARN  | @@@  package.path='../lualib/?.lua;../service/?.lua;start_by_config/?.lua;;'return {unique=true,threadid=1,file='start_by_config/test_moon.lua',name='test',} (lua_service.cpp:107)
2022-04-01 15:20:16.674 | :01000002 | INFO  | [WORKER 1] new service [test]
2022-04-01 15:20:16.674 | 22468     | INFO  |  new_service 33554433
2022-04-01 15:20:16.677 | 22468     | WARN  | @@@  package.path='../lualib/?.lua;../service/?.lua;start_by_config/?.lua;;'return {file='start_by_config/test_api.lua',name='test_api',} (lua_service.cpp:107)
2022-04-01 15:20:16.680 | :02000001 | INFO  | G:\ddd\moon_example\server_moon\example	(start_by_config/test_api.lua:29)
2022-04-01 15:20:16.681 | :02000001 | INFO  | now server time	(start_by_config/test_api.lua:51)
2022-04-01 15:36:56.681 | :02000001 | INFO  | after offset, now server time	(start_by_config/test_api.lua:53)
2022-04-01 15:36:56.681 | :02000001 | INFO  | *********************api test ok**********************	(start_by_config/test_api.lua:55)
2022-04-01 15:36:56.685 | :02000001 | INFO  | [WORKER 2] new service [test_api]
2022-04-01 15:36:56.884 | :02000001 | INFO  | 3	0	(start_by_config/test_api.lua:318)
2022-04-01 15:36:59.200 | :01000002 | INFO  | SUCCESS	test_api	(start_by_config/test_moon.lua:62)
2022-04-01 15:36:59.200 | :01000002 | INFO  | ####### remove_service	(../lualib/moon.lua:213)
2022-04-01 15:36:59.201 | :02000001 | INFO  | [WORKER 2] destroy service [test_api] 
2022-04-01 15:36:59.203 | 22468     | INFO  |  new_service 33554434
2022-04-01 15:36:59.204 | 22468     | WARN  | @@@  package.path='../lualib/?.lua;../service/?.lua;start_by_config/?.lua;;'return {ip='127.0.0.1',port='30001',type='listen',file='start_by_config/test_network.lua',name='test_network',} (lua_service.cpp:107)
2022-04-01 15:36:59.207 | 22468     | INFO  | #### start cost ts -468822458
2022-04-01 15:36:59.207 | 22468     | INFO  | #### cost ts  -468822458  0
2022-04-01 15:36:59.207 | :02000002 | INFO  | [WORKER 2] new service [test_network]
2022-04-01 15:36:59.208 | 22468     | INFO  | #### start cost ts -468822458
2022-04-01 15:36:59.208 | 22468     | INFO  | #### cost ts  -468822458  0
2022-04-01 15:36:59.209 | 22468     | INFO  | #### start cost ts -468822456
2022-04-01 15:36:59.209 | 22468     | INFO  | #### cost ts  -468822456  0
2022-04-01 15:36:59.210 | 22468     | INFO  | #### start cost ts -468822454
2022-04-01 15:36:59.210 | 22468     | INFO  | #### cost ts  -468822454  0
2022-04-01 15:36:59.212 | 22468     | INFO  | #### start cost ts -468822454
2022-04-01 15:36:59.212 | 22468     | INFO  | #### cost ts  -468822454  0
2022-04-01 15:36:59.214 | 22468     | INFO  | #### start cost ts -468822452
2022-04-01 15:36:59.214 | 22468     | INFO  | #### cost ts  -468822452  0
2022-04-01 15:36:59.215 | 22468     | INFO  | #### start cost ts -468822450
2022-04-01 15:36:59.215 | 22468     | INFO  | #### cost ts  -468822450  0
2022-04-01 15:36:59.216 | 22468     | INFO  | #### start cost ts -468822450
2022-04-01 15:36:59.216 | 22468     | INFO  | #### cost ts  -468822450  0
2022-04-01 15:36:59.217 | 22468     | INFO  | #### start cost ts -468822448
2022-04-01 15:36:59.217 | 22468     | INFO  | #### cost ts  -468822448  0
2022-04-01 15:36:59.218 | 22468     | INFO  | #### start cost ts -468822448
2022-04-01 15:36:59.218 | 22468     | INFO  | #### cost ts  -468822448  0
2022-04-01 15:36:59.219 | 22468     | INFO  | #### start cost ts -468822446
2022-04-01 15:36:59.219 | 22468     | INFO  | #### cost ts  -468822446  0
2022-04-01 15:36:59.220 | 22468     | INFO  | #### start cost ts -468822446
2022-04-01 15:36:59.220 | 22468     | INFO  | #### cost ts  -468822446  0
2022-04-01 15:36:59.221 | 22468     | INFO  | #### start cost ts -468822444
2022-04-01 15:36:59.221 | 22468     | INFO  | #### cost ts  -468822444  0
2022-04-01 15:36:59.222 | 22468     | INFO  | #### start cost ts -468822444
2022-04-01 15:36:59.222 | 22468     | INFO  | #### cost ts  -468822444  0
2022-04-01 15:36:59.223 | 22468     | INFO  | #### start cost ts -468822442
2022-04-01 15:36:59.223 | 22468     | INFO  | #### cost ts  -468822442  0
2022-04-01 15:36:59.224 | 22468     | INFO  | #### start cost ts -468822442
2022-04-01 15:36:59.224 | 22468     | INFO  | #### cost ts  -468822440  2
2022-04-01 15:36:59.225 | 22468     | INFO  | #### start cost ts -468822440
2022-04-01 15:36:59.226 | 22468     | INFO  | #### cost ts  -468822440  0
2022-04-01 15:36:59.227 | 22468     | INFO  | #### start cost ts -468822438
2022-04-01 15:36:59.227 | 22468     | INFO  | #### cost ts  -468822438  0
2022-04-01 15:36:59.228 | 22468     | INFO  | #### start cost ts -468822438
2022-04-01 15:36:59.228 | 22468     | INFO  | #### cost ts  -468822438  0
2022-04-01 15:36:59.229 | 22468     | INFO  | #### start cost ts -468822436
2022-04-01 15:36:59.229 | 22468     | INFO  | #### cost ts  -468822436  0
2022-04-01 15:36:59.230 | 22468     | INFO  | #### start cost ts -468822436
2022-04-01 15:36:59.230 | 22468     | INFO  | #### cost ts  -468822436  0
2022-04-01 15:36:59.231 | 22468     | INFO  | #### start cost ts -468822434
2022-04-01 15:36:59.231 | 22468     | INFO  | #### cost ts  -468822434  0
2022-04-01 15:36:59.232 | 22468     | INFO  | #### start cost ts -468822434
2022-04-01 15:36:59.232 | 22468     | INFO  | #### cost ts  -468822434  0
2022-04-01 15:36:59.233 | 22468     | INFO  | #### start cost ts -468822432
2022-04-01 15:36:59.233 | 22468     | INFO  | #### cost ts  -468822432  0
2022-04-01 15:36:59.234 | 22468     | INFO  | #### start cost ts -468822432
2022-04-01 15:36:59.234 | 22468     | INFO  | #### cost ts  -468822430  2
2022-04-01 15:36:59.235 | 22468     | INFO  | #### start cost ts -468822430
2022-04-01 15:36:59.235 | 22468     | INFO  | #### cost ts  -468822430  0
2022-04-01 15:36:59.236 | 22468     | INFO  | #### start cost ts -468822428
2022-04-01 15:36:59.237 | 22468     | INFO  | #### cost ts  -468822428  0
2022-04-01 15:36:59.238 | 22468     | INFO  | #### start cost ts -468822428
2022-04-01 15:36:59.238 | 22468     | INFO  | #### cost ts  -468822428  0
2022-04-01 15:36:59.239 | 22468     | INFO  | #### start cost ts -468822426
2022-04-01 15:36:59.239 | 22468     | INFO  | #### cost ts  -468822426  0
2022-04-01 15:36:59.240 | 22468     | INFO  | #### start cost ts -468822426
2022-04-01 15:36:59.240 | 22468     | INFO  | #### cost ts  -468822426  0
2022-04-01 15:36:59.241 | 22468     | INFO  | #### start cost ts -468822424
2022-04-01 15:36:59.241 | 22468     | INFO  | #### cost ts  -468822424  0
2022-04-01 15:36:59.243 | 22468     | INFO  | #### start cost ts -468822422
2022-04-01 15:36:59.243 | 22468     | INFO  | #### cost ts  -468822422  0
2022-04-01 15:36:59.244 | 22468     | INFO  | #### start cost ts -468822422
2022-04-01 15:36:59.244 | 22468     | INFO  | #### cost ts  -468822422  0
2022-04-01 15:36:59.245 | 22468     | INFO  | #### start cost ts -468822420
2022-04-01 15:36:59.246 | 22468     | INFO  | #### cost ts  -468822420  0
2022-04-01 15:36:59.247 | 22468     | INFO  | #### start cost ts -468822418
2022-04-01 15:36:59.247 | 22468     | INFO  | #### cost ts  -468822418  0
2022-04-01 15:36:59.248 | 22468     | INFO  | #### start cost ts -468822416
2022-04-01 15:36:59.248 | 22468     | INFO  | #### cost ts  -468822416  0
2022-04-01 15:36:59.249 | 22468     | INFO  | #### start cost ts -468822415
2022-04-01 15:36:59.250 | 22468     | INFO  | #### cost ts  -468822415  0
2022-04-01 15:36:59.251 | 22468     | INFO  | #### start cost ts -468822414
2022-04-01 15:36:59.251 | 22468     | INFO  | #### cost ts  -468822414  0
2022-04-01 15:36:59.252 | 22468     | INFO  | #### start cost ts -468822414
2022-04-01 15:36:59.252 | 22468     | INFO  | #### cost ts  -468822414  0
2022-04-01 15:36:59.253 | 22468     | INFO  | #### start cost ts -468822412
2022-04-01 15:36:59.253 | 22468     | INFO  | #### cost ts  -468822412  0
2022-04-01 15:36:59.254 | 22468     | INFO  | #### start cost ts -468822412
2022-04-01 15:36:59.254 | 22468     | INFO  | #### cost ts  -468822410  2
2022-04-01 15:36:59.256 | 22468     | INFO  | #### start cost ts -468822410
2022-04-01 15:36:59.256 | 22468     | INFO  | #### cost ts  -468822410  0
2022-04-01 15:36:59.257 | 22468     | INFO  | #### start cost ts -468822408
2022-04-01 15:36:59.257 | 22468     | INFO  | #### cost ts  -468822408  0
2022-04-01 15:36:59.258 | 22468     | INFO  | #### start cost ts -468822406
2022-04-01 15:36:59.258 | 22468     | INFO  | #### cost ts  -468822406  0
2022-04-01 15:36:59.260 | 22468     | INFO  | #### start cost ts -468822406
2022-04-01 15:36:59.260 | 22468     | INFO  | #### cost ts  -468822406  0
2022-04-01 15:36:59.261 | 22468     | INFO  | #### start cost ts -468822404
2022-04-01 15:36:59.261 | 22468     | INFO  | #### cost ts  -468822404  0
2022-04-01 15:36:59.262 | 22468     | INFO  | #### start cost ts -468822402
2022-04-01 15:36:59.262 | 22468     | INFO  | #### cost ts  -468822402  0
2022-04-01 15:36:59.264 | 22468     | INFO  | #### start cost ts -468822402
2022-04-01 15:36:59.264 | 22468     | INFO  | #### cost ts  -468822402  0
2022-04-01 15:36:59.265 | 22468     | INFO  | #### start cost ts -468822400
2022-04-01 15:36:59.265 | 22468     | INFO  | #### cost ts  -468822400  0
2022-04-01 15:36:59.266 | 22468     | INFO  | #### start cost ts -468822400
2022-04-01 15:36:59.266 | 22468     | INFO  | #### cost ts  -468822400  0
2022-04-01 15:36:59.267 | 22468     | INFO  | #### start cost ts -468822398
2022-04-01 15:36:59.267 | 22468     | INFO  | #### cost ts  -468822398  0
2022-04-01 15:36:59.268 | 22468     | INFO  | #### start cost ts -468822398
2022-04-01 15:36:59.268 | 22468     | INFO  | #### cost ts  -468822398  0
2022-04-01 15:36:59.269 | 22468     | INFO  | #### start cost ts -468822396
2022-04-01 15:36:59.269 | 22468     | INFO  | #### cost ts  -468822396  0
2022-04-01 15:36:59.270 | 22468     | INFO  | #### start cost ts -468822396
2022-04-01 15:36:59.270 | 22468     | INFO  | #### cost ts  -468822396  0
2022-04-01 15:36:59.271 | 22468     | INFO  | #### start cost ts -468822394
2022-04-01 15:36:59.271 | 22468     | INFO  | #### cost ts  -468822394  0
2022-04-01 15:36:59.272 | 22468     | INFO  | #### start cost ts -468822394
2022-04-01 15:36:59.272 | 22468     | INFO  | #### cost ts  -468822394  0
2022-04-01 15:36:59.273 | 22468     | INFO  | #### start cost ts -468822392
2022-04-01 15:36:59.273 | 22468     | INFO  | #### cost ts  -468822392  0
2022-04-01 15:36:59.274 | 22468     | INFO  | #### start cost ts -468822392
2022-04-01 15:36:59.274 | 22468     | INFO  | #### cost ts  -468822392  0
2022-04-01 15:36:59.276 | 22468     | INFO  | #### start cost ts -468822390
2022-04-01 15:36:59.276 | 22468     | INFO  | #### cost ts  -468822390  0
2022-04-01 15:36:59.277 | 22468     | INFO  | #### start cost ts -468822388
2022-04-01 15:36:59.277 | 22468     | INFO  | #### cost ts  -468822388  0
2022-04-01 15:36:59.278 | 22468     | INFO  | #### start cost ts -468822388
2022-04-01 15:36:59.278 | 22468     | INFO  | #### cost ts  -468822388  0
2022-04-01 15:36:59.279 | 22468     | INFO  | #### start cost ts -468822386
2022-04-01 15:36:59.279 | 22468     | INFO  | #### cost ts  -468822386  0
2022-04-01 15:36:59.281 | 22468     | INFO  | #### start cost ts -468822384
2022-04-01 15:36:59.281 | 22468     | INFO  | #### cost ts  -468822384  0
2022-04-01 15:36:59.282 | 22468     | INFO  | #### start cost ts -468822384
2022-04-01 15:36:59.282 | 22468     | INFO  | #### cost ts  -468822384  0
2022-04-01 15:36:59.283 | 22468     | INFO  | #### start cost ts -468822382
2022-04-01 15:36:59.283 | 22468     | INFO  | #### cost ts  -468822382  0
2022-04-01 15:36:59.284 | 22468     | INFO  | #### start cost ts -468822382
2022-04-01 15:36:59.284 | 22468     | INFO  | #### cost ts  -468822382  0
2022-04-01 15:36:59.285 | 22468     | INFO  | #### start cost ts -468822380
2022-04-01 15:36:59.286 | 22468     | INFO  | #### cost ts  -468822380  0
2022-04-01 15:36:59.287 | 22468     | INFO  | #### start cost ts -468822378
2022-04-01 15:36:59.287 | 22468     | INFO  | #### cost ts  -468822378  0
2022-04-01 15:36:59.289 | 22468     | INFO  | #### start cost ts -468822376
2022-04-01 15:36:59.289 | 22468     | INFO  | #### cost ts  -468822376  0
2022-04-01 15:36:59.290 | 22468     | INFO  | #### start cost ts -468822376
2022-04-01 15:36:59.290 | 22468     | INFO  | #### cost ts  -468822376  0
2022-04-01 15:36:59.291 | 22468     | INFO  | #### start cost ts -468822374
2022-04-01 15:36:59.291 | 22468     | INFO  | #### cost ts  -468822374  0
2022-04-01 15:36:59.292 | 22468     | INFO  | #### start cost ts -468822374
2022-04-01 15:36:59.292 | 22468     | INFO  | #### cost ts  -468822374  0
2022-04-01 15:36:59.293 | 22468     | INFO  | #### start cost ts -468822372
2022-04-01 15:36:59.293 | 22468     | INFO  | #### cost ts  -468822372  0
2022-04-01 15:36:59.294 | 22468     | INFO  | #### start cost ts -468822372
2022-04-01 15:36:59.294 | 22468     | INFO  | #### cost ts  -468822372  0
2022-04-01 15:36:59.295 | 22468     | INFO  | #### start cost ts -468822370
2022-04-01 15:36:59.295 | 22468     | INFO  | #### cost ts  -468822370  0
2022-04-01 15:36:59.297 | 22468     | INFO  | #### start cost ts -468822368
2022-04-01 15:36:59.297 | 22468     | INFO  | #### cost ts  -468822368  0
2022-04-01 15:36:59.298 | 22468     | INFO  | #### start cost ts -468822368
2022-04-01 15:36:59.298 | 22468     | INFO  | #### cost ts  -468822368  0
2022-04-01 15:36:59.299 | 22468     | INFO  | #### start cost ts -468822366
2022-04-01 15:36:59.299 | 22468     | INFO  | #### cost ts  -468822366  0
2022-04-01 15:36:59.300 | 22468     | INFO  | #### start cost ts -468822364
2022-04-01 15:36:59.300 | 22468     | INFO  | #### cost ts  -468822364  0
2022-04-01 15:36:59.302 | 22468     | INFO  | #### start cost ts -468822364
2022-04-01 15:36:59.302 | 22468     | INFO  | #### cost ts  -468822364  0
2022-04-01 15:36:59.303 | 22468     | INFO  | #### start cost ts -468822362
2022-04-01 15:36:59.303 | 22468     | INFO  | #### cost ts  -468822362  0
2022-04-01 15:36:59.305 | 22468     | INFO  | #### start cost ts -468822360
2022-04-01 15:36:59.305 | 22468     | INFO  | #### cost ts  -468822360  0
2022-04-01 15:36:59.306 | 22468     | INFO  | #### start cost ts -468822360
2022-04-01 15:36:59.306 | 22468     | INFO  | #### cost ts  -468822360  0
2022-04-01 15:36:59.307 | 22468     | INFO  | #### start cost ts -468822358
2022-04-01 15:36:59.307 | 22468     | INFO  | #### cost ts  -468822358  0
2022-04-01 15:36:59.308 | 22468     | INFO  | #### start cost ts -468822358
2022-04-01 15:36:59.308 | 22468     | INFO  | #### cost ts  -468822358  0
2022-04-01 15:36:59.309 | 22468     | INFO  | #### start cost ts -468822356
2022-04-01 15:36:59.309 | 22468     | INFO  | #### cost ts  -468822356  0
2022-04-01 15:36:59.310 | 22468     | INFO  | #### start cost ts -468822356
2022-04-01 15:36:59.310 | 22468     | INFO  | #### cost ts  -468822356  0
2022-04-01 15:36:59.311 | 22468     | INFO  | #### start cost ts -468822354
2022-04-01 15:36:59.311 | 22468     | INFO  | #### cost ts  -468822354  0
2022-04-01 15:36:59.312 | 22468     | INFO  | #### start cost ts -468822354
2022-04-01 15:36:59.312 | 22468     | INFO  | #### cost ts  -468822354  0
2022-04-01 15:36:59.313 | 22468     | INFO  | #### start cost ts -468822352
2022-04-01 15:36:59.313 | 22468     | INFO  | #### cost ts  -468822352  0
2022-04-01 15:36:59.315 | 22468     | INFO  | #### start cost ts -468822350
2022-04-01 15:36:59.315 | 22468     | INFO  | #### cost ts  -468822350  0
2022-04-01 15:36:59.316 | 22468     | INFO  | #### start cost ts -468822350
2022-04-01 15:36:59.316 | 22468     | INFO  | #### cost ts  -468822350  0
2022-04-01 15:36:59.317 | 22468     | INFO  | #### start cost ts -468822348
2022-04-01 15:36:59.317 | 22468     | INFO  | #### cost ts  -468822348  0
2022-04-01 15:36:59.318 | 22468     | INFO  | #### start cost ts -468822348
2022-04-01 15:36:59.318 | 22468     | INFO  | #### cost ts  -468822348  0
2022-04-01 15:36:59.319 | 22468     | INFO  | #### start cost ts -468822346
2022-04-01 15:36:59.319 | 22468     | INFO  | #### cost ts  -468822346  0
2022-04-01 15:36:59.322 | 22468     | INFO  | #### start cost ts -468822343
2022-04-01 15:36:59.322 | 22468     | INFO  | #### cost ts  -468822343  0
2022-04-01 15:36:59.323 | 22468     | INFO  | #### start cost ts -468822342
2022-04-01 15:36:59.323 | 22468     | INFO  | #### cost ts  -468822342  0
2022-04-01 15:36:59.323 | 22468     | INFO  | #### start cost ts -468822342
2022-04-01 15:36:59.324 | 22468     | INFO  | #### cost ts  -468822342  0
2022-04-01 15:36:59.325 | 22468     | INFO  | #### start cost ts -468822340
2022-04-01 15:36:59.325 | 22468     | INFO  | #### cost ts  -468822340  0
2022-04-01 15:36:59.326 | 22468     | INFO  | #### start cost ts -468822340
2022-04-01 15:36:59.326 | 22468     | INFO  | #### cost ts  -468822340  0
